  [1m[35m (602.0ms)[0m  [1m[35mCREATE DATABASE "api_development" ENCODING = 'unicode'[0m
  ↳ /Users/layalkashgari/.rvm/rubies/ruby-2.6.0/lib/ruby/gems/2.6.0/gems/rake-12.3.2/lib/rake/task.rb:273
  [1m[35m (355.0ms)[0m  [1m[35mCREATE DATABASE "api_test" ENCODING = 'unicode'[0m
  ↳ /Users/layalkashgari/.rvm/rubies/ruby-2.6.0/lib/ruby/gems/2.6.0/gems/rake-12.3.2/lib/rake/task.rb:273
  [1m[35m (31.8ms)[0m  [1m[35mCREATE TABLE "schema_migrations" ("version" character varying NOT NULL PRIMARY KEY)[0m
  ↳ /Users/layalkashgari/.rvm/rubies/ruby-2.6.0/lib/ruby/gems/2.6.0/gems/rake-12.3.2/lib/rake/task.rb:273
  [1m[35m (26.9ms)[0m  [1m[35mCREATE TABLE "ar_internal_metadata" ("key" character varying NOT NULL PRIMARY KEY, "value" character varying, "created_at" timestamp NOT NULL, "updated_at" timestamp NOT NULL)[0m
  ↳ /Users/layalkashgari/.rvm/rubies/ruby-2.6.0/lib/ruby/gems/2.6.0/gems/rake-12.3.2/lib/rake/task.rb:273
  [1m[35m (1.9ms)[0m  [1m[34mSELECT pg_try_advisory_lock(5878493172211724820)[0m
  ↳ /Users/layalkashgari/.rvm/rubies/ruby-2.6.0/lib/ruby/gems/2.6.0/gems/rake-12.3.2/lib/rake/task.rb:273
  [1m[35m (4.1ms)[0m  [1m[34mSELECT "schema_migrations"."version" FROM "schema_migrations" ORDER BY "schema_migrations"."version" ASC[0m
  ↳ /Users/layalkashgari/.rvm/rubies/ruby-2.6.0/lib/ruby/gems/2.6.0/gems/rake-12.3.2/lib/rake/task.rb:273
  [1m[36mActiveRecord::InternalMetadata Load (1.1ms)[0m  [1m[34mSELECT  "ar_internal_metadata".* FROM "ar_internal_metadata" WHERE "ar_internal_metadata"."key" = $1 LIMIT $2[0m  [["key", "environment"], ["LIMIT", 1]]
  ↳ /Users/layalkashgari/.rvm/rubies/ruby-2.6.0/lib/ruby/gems/2.6.0/gems/rake-12.3.2/lib/rake/task.rb:273
  [1m[35m (0.2ms)[0m  [1m[35mBEGIN[0m
  ↳ /Users/layalkashgari/.rvm/rubies/ruby-2.6.0/lib/ruby/gems/2.6.0/gems/rake-12.3.2/lib/rake/task.rb:273
  [1m[36mActiveRecord::InternalMetadata Create (0.6ms)[0m  [1m[32mINSERT INTO "ar_internal_metadata" ("key", "value", "created_at", "updated_at") VALUES ($1, $2, $3, $4) RETURNING "key"[0m  [["key", "environment"], ["value", "development"], ["created_at", "2019-01-23 15:15:10.745937"], ["updated_at", "2019-01-23 15:15:10.745937"]]
  ↳ /Users/layalkashgari/.rvm/rubies/ruby-2.6.0/lib/ruby/gems/2.6.0/gems/rake-12.3.2/lib/rake/task.rb:273
  [1m[35m (5.6ms)[0m  [1m[35mCOMMIT[0m
  ↳ /Users/layalkashgari/.rvm/rubies/ruby-2.6.0/lib/ruby/gems/2.6.0/gems/rake-12.3.2/lib/rake/task.rb:273
  [1m[35m (0.6ms)[0m  [1m[34mSELECT pg_advisory_unlock(5878493172211724820)[0m
  ↳ /Users/layalkashgari/.rvm/rubies/ruby-2.6.0/lib/ruby/gems/2.6.0/gems/rake-12.3.2/lib/rake/task.rb:273
  [1m[35m (0.3ms)[0m  [1m[34mSELECT "schema_migrations"."version" FROM "schema_migrations" ORDER BY "schema_migrations"."version" ASC[0m
  ↳ /Users/layalkashgari/.rvm/rubies/ruby-2.6.0/lib/ruby/gems/2.6.0/gems/rake-12.3.2/lib/rake/task.rb:273
  [1m[35m (0.8ms)[0m  [1m[34mSELECT "schema_migrations"."version" FROM "schema_migrations" ORDER BY "schema_migrations"."version" ASC[0m
  ↳ /Users/layalkashgari/.rvm/rubies/ruby-2.6.0/lib/ruby/gems/2.6.0/gems/rake-12.3.2/lib/rake/task.rb:273
Started GET "/" for 127.0.0.1 at 2019-01-23 18:16:48 +0300
Processing by Rails::WelcomeController#index as */*
  Parameters: {"pokemon"=>{"name"=>"Rosco", "type1"=>"Earth", "hitpoints"=>20000, "defense"=>300, "attack"=>266, "speed"=>150, "legendary"=>true}, "welcome"=>{"pokemon"=>{"name"=>"Rosco", "type1"=>"Earth", "hitpoints"=>20000, "defense"=>300, "attack"=>266, "speed"=>150, "legendary"=>true}}}
  Rendering /Users/layalkashgari/.rvm/gems/ruby-2.6.0/gems/railties-5.2.2/lib/rails/templates/rails/welcome/index.html.erb
  Rendered /Users/layalkashgari/.rvm/gems/ruby-2.6.0/gems/railties-5.2.2/lib/rails/templates/rails/welcome/index.html.erb (6.9ms)
Completed 200 OK in 27ms (Views: 18.6ms | ActiveRecord: 0.0ms)


Started GET "/" for 127.0.0.1 at 2019-01-23 18:17:03 +0300
Processing by Rails::WelcomeController#index as */*
  Parameters: {"pokemon"=>{"name"=>"Rosco", "type1"=>"Earth", "hitpoints"=>20000, "defense"=>300, "attack"=>266, "speed"=>150, "legendary"=>true}, "welcome"=>{"pokemon"=>{"name"=>"Rosco", "type1"=>"Earth", "hitpoints"=>20000, "defense"=>300, "attack"=>266, "speed"=>150, "legendary"=>true}}}
  Rendering /Users/layalkashgari/.rvm/gems/ruby-2.6.0/gems/railties-5.2.2/lib/rails/templates/rails/welcome/index.html.erb
  Rendered /Users/layalkashgari/.rvm/gems/ruby-2.6.0/gems/railties-5.2.2/lib/rails/templates/rails/welcome/index.html.erb (3.4ms)
Completed 200 OK in 15ms (Views: 9.9ms | ActiveRecord: 0.0ms)


  [1m[35m (7.2ms)[0m  [1m[34mSELECT "schema_migrations"."version" FROM "schema_migrations" ORDER BY "schema_migrations"."version" ASC[0m
  ↳ /Users/layalkashgari/.rvm/rubies/ruby-2.6.0/lib/ruby/gems/2.6.0/gems/rake-12.3.2/lib/rake/task.rb:273
  [1m[35m (0.3ms)[0m  [1m[34mSELECT pg_try_advisory_lock(5878493172211724820)[0m
  ↳ /Users/layalkashgari/.rvm/rubies/ruby-2.6.0/lib/ruby/gems/2.6.0/gems/rake-12.3.2/lib/rake/task.rb:273
  [1m[35m (0.7ms)[0m  [1m[34mSELECT "schema_migrations"."version" FROM "schema_migrations" ORDER BY "schema_migrations"."version" ASC[0m
  ↳ /Users/layalkashgari/.rvm/rubies/ruby-2.6.0/lib/ruby/gems/2.6.0/gems/rake-12.3.2/lib/rake/task.rb:273
Migrating to CreateQuotes (20190123153315)
  [1m[35m (0.2ms)[0m  [1m[35mBEGIN[0m
  ↳ /Users/layalkashgari/.rvm/rubies/ruby-2.6.0/lib/ruby/gems/2.6.0/gems/rake-12.3.2/lib/rake/task.rb:273
  [1m[35m (38.3ms)[0m  [1m[35mCREATE TABLE "quotes" ("id" bigserial primary key, "content" character varying, "author" character varying, "category" character varying, "created_at" timestamp NOT NULL, "updated_at" timestamp NOT NULL)[0m
  ↳ db/migrate/20190123153315_create_quotes.rb:3
  [1m[36mActiveRecord::SchemaMigration Create (0.6ms)[0m  [1m[32mINSERT INTO "schema_migrations" ("version") VALUES ($1) RETURNING "version"[0m  [["version", "20190123153315"]]
  ↳ /Users/layalkashgari/.rvm/rubies/ruby-2.6.0/lib/ruby/gems/2.6.0/gems/rake-12.3.2/lib/rake/task.rb:273
  [1m[35m (1.8ms)[0m  [1m[35mCOMMIT[0m
  ↳ /Users/layalkashgari/.rvm/rubies/ruby-2.6.0/lib/ruby/gems/2.6.0/gems/rake-12.3.2/lib/rake/task.rb:273
  [1m[36mActiveRecord::InternalMetadata Load (0.5ms)[0m  [1m[34mSELECT  "ar_internal_metadata".* FROM "ar_internal_metadata" WHERE "ar_internal_metadata"."key" = $1 LIMIT $2[0m  [["key", "environment"], ["LIMIT", 1]]
  ↳ /Users/layalkashgari/.rvm/rubies/ruby-2.6.0/lib/ruby/gems/2.6.0/gems/rake-12.3.2/lib/rake/task.rb:273
  [1m[35m (0.2ms)[0m  [1m[35mBEGIN[0m
  ↳ /Users/layalkashgari/.rvm/rubies/ruby-2.6.0/lib/ruby/gems/2.6.0/gems/rake-12.3.2/lib/rake/task.rb:273
  [1m[35m (0.4ms)[0m  [1m[35mCOMMIT[0m
  ↳ /Users/layalkashgari/.rvm/rubies/ruby-2.6.0/lib/ruby/gems/2.6.0/gems/rake-12.3.2/lib/rake/task.rb:273
  [1m[35m (0.4ms)[0m  [1m[34mSELECT pg_advisory_unlock(5878493172211724820)[0m
  ↳ /Users/layalkashgari/.rvm/rubies/ruby-2.6.0/lib/ruby/gems/2.6.0/gems/rake-12.3.2/lib/rake/task.rb:273
  [1m[35m (1.1ms)[0m  [1m[34mSELECT "schema_migrations"."version" FROM "schema_migrations" ORDER BY "schema_migrations"."version" ASC[0m
  ↳ /Users/layalkashgari/.rvm/rubies/ruby-2.6.0/lib/ruby/gems/2.6.0/gems/rake-12.3.2/lib/rake/task.rb:273
  [1m[35m (0.7ms)[0m  [1m[34mSELECT "schema_migrations"."version" FROM "schema_migrations" ORDER BY "schema_migrations"."version" ASC[0m
  ↳ /Users/layalkashgari/.rvm/rubies/ruby-2.6.0/lib/ruby/gems/2.6.0/gems/rake-12.3.2/lib/rake/task.rb:273
  [1m[36mQuote Load (0.8ms)[0m  [1m[34mSELECT "quotes".* FROM "quotes"[0m
  ↳ db/seeds.rb:8
  [1m[35m (0.2ms)[0m  [1m[35mBEGIN[0m
  ↳ db/seeds.rb:129
  [1m[36mQuote Create (0.9ms)[0m  [1m[32mINSERT INTO "quotes" ("content", "author", "category", "created_at", "updated_at") VALUES ($1, $2, $3, $4, $5) RETURNING "id"[0m  [["content", "Sometimes you win, sometimes you learn."], ["author", "Unknown"], ["category", "motivational"], ["created_at", "2019-01-23 15:55:29.543577"], ["updated_at", "2019-01-23 15:55:29.543577"]]
  ↳ db/seeds.rb:129
  [1m[35m (6.3ms)[0m  [1m[35mCOMMIT[0m
  ↳ db/seeds.rb:129
  [1m[35m (0.2ms)[0m  [1m[35mBEGIN[0m
  ↳ db/seeds.rb:129
  [1m[36mQuote Create (0.5ms)[0m  [1m[32mINSERT INTO "quotes" ("content", "author", "category", "created_at", "updated_at") VALUES ($1, $2, $3, $4, $5) RETURNING "id"[0m  [["content", "Do or do not, there is no try."], ["author", "Yoda"], ["category", "motivational"], ["created_at", "2019-01-23 15:55:29.553557"], ["updated_at", "2019-01-23 15:55:29.553557"]]
  ↳ db/seeds.rb:129
  [1m[35m (1.8ms)[0m  [1m[35mCOMMIT[0m
  ↳ db/seeds.rb:129
  [1m[35m (0.2ms)[0m  [1m[35mBEGIN[0m
  ↳ db/seeds.rb:129
  [1m[36mQuote Create (0.3ms)[0m  [1m[32mINSERT INTO "quotes" ("content", "author", "category", "created_at", "updated_at") VALUES ($1, $2, $3, $4, $5) RETURNING "id"[0m  [["content", "A simple 'Hello' could lead to a million things."], ["author", "Unknown"], ["category", "motivational"], ["created_at", "2019-01-23 15:55:29.557982"], ["updated_at", "2019-01-23 15:55:29.557982"]]
  ↳ db/seeds.rb:129
  [1m[35m (1.3ms)[0m  [1m[35mCOMMIT[0m
  ↳ db/seeds.rb:129
  [1m[35m (0.2ms)[0m  [1m[35mBEGIN[0m
  ↳ db/seeds.rb:129
  [1m[36mQuote Create (0.5ms)[0m  [1m[32mINSERT INTO "quotes" ("content", "author", "category", "created_at", "updated_at") VALUES ($1, $2, $3, $4, $5) RETURNING "id"[0m  [["content", "The expert at anything was once a beginner."], ["author", "Helen Hayes"], ["category", "education"], ["created_at", "2019-01-23 15:55:29.561659"], ["updated_at", "2019-01-23 15:55:29.561659"]]
  ↳ db/seeds.rb:129
  [1m[35m (1.1ms)[0m  [1m[35mCOMMIT[0m
  ↳ db/seeds.rb:129
  [1m[35m (0.1ms)[0m  [1m[35mBEGIN[0m
  ↳ db/seeds.rb:129
  [1m[36mQuote Create (0.3ms)[0m  [1m[32mINSERT INTO "quotes" ("content", "author", "category", "created_at", "updated_at") VALUES ($1, $2, $3, $4, $5) RETURNING "id"[0m  [["content", "You are never too old to get a new goal or dream a new dream!"], ["author", "CS Lewis"], ["category", "motivational"], ["created_at", "2019-01-23 15:55:29.564716"], ["updated_at", "2019-01-23 15:55:29.564716"]]
  ↳ db/seeds.rb:129
  [1m[35m (1.3ms)[0m  [1m[35mCOMMIT[0m
  ↳ db/seeds.rb:129
  [1m[35m (0.2ms)[0m  [1m[35mBEGIN[0m
  ↳ db/seeds.rb:129
  [1m[36mQuote Create (0.3ms)[0m  [1m[32mINSERT INTO "quotes" ("content", "author", "category", "created_at", "updated_at") VALUES ($1, $2, $3, $4, $5) RETURNING "id"[0m  [["content", "If you want something you never had, you have to do something you've never done!"], ["author", "Unknown"], ["category", "motivational"], ["created_at", "2019-01-23 15:55:29.567850"], ["updated_at", "2019-01-23 15:55:29.567850"]]
  ↳ db/seeds.rb:129
  [1m[35m (1.8ms)[0m  [1m[35mCOMMIT[0m
  ↳ db/seeds.rb:129
  [1m[35m (0.2ms)[0m  [1m[35mBEGIN[0m
  ↳ db/seeds.rb:129
  [1m[36mQuote Create (0.4ms)[0m  [1m[32mINSERT INTO "quotes" ("content", "author", "category", "created_at", "updated_at") VALUES ($1, $2, $3, $4, $5) RETURNING "id"[0m  [["content", "Getting to know a problem is a bit like getting to know a person: it's a gradual process that requires patience, and there is no state of completion. You can never know the full of a problem, because there is never comprehensive information available. You have to simply draw the line somewhere and make up the rest as you go along."], ["author", "Frank Chimero"], ["category", "design"], ["created_at", "2019-01-23 15:55:29.571505"], ["updated_at", "2019-01-23 15:55:29.571505"]]
  ↳ db/seeds.rb:129
  [1m[35m (1.3ms)[0m  [1m[35mCOMMIT[0m
  ↳ db/seeds.rb:129
  [1m[35m (0.1ms)[0m  [1m[35mBEGIN[0m
  ↳ db/seeds.rb:129
  [1m[36mQuote Create (0.4ms)[0m  [1m[32mINSERT INTO "quotes" ("content", "author", "category", "created_at", "updated_at") VALUES ($1, $2, $3, $4, $5) RETURNING "id"[0m  [["content", "Others have seen what is and asked why. I have seen what could be and asked why not?"], ["author", "Pablo Picasso"], ["category", "design"], ["created_at", "2019-01-23 15:55:29.575008"], ["updated_at", "2019-01-23 15:55:29.575008"]]
  ↳ db/seeds.rb:129
  [1m[35m (1.0ms)[0m  [1m[35mCOMMIT[0m
  ↳ db/seeds.rb:129
  [1m[35m (0.1ms)[0m  [1m[35mBEGIN[0m
  ↳ db/seeds.rb:129
  [1m[36mQuote Create (0.3ms)[0m  [1m[32mINSERT INTO "quotes" ("content", "author", "category", "created_at", "updated_at") VALUES ($1, $2, $3, $4, $5) RETURNING "id"[0m  [["content", "Who are we, who is each one of us, if not a combinatoria of experiences, information, books we have read, things imagined?"], ["author", "Italo Calvino"], ["category", "literary"], ["created_at", "2019-01-23 15:55:29.577814"], ["updated_at", "2019-01-23 15:55:29.577814"]]
  ↳ db/seeds.rb:129
  [1m[35m (1.0ms)[0m  [1m[35mCOMMIT[0m
  ↳ db/seeds.rb:129
  [1m[35m (0.1ms)[0m  [1m[35mBEGIN[0m
  ↳ db/seeds.rb:129
  [1m[36mQuote Create (0.3ms)[0m  [1m[32mINSERT INTO "quotes" ("content", "author", "category", "created_at", "updated_at") VALUES ($1, $2, $3, $4, $5) RETURNING "id"[0m  [["content", "Who are only undefeated / Because we have gone on trying"], ["author", "T.S. Eliot"], ["category", "poetry"], ["created_at", "2019-01-23 15:55:29.580659"], ["updated_at", "2019-01-23 15:55:29.580659"]]
  ↳ db/seeds.rb:129
  [1m[35m (1.1ms)[0m  [1m[35mCOMMIT[0m
  ↳ db/seeds.rb:129
  [1m[35m (0.2ms)[0m  [1m[35mBEGIN[0m
  ↳ db/seeds.rb:129
  [1m[36mQuote Create (0.3ms)[0m  [1m[32mINSERT INTO "quotes" ("content", "author", "category", "created_at", "updated_at") VALUES ($1, $2, $3, $4, $5) RETURNING "id"[0m  [["content", "In search of the difficulty rather than in its clutch. The disquiet of him who lacks an adversary."], ["author", "Samuel Beckett"], ["category", "literary"], ["created_at", "2019-01-23 15:55:29.583613"], ["updated_at", "2019-01-23 15:55:29.583613"]]
  ↳ db/seeds.rb:129
  [1m[35m (1.2ms)[0m  [1m[35mCOMMIT[0m
  ↳ db/seeds.rb:129
  [1m[35m (0.1ms)[0m  [1m[35mBEGIN[0m
  ↳ db/seeds.rb:129
  [1m[36mQuote Create (0.4ms)[0m  [1m[32mINSERT INTO "quotes" ("content", "author", "category", "created_at", "updated_at") VALUES ($1, $2, $3, $4, $5) RETURNING "id"[0m  [["content", "When the going gets weird, the weird turn pro."], ["author", "Hunter S. Thompson"], ["category", "gonzo"], ["created_at", "2019-01-23 15:55:29.586543"], ["updated_at", "2019-01-23 15:55:29.586543"]]
  ↳ db/seeds.rb:129
  [1m[35m (1.2ms)[0m  [1m[35mCOMMIT[0m
  ↳ db/seeds.rb:129
  [1m[35m (0.1ms)[0m  [1m[35mBEGIN[0m
  ↳ db/seeds.rb:129
  [1m[36mQuote Create (0.3ms)[0m  [1m[32mINSERT INTO "quotes" ("content", "author", "category", "created_at", "updated_at") VALUES ($1, $2, $3, $4, $5) RETURNING "id"[0m  [["content", "Truth suffers from too much analysis."], ["author", "Frank Herbert"], ["category", "philosophical"], ["created_at", "2019-01-23 15:55:29.589471"], ["updated_at", "2019-01-23 15:55:29.589471"]]
  ↳ db/seeds.rb:129
  [1m[35m (1.1ms)[0m  [1m[35mCOMMIT[0m
  ↳ db/seeds.rb:129
  [1m[35m (0.1ms)[0m  [1m[35mBEGIN[0m
  ↳ db/seeds.rb:129
  [1m[36mQuote Create (0.5ms)[0m  [1m[32mINSERT INTO "quotes" ("content", "author", "category", "created_at", "updated_at") VALUES ($1, $2, $3, $4, $5) RETURNING "id"[0m  [["content", "Over and over again, a thousand voices shout: No Image! No Message!"], ["author", "Max Bruinsma"], ["category", "design"], ["created_at", "2019-01-23 15:55:29.592481"], ["updated_at", "2019-01-23 15:55:29.592481"]]
  ↳ db/seeds.rb:129
  [1m[35m (1.1ms)[0m  [1m[35mCOMMIT[0m
  ↳ db/seeds.rb:129
  [1m[35m (0.1ms)[0m  [1m[35mBEGIN[0m
  ↳ db/seeds.rb:129
  [1m[36mQuote Create (0.6ms)[0m  [1m[32mINSERT INTO "quotes" ("content", "author", "category", "created_at", "updated_at") VALUES ($1, $2, $3, $4, $5) RETURNING "id"[0m  [["content", "A circle looks at a square and sees a badly made circle."], ["author", "Jeff VanderMeer"], ["category", "design"], ["created_at", "2019-01-23 15:55:29.595476"], ["updated_at", "2019-01-23 15:55:29.595476"]]
  ↳ db/seeds.rb:129
  [1m[35m (1.3ms)[0m  [1m[35mCOMMIT[0m
  ↳ db/seeds.rb:129
  [1m[35m (0.2ms)[0m  [1m[35mBEGIN[0m
  ↳ db/seeds.rb:129
  [1m[36mQuote Create (0.4ms)[0m  [1m[32mINSERT INTO "quotes" ("content", "author", "category", "created_at", "updated_at") VALUES ($1, $2, $3, $4, $5) RETURNING "id"[0m  [["content", "The aspects of things that are most important for us are hidden because of their simplicity and familiarity."], ["author", "Ludwig Wittgenstein"], ["category", "philosophical"], ["created_at", "2019-01-23 15:55:29.599025"], ["updated_at", "2019-01-23 15:55:29.599025"]]
  ↳ db/seeds.rb:129
  [1m[35m (1.4ms)[0m  [1m[35mCOMMIT[0m
  ↳ db/seeds.rb:129
  [1m[35m (0.2ms)[0m  [1m[35mBEGIN[0m
  ↳ db/seeds.rb:129
  [1m[36mQuote Create (0.3ms)[0m  [1m[32mINSERT INTO "quotes" ("content", "author", "category", "created_at", "updated_at") VALUES ($1, $2, $3, $4, $5) RETURNING "id"[0m  [["content", "All struggle is against impermanence."], ["author", "lord krunkington iii"], ["category", "philosophical"], ["created_at", "2019-01-23 15:55:29.602720"], ["updated_at", "2019-01-23 15:55:29.602720"]]
  ↳ db/seeds.rb:129
  [1m[35m (1.6ms)[0m  [1m[35mCOMMIT[0m
  ↳ db/seeds.rb:129
  [1m[35m (0.1ms)[0m  [1m[35mBEGIN[0m
  ↳ db/seeds.rb:129
  [1m[36mQuote Create (0.6ms)[0m  [1m[32mINSERT INTO "quotes" ("content", "author", "category", "created_at", "updated_at") VALUES ($1, $2, $3, $4, $5) RETURNING "id"[0m  [["content", "All language is mystification, and everything is fiction."], ["author", "Brion Gysin"], ["category", "literary"], ["created_at", "2019-01-23 15:55:29.606350"], ["updated_at", "2019-01-23 15:55:29.606350"]]
  ↳ db/seeds.rb:129
  [1m[35m (1.3ms)[0m  [1m[35mCOMMIT[0m
  ↳ db/seeds.rb:129
  [1m[35m (0.2ms)[0m  [1m[35mBEGIN[0m
  ↳ db/seeds.rb:129
  [1m[36mQuote Create (0.4ms)[0m  [1m[32mINSERT INTO "quotes" ("content", "author", "category", "created_at", "updated_at") VALUES ($1, $2, $3, $4, $5) RETURNING "id"[0m  [["content", "A place where the unknown past and the emergent future meet in a vibrating soundless hum."], ["author", "William Burroughs"], ["category", "philosophical"], ["created_at", "2019-01-23 15:55:29.609867"], ["updated_at", "2019-01-23 15:55:29.609867"]]
  ↳ db/seeds.rb:129
  [1m[35m (1.4ms)[0m  [1m[35mCOMMIT[0m
  ↳ db/seeds.rb:129
  [1m[35m (0.2ms)[0m  [1m[35mBEGIN[0m
  ↳ db/seeds.rb:129
  [1m[36mQuote Create (0.4ms)[0m  [1m[32mINSERT INTO "quotes" ("content", "author", "category", "created_at", "updated_at") VALUES ($1, $2, $3, $4, $5) RETURNING "id"[0m  [["content", "A slow-fade into the silent, imperceptible, ceaseless procession of the stars."], ["author", "Fractalontology"], ["category", "poetry"], ["created_at", "2019-01-23 15:55:29.613174"], ["updated_at", "2019-01-23 15:55:29.613174"]]
  ↳ db/seeds.rb:129
  [1m[35m (1.3ms)[0m  [1m[35mCOMMIT[0m
  ↳ db/seeds.rb:129
  [1m[35m (0.2ms)[0m  [1m[35mBEGIN[0m
  ↳ db/seeds.rb:129
  [1m[36mQuote Create (0.3ms)[0m  [1m[32mINSERT INTO "quotes" ("content", "author", "category", "created_at", "updated_at") VALUES ($1, $2, $3, $4, $5) RETURNING "id"[0m  [["content", "Nodes, clusters, trackbacks, memes... truth follows bandwidth, as sure as use follows invention."], ["author", "Richard Powers"], ["category", "technology"], ["created_at", "2019-01-23 15:55:29.616275"], ["updated_at", "2019-01-23 15:55:29.616275"]]
  ↳ db/seeds.rb:129
  [1m[35m (1.5ms)[0m  [1m[35mCOMMIT[0m
  ↳ db/seeds.rb:129
  [1m[35m (0.2ms)[0m  [1m[35mBEGIN[0m
  ↳ db/seeds.rb:129
  [1m[36mQuote Create (0.4ms)[0m  [1m[32mINSERT INTO "quotes" ("content", "author", "category", "created_at", "updated_at") VALUES ($1, $2, $3, $4, $5) RETURNING "id"[0m  [["content", "The feeling that one is on the edge of many things: that there are many worlds from which we are separated by only a film; that a flick of the wrist, a turn of the body another way will bring us to a new world."], ["author", "Theodore Roethke"], ["category", "philosophical"], ["created_at", "2019-01-23 15:55:29.619668"], ["updated_at", "2019-01-23 15:55:29.619668"]]
  ↳ db/seeds.rb:129
  [1m[35m (1.4ms)[0m  [1m[35mCOMMIT[0m
  ↳ db/seeds.rb:129
  [1m[35m (0.2ms)[0m  [1m[35mBEGIN[0m
  ↳ db/seeds.rb:129
  [1m[36mQuote Create (0.4ms)[0m  [1m[32mINSERT INTO "quotes" ("content", "author", "category", "created_at", "updated_at") VALUES ($1, $2, $3, $4, $5) RETURNING "id"[0m  [["content", "Reality is as thin as paper and betrays with all its cracks its imitative character."], ["author", "Bruno Schulz"], ["category", "philosophical"], ["created_at", "2019-01-23 15:55:29.623203"], ["updated_at", "2019-01-23 15:55:29.623203"]]
  ↳ db/seeds.rb:129
  [1m[35m (1.3ms)[0m  [1m[35mCOMMIT[0m
  ↳ db/seeds.rb:129
Started GET "/" for 127.0.0.1 at 2019-01-23 18:55:43 +0300
  [1m[35m (0.8ms)[0m  [1m[34mSELECT "schema_migrations"."version" FROM "schema_migrations" ORDER BY "schema_migrations"."version" ASC[0m
  ↳ /Users/layalkashgari/.rvm/gems/ruby-2.6.0/gems/activerecord-5.2.2/lib/active_record/log_subscriber.rb:98
Processing by Rails::WelcomeController#index as HTML
  Rendering /Users/layalkashgari/.rvm/gems/ruby-2.6.0/gems/railties-5.2.2/lib/rails/templates/rails/welcome/index.html.erb
  Rendered /Users/layalkashgari/.rvm/gems/ruby-2.6.0/gems/railties-5.2.2/lib/rails/templates/rails/welcome/index.html.erb (4.7ms)
Completed 200 OK in 16ms (Views: 13.4ms | ActiveRecord: 0.0ms)


Started GET "/" for 127.0.0.1 at 2019-01-23 18:55:50 +0300
Processing by Rails::WelcomeController#index as */*
  Parameters: {"pokemon"=>{"name"=>"Rosco", "type1"=>"Earth", "hitpoints"=>20000, "defense"=>300, "attack"=>266, "speed"=>150, "legendary"=>true}, "welcome"=>{"pokemon"=>{"name"=>"Rosco", "type1"=>"Earth", "hitpoints"=>20000, "defense"=>300, "attack"=>266, "speed"=>150, "legendary"=>true}}}
  Rendering /Users/layalkashgari/.rvm/gems/ruby-2.6.0/gems/railties-5.2.2/lib/rails/templates/rails/welcome/index.html.erb
  Rendered /Users/layalkashgari/.rvm/gems/ruby-2.6.0/gems/railties-5.2.2/lib/rails/templates/rails/welcome/index.html.erb (9.4ms)
Completed 200 OK in 23ms (Views: 17.4ms | ActiveRecord: 0.0ms)


Started GET "/quotes" for 127.0.0.1 at 2019-01-23 18:55:58 +0300
Processing by QuotesController#index as */*
  Parameters: {"pokemon"=>{"name"=>"Rosco", "type1"=>"Earth", "hitpoints"=>20000, "defense"=>300, "attack"=>266, "speed"=>150, "legendary"=>true}, "quote"=>{}}
  [1m[36mQuote Load (2.3ms)[0m  [1m[34mSELECT "quotes".* FROM "quotes"[0m
  ↳ app/controllers/quotes_controller.rb:8
Completed 200 OK in 21ms (Views: 13.9ms | ActiveRecord: 11.9ms)


Started GET "/quotes" for 127.0.0.1 at 2019-01-23 18:56:01 +0300
Processing by QuotesController#index as */*
  Parameters: {"pokemon"=>{"name"=>"Rosco", "type1"=>"Earth", "hitpoints"=>20000, "defense"=>300, "attack"=>266, "speed"=>150, "legendary"=>true}, "quote"=>{}}
  [1m[36mQuote Load (0.6ms)[0m  [1m[34mSELECT "quotes".* FROM "quotes"[0m
  ↳ app/controllers/quotes_controller.rb:8
Completed 200 OK in 8ms (Views: 7.5ms | ActiveRecord: 0.6ms)


Started PUT "/quotes" for 127.0.0.1 at 2019-01-23 19:05:03 +0300
  
ActionController::RoutingError (No route matches [PUT] "/quotes"):
  
actionpack (5.2.2) lib/action_dispatch/middleware/debug_exceptions.rb:65:in `call'
actionpack (5.2.2) lib/action_dispatch/middleware/show_exceptions.rb:33:in `call'
railties (5.2.2) lib/rails/rack/logger.rb:38:in `call_app'
railties (5.2.2) lib/rails/rack/logger.rb:26:in `block in call'
activesupport (5.2.2) lib/active_support/tagged_logging.rb:71:in `block in tagged'
activesupport (5.2.2) lib/active_support/tagged_logging.rb:28:in `tagged'
activesupport (5.2.2) lib/active_support/tagged_logging.rb:71:in `tagged'
railties (5.2.2) lib/rails/rack/logger.rb:26:in `call'
actionpack (5.2.2) lib/action_dispatch/middleware/remote_ip.rb:81:in `call'
actionpack (5.2.2) lib/action_dispatch/middleware/request_id.rb:27:in `call'
rack (2.0.6) lib/rack/runtime.rb:22:in `call'
activesupport (5.2.2) lib/active_support/cache/strategy/local_cache_middleware.rb:29:in `call'
actionpack (5.2.2) lib/action_dispatch/middleware/executor.rb:14:in `call'
actionpack (5.2.2) lib/action_dispatch/middleware/static.rb:127:in `call'
rack (2.0.6) lib/rack/sendfile.rb:111:in `call'
railties (5.2.2) lib/rails/engine.rb:524:in `call'
puma (3.12.0) lib/puma/configuration.rb:225:in `call'
puma (3.12.0) lib/puma/server.rb:658:in `handle_request'
puma (3.12.0) lib/puma/server.rb:472:in `process_client'
puma (3.12.0) lib/puma/server.rb:332:in `block in run'
puma (3.12.0) lib/puma/thread_pool.rb:133:in `block in spawn_thread'
Error occurred while parsing request parameters.
Contents:

{
        "id": 7,
        "content": "Getting to know a problem is a bit like getting to know a person: it's a gradual process that requires patience, and there is no state of completion. You can never know the full of a problem, because there is never comprehensive information available. You have to simply draw the line somewhere and make up the rest as you go along.",
        "author": "Frank Chimero",
        "category": "Dance",
        "created_at": "2019-01-23T15:55:29.571Z",
        "updated_at": "2019-01-23T15:55:29.571Z"
    },
Started GET "/" for 127.0.0.1 at 2019-01-23 19:06:14 +0300
Processing by Rails::WelcomeController#index as HTML
  Rendering /Users/layalkashgari/.rvm/gems/ruby-2.6.0/gems/railties-5.2.2/lib/rails/templates/rails/welcome/index.html.erb
  Rendered /Users/layalkashgari/.rvm/gems/ruby-2.6.0/gems/railties-5.2.2/lib/rails/templates/rails/welcome/index.html.erb (3.5ms)
Completed 200 OK in 9ms (Views: 5.4ms | ActiveRecord: 0.0ms)


Started GET "/quotes" for 127.0.0.1 at 2019-01-23 19:06:17 +0300
Processing by QuotesController#index as HTML
  [1m[36mQuote Load (3.0ms)[0m  [1m[34mSELECT "quotes".* FROM "quotes"[0m
  ↳ app/controllers/quotes_controller.rb:8
Completed 200 OK in 75ms (Views: 48.6ms | ActiveRecord: 21.1ms)


Started DELETE "/quotes/1" for 127.0.0.1 at 2019-01-23 19:07:30 +0300
Error occurred while parsing request parameters.
Contents:

{
        "id": 7,
        "content": "Getting to know a problem is a bit like getting to know a person: it's a gradual process that requires patience, and there is no state of completion. You can never know the full of a problem, because there is never comprehensive information available. You have to simply draw the line somewhere and make up the rest as you go along.",
        "author": "Frank Chimero",
        "category": "Dance",
        "created_at": "2019-01-23T15:55:29.571Z",
        "updated_at": "2019-01-23T15:55:29.571Z"
    },
  
ActionDispatch::Http::Parameters::ParseError (767: unexpected token at ','):
  
actionpack (5.2.2) lib/action_dispatch/http/parameters.rb:117:in `rescue in parse_formatted_parameters'
actionpack (5.2.2) lib/action_dispatch/http/parameters.rb:111:in `parse_formatted_parameters'
actionpack (5.2.2) lib/action_dispatch/http/request.rb:381:in `block in POST'
rack (2.0.6) lib/rack/request.rb:59:in `fetch'
rack (2.0.6) lib/rack/request.rb:59:in `fetch_header'
actionpack (5.2.2) lib/action_dispatch/http/request.rb:380:in `POST'
actionpack (5.2.2) lib/action_dispatch/http/parameters.rb:55:in `parameters'
actionpack (5.2.2) lib/action_controller/metal/params_wrapper.rb:290:in `_wrapper_enabled?'
actionpack (5.2.2) lib/action_controller/metal/params_wrapper.rb:244:in `process_action'
activerecord (5.2.2) lib/active_record/railties/controller_runtime.rb:24:in `process_action'
actionpack (5.2.2) lib/abstract_controller/base.rb:134:in `process'
actionpack (5.2.2) lib/action_controller/metal.rb:191:in `dispatch'
actionpack (5.2.2) lib/action_controller/metal.rb:252:in `dispatch'
actionpack (5.2.2) lib/action_dispatch/routing/route_set.rb:52:in `dispatch'
actionpack (5.2.2) lib/action_dispatch/routing/route_set.rb:34:in `serve'
actionpack (5.2.2) lib/action_dispatch/journey/router.rb:52:in `block in serve'
actionpack (5.2.2) lib/action_dispatch/journey/router.rb:35:in `each'
actionpack (5.2.2) lib/action_dispatch/journey/router.rb:35:in `serve'
actionpack (5.2.2) lib/action_dispatch/routing/route_set.rb:840:in `call'
rack (2.0.6) lib/rack/etag.rb:25:in `call'
rack (2.0.6) lib/rack/conditional_get.rb:38:in `call'
rack (2.0.6) lib/rack/head.rb:12:in `call'
activerecord (5.2.2) lib/active_record/migration.rb:559:in `call'
actionpack (5.2.2) lib/action_dispatch/middleware/callbacks.rb:28:in `block in call'
activesupport (5.2.2) lib/active_support/callbacks.rb:98:in `run_callbacks'
actionpack (5.2.2) lib/action_dispatch/middleware/callbacks.rb:26:in `call'
actionpack (5.2.2) lib/action_dispatch/middleware/executor.rb:14:in `call'
actionpack (5.2.2) lib/action_dispatch/middleware/debug_exceptions.rb:61:in `call'
actionpack (5.2.2) lib/action_dispatch/middleware/show_exceptions.rb:33:in `call'
railties (5.2.2) lib/rails/rack/logger.rb:38:in `call_app'
railties (5.2.2) lib/rails/rack/logger.rb:26:in `block in call'
activesupport (5.2.2) lib/active_support/tagged_logging.rb:71:in `block in tagged'
activesupport (5.2.2) lib/active_support/tagged_logging.rb:28:in `tagged'
activesupport (5.2.2) lib/active_support/tagged_logging.rb:71:in `tagged'
railties (5.2.2) lib/rails/rack/logger.rb:26:in `call'
actionpack (5.2.2) lib/action_dispatch/middleware/remote_ip.rb:81:in `call'
actionpack (5.2.2) lib/action_dispatch/middleware/request_id.rb:27:in `call'
rack (2.0.6) lib/rack/runtime.rb:22:in `call'
activesupport (5.2.2) lib/active_support/cache/strategy/local_cache_middleware.rb:29:in `call'
actionpack (5.2.2) lib/action_dispatch/middleware/executor.rb:14:in `call'
actionpack (5.2.2) lib/action_dispatch/middleware/static.rb:127:in `call'
rack (2.0.6) lib/rack/sendfile.rb:111:in `call'
railties (5.2.2) lib/rails/engine.rb:524:in `call'
puma (3.12.0) lib/puma/configuration.rb:225:in `call'
puma (3.12.0) lib/puma/server.rb:658:in `handle_request'
puma (3.12.0) lib/puma/server.rb:472:in `process_client'
puma (3.12.0) lib/puma/server.rb:332:in `block in run'
puma (3.12.0) lib/puma/thread_pool.rb:133:in `block in spawn_thread'
Started DELETE "/quotes/1" for 127.0.0.1 at 2019-01-23 19:08:27 +0300
Error occurred while parsing request parameters.
Contents:

{
        "id": 7,
        "content": "Getting to know a problem is a bit like getting to know a person: it's a gradual process that requires patience, and there is no state of completion. You can never know the full of a problem, because there is never comprehensive information available. You have to simply draw the line somewhere and make up the rest as you go along.",
        "author": "Frank Chimero",
        "category": "Dance",
        "created_at": "2019-01-23T15:55:29.571Z",
        "updated_at": "2019-01-23T15:55:29.571Z"
    },
  
ActionDispatch::Http::Parameters::ParseError (767: unexpected token at ','):
  
actionpack (5.2.2) lib/action_dispatch/http/parameters.rb:117:in `rescue in parse_formatted_parameters'
actionpack (5.2.2) lib/action_dispatch/http/parameters.rb:111:in `parse_formatted_parameters'
actionpack (5.2.2) lib/action_dispatch/http/request.rb:381:in `block in POST'
rack (2.0.6) lib/rack/request.rb:59:in `fetch'
rack (2.0.6) lib/rack/request.rb:59:in `fetch_header'
actionpack (5.2.2) lib/action_dispatch/http/request.rb:380:in `POST'
actionpack (5.2.2) lib/action_dispatch/http/parameters.rb:55:in `parameters'
actionpack (5.2.2) lib/action_controller/metal/params_wrapper.rb:290:in `_wrapper_enabled?'
actionpack (5.2.2) lib/action_controller/metal/params_wrapper.rb:244:in `process_action'
activerecord (5.2.2) lib/active_record/railties/controller_runtime.rb:24:in `process_action'
actionpack (5.2.2) lib/abstract_controller/base.rb:134:in `process'
actionpack (5.2.2) lib/action_controller/metal.rb:191:in `dispatch'
actionpack (5.2.2) lib/action_controller/metal.rb:252:in `dispatch'
actionpack (5.2.2) lib/action_dispatch/routing/route_set.rb:52:in `dispatch'
actionpack (5.2.2) lib/action_dispatch/routing/route_set.rb:34:in `serve'
actionpack (5.2.2) lib/action_dispatch/journey/router.rb:52:in `block in serve'
actionpack (5.2.2) lib/action_dispatch/journey/router.rb:35:in `each'
actionpack (5.2.2) lib/action_dispatch/journey/router.rb:35:in `serve'
actionpack (5.2.2) lib/action_dispatch/routing/route_set.rb:840:in `call'
rack (2.0.6) lib/rack/etag.rb:25:in `call'
rack (2.0.6) lib/rack/conditional_get.rb:38:in `call'
rack (2.0.6) lib/rack/head.rb:12:in `call'
activerecord (5.2.2) lib/active_record/migration.rb:559:in `call'
actionpack (5.2.2) lib/action_dispatch/middleware/callbacks.rb:28:in `block in call'
activesupport (5.2.2) lib/active_support/callbacks.rb:98:in `run_callbacks'
actionpack (5.2.2) lib/action_dispatch/middleware/callbacks.rb:26:in `call'
actionpack (5.2.2) lib/action_dispatch/middleware/executor.rb:14:in `call'
actionpack (5.2.2) lib/action_dispatch/middleware/debug_exceptions.rb:61:in `call'
actionpack (5.2.2) lib/action_dispatch/middleware/show_exceptions.rb:33:in `call'
railties (5.2.2) lib/rails/rack/logger.rb:38:in `call_app'
railties (5.2.2) lib/rails/rack/logger.rb:26:in `block in call'
activesupport (5.2.2) lib/active_support/tagged_logging.rb:71:in `block in tagged'
activesupport (5.2.2) lib/active_support/tagged_logging.rb:28:in `tagged'
activesupport (5.2.2) lib/active_support/tagged_logging.rb:71:in `tagged'
railties (5.2.2) lib/rails/rack/logger.rb:26:in `call'
actionpack (5.2.2) lib/action_dispatch/middleware/remote_ip.rb:81:in `call'
actionpack (5.2.2) lib/action_dispatch/middleware/request_id.rb:27:in `call'
rack (2.0.6) lib/rack/runtime.rb:22:in `call'
activesupport (5.2.2) lib/active_support/cache/strategy/local_cache_middleware.rb:29:in `call'
actionpack (5.2.2) lib/action_dispatch/middleware/executor.rb:14:in `call'
actionpack (5.2.2) lib/action_dispatch/middleware/static.rb:127:in `call'
rack (2.0.6) lib/rack/sendfile.rb:111:in `call'
railties (5.2.2) lib/rails/engine.rb:524:in `call'
puma (3.12.0) lib/puma/configuration.rb:225:in `call'
puma (3.12.0) lib/puma/server.rb:658:in `handle_request'
puma (3.12.0) lib/puma/server.rb:472:in `process_client'
puma (3.12.0) lib/puma/server.rb:332:in `block in run'
puma (3.12.0) lib/puma/thread_pool.rb:133:in `block in spawn_thread'
Started DELETE "/quotes/2" for 127.0.0.1 at 2019-01-23 19:08:36 +0300
Error occurred while parsing request parameters.
Contents:

{
        "id": 7,
        "content": "Getting to know a problem is a bit like getting to know a person: it's a gradual process that requires patience, and there is no state of completion. You can never know the full of a problem, because there is never comprehensive information available. You have to simply draw the line somewhere and make up the rest as you go along.",
        "author": "Frank Chimero",
        "category": "Dance",
        "created_at": "2019-01-23T15:55:29.571Z",
        "updated_at": "2019-01-23T15:55:29.571Z"
    },
  
ActionDispatch::Http::Parameters::ParseError (767: unexpected token at ','):
  
actionpack (5.2.2) lib/action_dispatch/http/parameters.rb:117:in `rescue in parse_formatted_parameters'
actionpack (5.2.2) lib/action_dispatch/http/parameters.rb:111:in `parse_formatted_parameters'
actionpack (5.2.2) lib/action_dispatch/http/request.rb:381:in `block in POST'
rack (2.0.6) lib/rack/request.rb:59:in `fetch'
rack (2.0.6) lib/rack/request.rb:59:in `fetch_header'
actionpack (5.2.2) lib/action_dispatch/http/request.rb:380:in `POST'
actionpack (5.2.2) lib/action_dispatch/http/parameters.rb:55:in `parameters'
actionpack (5.2.2) lib/action_controller/metal/params_wrapper.rb:290:in `_wrapper_enabled?'
actionpack (5.2.2) lib/action_controller/metal/params_wrapper.rb:244:in `process_action'
activerecord (5.2.2) lib/active_record/railties/controller_runtime.rb:24:in `process_action'
actionpack (5.2.2) lib/abstract_controller/base.rb:134:in `process'
actionpack (5.2.2) lib/action_controller/metal.rb:191:in `dispatch'
actionpack (5.2.2) lib/action_controller/metal.rb:252:in `dispatch'
actionpack (5.2.2) lib/action_dispatch/routing/route_set.rb:52:in `dispatch'
actionpack (5.2.2) lib/action_dispatch/routing/route_set.rb:34:in `serve'
actionpack (5.2.2) lib/action_dispatch/journey/router.rb:52:in `block in serve'
actionpack (5.2.2) lib/action_dispatch/journey/router.rb:35:in `each'
actionpack (5.2.2) lib/action_dispatch/journey/router.rb:35:in `serve'
actionpack (5.2.2) lib/action_dispatch/routing/route_set.rb:840:in `call'
rack (2.0.6) lib/rack/etag.rb:25:in `call'
rack (2.0.6) lib/rack/conditional_get.rb:38:in `call'
rack (2.0.6) lib/rack/head.rb:12:in `call'
activerecord (5.2.2) lib/active_record/migration.rb:559:in `call'
actionpack (5.2.2) lib/action_dispatch/middleware/callbacks.rb:28:in `block in call'
activesupport (5.2.2) lib/active_support/callbacks.rb:98:in `run_callbacks'
actionpack (5.2.2) lib/action_dispatch/middleware/callbacks.rb:26:in `call'
actionpack (5.2.2) lib/action_dispatch/middleware/executor.rb:14:in `call'
actionpack (5.2.2) lib/action_dispatch/middleware/debug_exceptions.rb:61:in `call'
actionpack (5.2.2) lib/action_dispatch/middleware/show_exceptions.rb:33:in `call'
railties (5.2.2) lib/rails/rack/logger.rb:38:in `call_app'
railties (5.2.2) lib/rails/rack/logger.rb:26:in `block in call'
activesupport (5.2.2) lib/active_support/tagged_logging.rb:71:in `block in tagged'
activesupport (5.2.2) lib/active_support/tagged_logging.rb:28:in `tagged'
activesupport (5.2.2) lib/active_support/tagged_logging.rb:71:in `tagged'
railties (5.2.2) lib/rails/rack/logger.rb:26:in `call'
actionpack (5.2.2) lib/action_dispatch/middleware/remote_ip.rb:81:in `call'
actionpack (5.2.2) lib/action_dispatch/middleware/request_id.rb:27:in `call'
rack (2.0.6) lib/rack/runtime.rb:22:in `call'
activesupport (5.2.2) lib/active_support/cache/strategy/local_cache_middleware.rb:29:in `call'
actionpack (5.2.2) lib/action_dispatch/middleware/executor.rb:14:in `call'
actionpack (5.2.2) lib/action_dispatch/middleware/static.rb:127:in `call'
rack (2.0.6) lib/rack/sendfile.rb:111:in `call'
railties (5.2.2) lib/rails/engine.rb:524:in `call'
puma (3.12.0) lib/puma/configuration.rb:225:in `call'
puma (3.12.0) lib/puma/server.rb:658:in `handle_request'
puma (3.12.0) lib/puma/server.rb:472:in `process_client'
puma (3.12.0) lib/puma/server.rb:332:in `block in run'
puma (3.12.0) lib/puma/thread_pool.rb:133:in `block in spawn_thread'
Started DELETE "/quotes/2" for 127.0.0.1 at 2019-01-23 19:09:03 +0300
Error occurred while parsing request parameters.
Contents:

{
        "id": 7,
        "content": "Getting to know a problem is a bit like getting to know a person: it's a gradual process that requires patience, and there is no state of completion. You can never know the full of a problem, because there is never comprehensive information available. You have to simply draw the line somewhere and make up the rest as you go along.",
        "author": "Frank Chimero",
        "category": "Dance",
        "created_at": "2019-01-23T15:55:29.571Z",
        "updated_at": "2019-01-23T15:55:29.571Z"
    },
  
ActionDispatch::Http::Parameters::ParseError (767: unexpected token at ','):
  
actionpack (5.2.2) lib/action_dispatch/http/parameters.rb:117:in `rescue in parse_formatted_parameters'
actionpack (5.2.2) lib/action_dispatch/http/parameters.rb:111:in `parse_formatted_parameters'
actionpack (5.2.2) lib/action_dispatch/http/request.rb:381:in `block in POST'
rack (2.0.6) lib/rack/request.rb:59:in `fetch'
rack (2.0.6) lib/rack/request.rb:59:in `fetch_header'
actionpack (5.2.2) lib/action_dispatch/http/request.rb:380:in `POST'
actionpack (5.2.2) lib/action_dispatch/http/parameters.rb:55:in `parameters'
actionpack (5.2.2) lib/action_controller/metal/params_wrapper.rb:290:in `_wrapper_enabled?'
actionpack (5.2.2) lib/action_controller/metal/params_wrapper.rb:244:in `process_action'
activerecord (5.2.2) lib/active_record/railties/controller_runtime.rb:24:in `process_action'
actionpack (5.2.2) lib/abstract_controller/base.rb:134:in `process'
actionpack (5.2.2) lib/action_controller/metal.rb:191:in `dispatch'
actionpack (5.2.2) lib/action_controller/metal.rb:252:in `dispatch'
actionpack (5.2.2) lib/action_dispatch/routing/route_set.rb:52:in `dispatch'
actionpack (5.2.2) lib/action_dispatch/routing/route_set.rb:34:in `serve'
actionpack (5.2.2) lib/action_dispatch/journey/router.rb:52:in `block in serve'
actionpack (5.2.2) lib/action_dispatch/journey/router.rb:35:in `each'
actionpack (5.2.2) lib/action_dispatch/journey/router.rb:35:in `serve'
actionpack (5.2.2) lib/action_dispatch/routing/route_set.rb:840:in `call'
rack (2.0.6) lib/rack/etag.rb:25:in `call'
rack (2.0.6) lib/rack/conditional_get.rb:38:in `call'
rack (2.0.6) lib/rack/head.rb:12:in `call'
activerecord (5.2.2) lib/active_record/migration.rb:559:in `call'
actionpack (5.2.2) lib/action_dispatch/middleware/callbacks.rb:28:in `block in call'
activesupport (5.2.2) lib/active_support/callbacks.rb:98:in `run_callbacks'
actionpack (5.2.2) lib/action_dispatch/middleware/callbacks.rb:26:in `call'
actionpack (5.2.2) lib/action_dispatch/middleware/executor.rb:14:in `call'
actionpack (5.2.2) lib/action_dispatch/middleware/debug_exceptions.rb:61:in `call'
actionpack (5.2.2) lib/action_dispatch/middleware/show_exceptions.rb:33:in `call'
railties (5.2.2) lib/rails/rack/logger.rb:38:in `call_app'
railties (5.2.2) lib/rails/rack/logger.rb:26:in `block in call'
activesupport (5.2.2) lib/active_support/tagged_logging.rb:71:in `block in tagged'
activesupport (5.2.2) lib/active_support/tagged_logging.rb:28:in `tagged'
activesupport (5.2.2) lib/active_support/tagged_logging.rb:71:in `tagged'
railties (5.2.2) lib/rails/rack/logger.rb:26:in `call'
actionpack (5.2.2) lib/action_dispatch/middleware/remote_ip.rb:81:in `call'
actionpack (5.2.2) lib/action_dispatch/middleware/request_id.rb:27:in `call'
rack (2.0.6) lib/rack/runtime.rb:22:in `call'
activesupport (5.2.2) lib/active_support/cache/strategy/local_cache_middleware.rb:29:in `call'
actionpack (5.2.2) lib/action_dispatch/middleware/executor.rb:14:in `call'
actionpack (5.2.2) lib/action_dispatch/middleware/static.rb:127:in `call'
rack (2.0.6) lib/rack/sendfile.rb:111:in `call'
railties (5.2.2) lib/rails/engine.rb:524:in `call'
puma (3.12.0) lib/puma/configuration.rb:225:in `call'
puma (3.12.0) lib/puma/server.rb:658:in `handle_request'
puma (3.12.0) lib/puma/server.rb:472:in `process_client'
puma (3.12.0) lib/puma/server.rb:332:in `block in run'
puma (3.12.0) lib/puma/thread_pool.rb:133:in `block in spawn_thread'
Started DELETE "/quotes/2" for 127.0.0.1 at 2019-01-23 19:10:17 +0300
Error occurred while parsing request parameters.
Contents:

{
        "id": 7,
        "content": "Getting to know a problem is a bit like getting to know a person: it's a gradual process that requires patience, and there is no state of completion. You can never know the full of a problem, because there is never comprehensive information available. You have to simply draw the line somewhere and make up the rest as you go along.",
        "author": "Frank Chimero",
        "category": "Dance",
        "created_at": "2019-01-23T15:55:29.571Z",
        "updated_at": "2019-01-23T15:55:29.571Z"
    },
  
ActionDispatch::Http::Parameters::ParseError (767: unexpected token at ','):
  
actionpack (5.2.2) lib/action_dispatch/http/parameters.rb:117:in `rescue in parse_formatted_parameters'
actionpack (5.2.2) lib/action_dispatch/http/parameters.rb:111:in `parse_formatted_parameters'
actionpack (5.2.2) lib/action_dispatch/http/request.rb:381:in `block in POST'
rack (2.0.6) lib/rack/request.rb:59:in `fetch'
rack (2.0.6) lib/rack/request.rb:59:in `fetch_header'
actionpack (5.2.2) lib/action_dispatch/http/request.rb:380:in `POST'
actionpack (5.2.2) lib/action_dispatch/http/parameters.rb:55:in `parameters'
actionpack (5.2.2) lib/action_controller/metal/params_wrapper.rb:290:in `_wrapper_enabled?'
actionpack (5.2.2) lib/action_controller/metal/params_wrapper.rb:244:in `process_action'
activerecord (5.2.2) lib/active_record/railties/controller_runtime.rb:24:in `process_action'
actionpack (5.2.2) lib/abstract_controller/base.rb:134:in `process'
actionpack (5.2.2) lib/action_controller/metal.rb:191:in `dispatch'
actionpack (5.2.2) lib/action_controller/metal.rb:252:in `dispatch'
actionpack (5.2.2) lib/action_dispatch/routing/route_set.rb:52:in `dispatch'
actionpack (5.2.2) lib/action_dispatch/routing/route_set.rb:34:in `serve'
actionpack (5.2.2) lib/action_dispatch/journey/router.rb:52:in `block in serve'
actionpack (5.2.2) lib/action_dispatch/journey/router.rb:35:in `each'
actionpack (5.2.2) lib/action_dispatch/journey/router.rb:35:in `serve'
actionpack (5.2.2) lib/action_dispatch/routing/route_set.rb:840:in `call'
rack (2.0.6) lib/rack/etag.rb:25:in `call'
rack (2.0.6) lib/rack/conditional_get.rb:38:in `call'
rack (2.0.6) lib/rack/head.rb:12:in `call'
activerecord (5.2.2) lib/active_record/migration.rb:559:in `call'
actionpack (5.2.2) lib/action_dispatch/middleware/callbacks.rb:28:in `block in call'
activesupport (5.2.2) lib/active_support/callbacks.rb:98:in `run_callbacks'
actionpack (5.2.2) lib/action_dispatch/middleware/callbacks.rb:26:in `call'
actionpack (5.2.2) lib/action_dispatch/middleware/executor.rb:14:in `call'
actionpack (5.2.2) lib/action_dispatch/middleware/debug_exceptions.rb:61:in `call'
actionpack (5.2.2) lib/action_dispatch/middleware/show_exceptions.rb:33:in `call'
railties (5.2.2) lib/rails/rack/logger.rb:38:in `call_app'
railties (5.2.2) lib/rails/rack/logger.rb:26:in `block in call'
activesupport (5.2.2) lib/active_support/tagged_logging.rb:71:in `block in tagged'
activesupport (5.2.2) lib/active_support/tagged_logging.rb:28:in `tagged'
activesupport (5.2.2) lib/active_support/tagged_logging.rb:71:in `tagged'
railties (5.2.2) lib/rails/rack/logger.rb:26:in `call'
actionpack (5.2.2) lib/action_dispatch/middleware/remote_ip.rb:81:in `call'
actionpack (5.2.2) lib/action_dispatch/middleware/request_id.rb:27:in `call'
rack (2.0.6) lib/rack/runtime.rb:22:in `call'
activesupport (5.2.2) lib/active_support/cache/strategy/local_cache_middleware.rb:29:in `call'
actionpack (5.2.2) lib/action_dispatch/middleware/executor.rb:14:in `call'
actionpack (5.2.2) lib/action_dispatch/middleware/static.rb:127:in `call'
rack (2.0.6) lib/rack/sendfile.rb:111:in `call'
railties (5.2.2) lib/rails/engine.rb:524:in `call'
puma (3.12.0) lib/puma/configuration.rb:225:in `call'
puma (3.12.0) lib/puma/server.rb:658:in `handle_request'
puma (3.12.0) lib/puma/server.rb:472:in `process_client'
puma (3.12.0) lib/puma/server.rb:332:in `block in run'
puma (3.12.0) lib/puma/thread_pool.rb:133:in `block in spawn_thread'
Started DELETE "/quotes/2" for 127.0.0.1 at 2019-01-23 19:10:30 +0300
Error occurred while parsing request parameters.
Contents:

{
        "id": 7,
        "content": "Getting to know a problem is a bit like getting to know a person: it's a gradual process that requires patience, and there is no state of completion. You can never know the full of a problem, because there is never comprehensive information available. You have to simply draw the line somewhere and make up the rest as you go along.",
        "author": "Frank Chimero",
        "category": "Dance",
        "created_at": "2019-01-23T15:55:29.571Z",
        "updated_at": "2019-01-23T15:55:29.571Z"
    },
  
ActionDispatch::Http::Parameters::ParseError (767: unexpected token at ','):
  
actionpack (5.2.2) lib/action_dispatch/http/parameters.rb:117:in `rescue in parse_formatted_parameters'
actionpack (5.2.2) lib/action_dispatch/http/parameters.rb:111:in `parse_formatted_parameters'
actionpack (5.2.2) lib/action_dispatch/http/request.rb:381:in `block in POST'
rack (2.0.6) lib/rack/request.rb:59:in `fetch'
rack (2.0.6) lib/rack/request.rb:59:in `fetch_header'
actionpack (5.2.2) lib/action_dispatch/http/request.rb:380:in `POST'
actionpack (5.2.2) lib/action_dispatch/http/parameters.rb:55:in `parameters'
actionpack (5.2.2) lib/action_controller/metal/params_wrapper.rb:290:in `_wrapper_enabled?'
actionpack (5.2.2) lib/action_controller/metal/params_wrapper.rb:244:in `process_action'
activerecord (5.2.2) lib/active_record/railties/controller_runtime.rb:24:in `process_action'
actionpack (5.2.2) lib/abstract_controller/base.rb:134:in `process'
actionpack (5.2.2) lib/action_controller/metal.rb:191:in `dispatch'
actionpack (5.2.2) lib/action_controller/metal.rb:252:in `dispatch'
actionpack (5.2.2) lib/action_dispatch/routing/route_set.rb:52:in `dispatch'
actionpack (5.2.2) lib/action_dispatch/routing/route_set.rb:34:in `serve'
actionpack (5.2.2) lib/action_dispatch/journey/router.rb:52:in `block in serve'
actionpack (5.2.2) lib/action_dispatch/journey/router.rb:35:in `each'
actionpack (5.2.2) lib/action_dispatch/journey/router.rb:35:in `serve'
actionpack (5.2.2) lib/action_dispatch/routing/route_set.rb:840:in `call'
rack (2.0.6) lib/rack/etag.rb:25:in `call'
rack (2.0.6) lib/rack/conditional_get.rb:38:in `call'
rack (2.0.6) lib/rack/head.rb:12:in `call'
activerecord (5.2.2) lib/active_record/migration.rb:559:in `call'
actionpack (5.2.2) lib/action_dispatch/middleware/callbacks.rb:28:in `block in call'
activesupport (5.2.2) lib/active_support/callbacks.rb:98:in `run_callbacks'
actionpack (5.2.2) lib/action_dispatch/middleware/callbacks.rb:26:in `call'
actionpack (5.2.2) lib/action_dispatch/middleware/executor.rb:14:in `call'
actionpack (5.2.2) lib/action_dispatch/middleware/debug_exceptions.rb:61:in `call'
actionpack (5.2.2) lib/action_dispatch/middleware/show_exceptions.rb:33:in `call'
railties (5.2.2) lib/rails/rack/logger.rb:38:in `call_app'
railties (5.2.2) lib/rails/rack/logger.rb:26:in `block in call'
activesupport (5.2.2) lib/active_support/tagged_logging.rb:71:in `block in tagged'
activesupport (5.2.2) lib/active_support/tagged_logging.rb:28:in `tagged'
activesupport (5.2.2) lib/active_support/tagged_logging.rb:71:in `tagged'
railties (5.2.2) lib/rails/rack/logger.rb:26:in `call'
actionpack (5.2.2) lib/action_dispatch/middleware/remote_ip.rb:81:in `call'
actionpack (5.2.2) lib/action_dispatch/middleware/request_id.rb:27:in `call'
rack (2.0.6) lib/rack/runtime.rb:22:in `call'
activesupport (5.2.2) lib/active_support/cache/strategy/local_cache_middleware.rb:29:in `call'
actionpack (5.2.2) lib/action_dispatch/middleware/executor.rb:14:in `call'
actionpack (5.2.2) lib/action_dispatch/middleware/static.rb:127:in `call'
rack (2.0.6) lib/rack/sendfile.rb:111:in `call'
railties (5.2.2) lib/rails/engine.rb:524:in `call'
puma (3.12.0) lib/puma/configuration.rb:225:in `call'
puma (3.12.0) lib/puma/server.rb:658:in `handle_request'
puma (3.12.0) lib/puma/server.rb:472:in `process_client'
puma (3.12.0) lib/puma/server.rb:332:in `block in run'
puma (3.12.0) lib/puma/thread_pool.rb:133:in `block in spawn_thread'
Started DELETE "/quotes/9" for 127.0.0.1 at 2019-01-23 19:10:35 +0300
Error occurred while parsing request parameters.
Contents:

{
        "id": 7,
        "content": "Getting to know a problem is a bit like getting to know a person: it's a gradual process that requires patience, and there is no state of completion. You can never know the full of a problem, because there is never comprehensive information available. You have to simply draw the line somewhere and make up the rest as you go along.",
        "author": "Frank Chimero",
        "category": "Dance",
        "created_at": "2019-01-23T15:55:29.571Z",
        "updated_at": "2019-01-23T15:55:29.571Z"
    },
  
ActionDispatch::Http::Parameters::ParseError (767: unexpected token at ','):
  
actionpack (5.2.2) lib/action_dispatch/http/parameters.rb:117:in `rescue in parse_formatted_parameters'
actionpack (5.2.2) lib/action_dispatch/http/parameters.rb:111:in `parse_formatted_parameters'
actionpack (5.2.2) lib/action_dispatch/http/request.rb:381:in `block in POST'
rack (2.0.6) lib/rack/request.rb:59:in `fetch'
rack (2.0.6) lib/rack/request.rb:59:in `fetch_header'
actionpack (5.2.2) lib/action_dispatch/http/request.rb:380:in `POST'
actionpack (5.2.2) lib/action_dispatch/http/parameters.rb:55:in `parameters'
actionpack (5.2.2) lib/action_controller/metal/params_wrapper.rb:290:in `_wrapper_enabled?'
actionpack (5.2.2) lib/action_controller/metal/params_wrapper.rb:244:in `process_action'
activerecord (5.2.2) lib/active_record/railties/controller_runtime.rb:24:in `process_action'
actionpack (5.2.2) lib/abstract_controller/base.rb:134:in `process'
actionpack (5.2.2) lib/action_controller/metal.rb:191:in `dispatch'
actionpack (5.2.2) lib/action_controller/metal.rb:252:in `dispatch'
actionpack (5.2.2) lib/action_dispatch/routing/route_set.rb:52:in `dispatch'
actionpack (5.2.2) lib/action_dispatch/routing/route_set.rb:34:in `serve'
actionpack (5.2.2) lib/action_dispatch/journey/router.rb:52:in `block in serve'
actionpack (5.2.2) lib/action_dispatch/journey/router.rb:35:in `each'
actionpack (5.2.2) lib/action_dispatch/journey/router.rb:35:in `serve'
actionpack (5.2.2) lib/action_dispatch/routing/route_set.rb:840:in `call'
rack (2.0.6) lib/rack/etag.rb:25:in `call'
rack (2.0.6) lib/rack/conditional_get.rb:38:in `call'
rack (2.0.6) lib/rack/head.rb:12:in `call'
activerecord (5.2.2) lib/active_record/migration.rb:559:in `call'
actionpack (5.2.2) lib/action_dispatch/middleware/callbacks.rb:28:in `block in call'
activesupport (5.2.2) lib/active_support/callbacks.rb:98:in `run_callbacks'
actionpack (5.2.2) lib/action_dispatch/middleware/callbacks.rb:26:in `call'
actionpack (5.2.2) lib/action_dispatch/middleware/executor.rb:14:in `call'
actionpack (5.2.2) lib/action_dispatch/middleware/debug_exceptions.rb:61:in `call'
actionpack (5.2.2) lib/action_dispatch/middleware/show_exceptions.rb:33:in `call'
railties (5.2.2) lib/rails/rack/logger.rb:38:in `call_app'
railties (5.2.2) lib/rails/rack/logger.rb:26:in `block in call'
activesupport (5.2.2) lib/active_support/tagged_logging.rb:71:in `block in tagged'
activesupport (5.2.2) lib/active_support/tagged_logging.rb:28:in `tagged'
activesupport (5.2.2) lib/active_support/tagged_logging.rb:71:in `tagged'
railties (5.2.2) lib/rails/rack/logger.rb:26:in `call'
actionpack (5.2.2) lib/action_dispatch/middleware/remote_ip.rb:81:in `call'
actionpack (5.2.2) lib/action_dispatch/middleware/request_id.rb:27:in `call'
rack (2.0.6) lib/rack/runtime.rb:22:in `call'
activesupport (5.2.2) lib/active_support/cache/strategy/local_cache_middleware.rb:29:in `call'
actionpack (5.2.2) lib/action_dispatch/middleware/executor.rb:14:in `call'
actionpack (5.2.2) lib/action_dispatch/middleware/static.rb:127:in `call'
rack (2.0.6) lib/rack/sendfile.rb:111:in `call'
railties (5.2.2) lib/rails/engine.rb:524:in `call'
puma (3.12.0) lib/puma/configuration.rb:225:in `call'
puma (3.12.0) lib/puma/server.rb:658:in `handle_request'
puma (3.12.0) lib/puma/server.rb:472:in `process_client'
puma (3.12.0) lib/puma/server.rb:332:in `block in run'
puma (3.12.0) lib/puma/thread_pool.rb:133:in `block in spawn_thread'
Started DELETE "/quotes/10" for 127.0.0.1 at 2019-01-23 19:15:03 +0300
Error occurred while parsing request parameters.
Contents:

{
        "id": 7,
        "content": "Getting to know a problem is a bit like getting to know a person: it's a gradual process that requires patience, and there is no state of completion. You can never know the full of a problem, because there is never comprehensive information available. You have to simply draw the line somewhere and make up the rest as you go along.",
        "author": "Frank Chimero",
        "category": "Dance",
        "created_at": "2019-01-23T15:55:29.571Z",
        "updated_at": "2019-01-23T15:55:29.571Z"
    },
  
ActionDispatch::Http::Parameters::ParseError (767: unexpected token at ','):
  
actionpack (5.2.2) lib/action_dispatch/http/parameters.rb:117:in `rescue in parse_formatted_parameters'
actionpack (5.2.2) lib/action_dispatch/http/parameters.rb:111:in `parse_formatted_parameters'
actionpack (5.2.2) lib/action_dispatch/http/request.rb:381:in `block in POST'
rack (2.0.6) lib/rack/request.rb:59:in `fetch'
rack (2.0.6) lib/rack/request.rb:59:in `fetch_header'
actionpack (5.2.2) lib/action_dispatch/http/request.rb:380:in `POST'
actionpack (5.2.2) lib/action_dispatch/http/parameters.rb:55:in `parameters'
actionpack (5.2.2) lib/action_controller/metal/params_wrapper.rb:290:in `_wrapper_enabled?'
actionpack (5.2.2) lib/action_controller/metal/params_wrapper.rb:244:in `process_action'
activerecord (5.2.2) lib/active_record/railties/controller_runtime.rb:24:in `process_action'
actionpack (5.2.2) lib/abstract_controller/base.rb:134:in `process'
actionpack (5.2.2) lib/action_controller/metal.rb:191:in `dispatch'
actionpack (5.2.2) lib/action_controller/metal.rb:252:in `dispatch'
actionpack (5.2.2) lib/action_dispatch/routing/route_set.rb:52:in `dispatch'
actionpack (5.2.2) lib/action_dispatch/routing/route_set.rb:34:in `serve'
actionpack (5.2.2) lib/action_dispatch/journey/router.rb:52:in `block in serve'
actionpack (5.2.2) lib/action_dispatch/journey/router.rb:35:in `each'
actionpack (5.2.2) lib/action_dispatch/journey/router.rb:35:in `serve'
actionpack (5.2.2) lib/action_dispatch/routing/route_set.rb:840:in `call'
rack (2.0.6) lib/rack/etag.rb:25:in `call'
rack (2.0.6) lib/rack/conditional_get.rb:38:in `call'
rack (2.0.6) lib/rack/head.rb:12:in `call'
activerecord (5.2.2) lib/active_record/migration.rb:559:in `call'
actionpack (5.2.2) lib/action_dispatch/middleware/callbacks.rb:28:in `block in call'
activesupport (5.2.2) lib/active_support/callbacks.rb:98:in `run_callbacks'
actionpack (5.2.2) lib/action_dispatch/middleware/callbacks.rb:26:in `call'
actionpack (5.2.2) lib/action_dispatch/middleware/executor.rb:14:in `call'
actionpack (5.2.2) lib/action_dispatch/middleware/debug_exceptions.rb:61:in `call'
actionpack (5.2.2) lib/action_dispatch/middleware/show_exceptions.rb:33:in `call'
railties (5.2.2) lib/rails/rack/logger.rb:38:in `call_app'
railties (5.2.2) lib/rails/rack/logger.rb:26:in `block in call'
activesupport (5.2.2) lib/active_support/tagged_logging.rb:71:in `block in tagged'
activesupport (5.2.2) lib/active_support/tagged_logging.rb:28:in `tagged'
activesupport (5.2.2) lib/active_support/tagged_logging.rb:71:in `tagged'
railties (5.2.2) lib/rails/rack/logger.rb:26:in `call'
actionpack (5.2.2) lib/action_dispatch/middleware/remote_ip.rb:81:in `call'
actionpack (5.2.2) lib/action_dispatch/middleware/request_id.rb:27:in `call'
rack (2.0.6) lib/rack/runtime.rb:22:in `call'
activesupport (5.2.2) lib/active_support/cache/strategy/local_cache_middleware.rb:29:in `call'
actionpack (5.2.2) lib/action_dispatch/middleware/executor.rb:14:in `call'
actionpack (5.2.2) lib/action_dispatch/middleware/static.rb:127:in `call'
rack (2.0.6) lib/rack/sendfile.rb:111:in `call'
railties (5.2.2) lib/rails/engine.rb:524:in `call'
puma (3.12.0) lib/puma/configuration.rb:225:in `call'
puma (3.12.0) lib/puma/server.rb:658:in `handle_request'
puma (3.12.0) lib/puma/server.rb:472:in `process_client'
puma (3.12.0) lib/puma/server.rb:332:in `block in run'
puma (3.12.0) lib/puma/thread_pool.rb:133:in `block in spawn_thread'
Started GET "/quotes/10" for 127.0.0.1 at 2019-01-23 19:15:08 +0300
Error occurred while parsing request parameters.
Contents:

{
        "id": 7,
        "content": "Getting to know a problem is a bit like getting to know a person: it's a gradual process that requires patience, and there is no state of completion. You can never know the full of a problem, because there is never comprehensive information available. You have to simply draw the line somewhere and make up the rest as you go along.",
        "author": "Frank Chimero",
        "category": "Dance",
        "created_at": "2019-01-23T15:55:29.571Z",
        "updated_at": "2019-01-23T15:55:29.571Z"
    },
  
ActionDispatch::Http::Parameters::ParseError (767: unexpected token at ','):
  
actionpack (5.2.2) lib/action_dispatch/http/parameters.rb:117:in `rescue in parse_formatted_parameters'
actionpack (5.2.2) lib/action_dispatch/http/parameters.rb:111:in `parse_formatted_parameters'
actionpack (5.2.2) lib/action_dispatch/http/request.rb:381:in `block in POST'
rack (2.0.6) lib/rack/request.rb:59:in `fetch'
rack (2.0.6) lib/rack/request.rb:59:in `fetch_header'
actionpack (5.2.2) lib/action_dispatch/http/request.rb:380:in `POST'
actionpack (5.2.2) lib/action_dispatch/http/parameters.rb:55:in `parameters'
actionpack (5.2.2) lib/action_controller/metal/params_wrapper.rb:290:in `_wrapper_enabled?'
actionpack (5.2.2) lib/action_controller/metal/params_wrapper.rb:244:in `process_action'
activerecord (5.2.2) lib/active_record/railties/controller_runtime.rb:24:in `process_action'
actionpack (5.2.2) lib/abstract_controller/base.rb:134:in `process'
actionpack (5.2.2) lib/action_controller/metal.rb:191:in `dispatch'
actionpack (5.2.2) lib/action_controller/metal.rb:252:in `dispatch'
actionpack (5.2.2) lib/action_dispatch/routing/route_set.rb:52:in `dispatch'
actionpack (5.2.2) lib/action_dispatch/routing/route_set.rb:34:in `serve'
actionpack (5.2.2) lib/action_dispatch/journey/router.rb:52:in `block in serve'
actionpack (5.2.2) lib/action_dispatch/journey/router.rb:35:in `each'
actionpack (5.2.2) lib/action_dispatch/journey/router.rb:35:in `serve'
actionpack (5.2.2) lib/action_dispatch/routing/route_set.rb:840:in `call'
rack (2.0.6) lib/rack/etag.rb:25:in `call'
rack (2.0.6) lib/rack/conditional_get.rb:25:in `call'
rack (2.0.6) lib/rack/head.rb:12:in `call'
activerecord (5.2.2) lib/active_record/migration.rb:559:in `call'
actionpack (5.2.2) lib/action_dispatch/middleware/callbacks.rb:28:in `block in call'
activesupport (5.2.2) lib/active_support/callbacks.rb:98:in `run_callbacks'
actionpack (5.2.2) lib/action_dispatch/middleware/callbacks.rb:26:in `call'
actionpack (5.2.2) lib/action_dispatch/middleware/executor.rb:14:in `call'
actionpack (5.2.2) lib/action_dispatch/middleware/debug_exceptions.rb:61:in `call'
actionpack (5.2.2) lib/action_dispatch/middleware/show_exceptions.rb:33:in `call'
railties (5.2.2) lib/rails/rack/logger.rb:38:in `call_app'
railties (5.2.2) lib/rails/rack/logger.rb:26:in `block in call'
activesupport (5.2.2) lib/active_support/tagged_logging.rb:71:in `block in tagged'
activesupport (5.2.2) lib/active_support/tagged_logging.rb:28:in `tagged'
activesupport (5.2.2) lib/active_support/tagged_logging.rb:71:in `tagged'
railties (5.2.2) lib/rails/rack/logger.rb:26:in `call'
actionpack (5.2.2) lib/action_dispatch/middleware/remote_ip.rb:81:in `call'
actionpack (5.2.2) lib/action_dispatch/middleware/request_id.rb:27:in `call'
rack (2.0.6) lib/rack/runtime.rb:22:in `call'
activesupport (5.2.2) lib/active_support/cache/strategy/local_cache_middleware.rb:29:in `call'
actionpack (5.2.2) lib/action_dispatch/middleware/executor.rb:14:in `call'
actionpack (5.2.2) lib/action_dispatch/middleware/static.rb:127:in `call'
rack (2.0.6) lib/rack/sendfile.rb:111:in `call'
railties (5.2.2) lib/rails/engine.rb:524:in `call'
puma (3.12.0) lib/puma/configuration.rb:225:in `call'
puma (3.12.0) lib/puma/server.rb:658:in `handle_request'
puma (3.12.0) lib/puma/server.rb:472:in `process_client'
puma (3.12.0) lib/puma/server.rb:332:in `block in run'
puma (3.12.0) lib/puma/thread_pool.rb:133:in `block in spawn_thread'
Started GET "/quotes/" for 127.0.0.1 at 2019-01-23 19:15:13 +0300
Error occurred while parsing request parameters.
Contents:

{
        "id": 7,
        "content": "Getting to know a problem is a bit like getting to know a person: it's a gradual process that requires patience, and there is no state of completion. You can never know the full of a problem, because there is never comprehensive information available. You have to simply draw the line somewhere and make up the rest as you go along.",
        "author": "Frank Chimero",
        "category": "Dance",
        "created_at": "2019-01-23T15:55:29.571Z",
        "updated_at": "2019-01-23T15:55:29.571Z"
    },
  
ActionDispatch::Http::Parameters::ParseError (767: unexpected token at ','):
  
actionpack (5.2.2) lib/action_dispatch/http/parameters.rb:117:in `rescue in parse_formatted_parameters'
actionpack (5.2.2) lib/action_dispatch/http/parameters.rb:111:in `parse_formatted_parameters'
actionpack (5.2.2) lib/action_dispatch/http/request.rb:381:in `block in POST'
rack (2.0.6) lib/rack/request.rb:59:in `fetch'
rack (2.0.6) lib/rack/request.rb:59:in `fetch_header'
actionpack (5.2.2) lib/action_dispatch/http/request.rb:380:in `POST'
actionpack (5.2.2) lib/action_dispatch/http/parameters.rb:55:in `parameters'
actionpack (5.2.2) lib/action_controller/metal/params_wrapper.rb:290:in `_wrapper_enabled?'
actionpack (5.2.2) lib/action_controller/metal/params_wrapper.rb:244:in `process_action'
activerecord (5.2.2) lib/active_record/railties/controller_runtime.rb:24:in `process_action'
actionpack (5.2.2) lib/abstract_controller/base.rb:134:in `process'
actionpack (5.2.2) lib/action_controller/metal.rb:191:in `dispatch'
actionpack (5.2.2) lib/action_controller/metal.rb:252:in `dispatch'
actionpack (5.2.2) lib/action_dispatch/routing/route_set.rb:52:in `dispatch'
actionpack (5.2.2) lib/action_dispatch/routing/route_set.rb:34:in `serve'
actionpack (5.2.2) lib/action_dispatch/journey/router.rb:52:in `block in serve'
actionpack (5.2.2) lib/action_dispatch/journey/router.rb:35:in `each'
actionpack (5.2.2) lib/action_dispatch/journey/router.rb:35:in `serve'
actionpack (5.2.2) lib/action_dispatch/routing/route_set.rb:840:in `call'
rack (2.0.6) lib/rack/etag.rb:25:in `call'
rack (2.0.6) lib/rack/conditional_get.rb:25:in `call'
rack (2.0.6) lib/rack/head.rb:12:in `call'
activerecord (5.2.2) lib/active_record/migration.rb:559:in `call'
actionpack (5.2.2) lib/action_dispatch/middleware/callbacks.rb:28:in `block in call'
activesupport (5.2.2) lib/active_support/callbacks.rb:98:in `run_callbacks'
actionpack (5.2.2) lib/action_dispatch/middleware/callbacks.rb:26:in `call'
actionpack (5.2.2) lib/action_dispatch/middleware/executor.rb:14:in `call'
actionpack (5.2.2) lib/action_dispatch/middleware/debug_exceptions.rb:61:in `call'
actionpack (5.2.2) lib/action_dispatch/middleware/show_exceptions.rb:33:in `call'
railties (5.2.2) lib/rails/rack/logger.rb:38:in `call_app'
railties (5.2.2) lib/rails/rack/logger.rb:26:in `block in call'
activesupport (5.2.2) lib/active_support/tagged_logging.rb:71:in `block in tagged'
activesupport (5.2.2) lib/active_support/tagged_logging.rb:28:in `tagged'
activesupport (5.2.2) lib/active_support/tagged_logging.rb:71:in `tagged'
railties (5.2.2) lib/rails/rack/logger.rb:26:in `call'
actionpack (5.2.2) lib/action_dispatch/middleware/remote_ip.rb:81:in `call'
actionpack (5.2.2) lib/action_dispatch/middleware/request_id.rb:27:in `call'
rack (2.0.6) lib/rack/runtime.rb:22:in `call'
activesupport (5.2.2) lib/active_support/cache/strategy/local_cache_middleware.rb:29:in `call'
actionpack (5.2.2) lib/action_dispatch/middleware/executor.rb:14:in `call'
actionpack (5.2.2) lib/action_dispatch/middleware/static.rb:127:in `call'
rack (2.0.6) lib/rack/sendfile.rb:111:in `call'
railties (5.2.2) lib/rails/engine.rb:524:in `call'
puma (3.12.0) lib/puma/configuration.rb:225:in `call'
puma (3.12.0) lib/puma/server.rb:658:in `handle_request'
puma (3.12.0) lib/puma/server.rb:472:in `process_client'
puma (3.12.0) lib/puma/server.rb:332:in `block in run'
puma (3.12.0) lib/puma/thread_pool.rb:133:in `block in spawn_thread'
Started GET "/quotes/" for 127.0.0.1 at 2019-01-23 19:15:20 +0300
Error occurred while parsing request parameters.
Contents:

{
        "id": 7,
        "content": "Getting to know a problem is a bit like getting to know a person: it's a gradual process that requires patience, and there is no state of completion. You can never know the full of a problem, because there is never comprehensive information available. You have to simply draw the line somewhere and make up the rest as you go along.",
        "author": "Frank Chimero",
        "category": "Dance",
        "created_at": "2019-01-23T15:55:29.571Z",
        "updated_at": "2019-01-23T15:55:29.571Z"
    },
  
ActionDispatch::Http::Parameters::ParseError (767: unexpected token at ','):
  
actionpack (5.2.2) lib/action_dispatch/http/parameters.rb:117:in `rescue in parse_formatted_parameters'
actionpack (5.2.2) lib/action_dispatch/http/parameters.rb:111:in `parse_formatted_parameters'
actionpack (5.2.2) lib/action_dispatch/http/request.rb:381:in `block in POST'
rack (2.0.6) lib/rack/request.rb:59:in `fetch'
rack (2.0.6) lib/rack/request.rb:59:in `fetch_header'
actionpack (5.2.2) lib/action_dispatch/http/request.rb:380:in `POST'
actionpack (5.2.2) lib/action_dispatch/http/parameters.rb:55:in `parameters'
actionpack (5.2.2) lib/action_controller/metal/params_wrapper.rb:290:in `_wrapper_enabled?'
actionpack (5.2.2) lib/action_controller/metal/params_wrapper.rb:244:in `process_action'
activerecord (5.2.2) lib/active_record/railties/controller_runtime.rb:24:in `process_action'
actionpack (5.2.2) lib/abstract_controller/base.rb:134:in `process'
actionpack (5.2.2) lib/action_controller/metal.rb:191:in `dispatch'
actionpack (5.2.2) lib/action_controller/metal.rb:252:in `dispatch'
actionpack (5.2.2) lib/action_dispatch/routing/route_set.rb:52:in `dispatch'
actionpack (5.2.2) lib/action_dispatch/routing/route_set.rb:34:in `serve'
actionpack (5.2.2) lib/action_dispatch/journey/router.rb:52:in `block in serve'
actionpack (5.2.2) lib/action_dispatch/journey/router.rb:35:in `each'
actionpack (5.2.2) lib/action_dispatch/journey/router.rb:35:in `serve'
actionpack (5.2.2) lib/action_dispatch/routing/route_set.rb:840:in `call'
rack (2.0.6) lib/rack/etag.rb:25:in `call'
rack (2.0.6) lib/rack/conditional_get.rb:25:in `call'
rack (2.0.6) lib/rack/head.rb:12:in `call'
activerecord (5.2.2) lib/active_record/migration.rb:559:in `call'
actionpack (5.2.2) lib/action_dispatch/middleware/callbacks.rb:28:in `block in call'
activesupport (5.2.2) lib/active_support/callbacks.rb:98:in `run_callbacks'
actionpack (5.2.2) lib/action_dispatch/middleware/callbacks.rb:26:in `call'
actionpack (5.2.2) lib/action_dispatch/middleware/executor.rb:14:in `call'
actionpack (5.2.2) lib/action_dispatch/middleware/debug_exceptions.rb:61:in `call'
actionpack (5.2.2) lib/action_dispatch/middleware/show_exceptions.rb:33:in `call'
railties (5.2.2) lib/rails/rack/logger.rb:38:in `call_app'
railties (5.2.2) lib/rails/rack/logger.rb:26:in `block in call'
activesupport (5.2.2) lib/active_support/tagged_logging.rb:71:in `block in tagged'
activesupport (5.2.2) lib/active_support/tagged_logging.rb:28:in `tagged'
activesupport (5.2.2) lib/active_support/tagged_logging.rb:71:in `tagged'
railties (5.2.2) lib/rails/rack/logger.rb:26:in `call'
actionpack (5.2.2) lib/action_dispatch/middleware/remote_ip.rb:81:in `call'
actionpack (5.2.2) lib/action_dispatch/middleware/request_id.rb:27:in `call'
rack (2.0.6) lib/rack/runtime.rb:22:in `call'
activesupport (5.2.2) lib/active_support/cache/strategy/local_cache_middleware.rb:29:in `call'
actionpack (5.2.2) lib/action_dispatch/middleware/executor.rb:14:in `call'
actionpack (5.2.2) lib/action_dispatch/middleware/static.rb:127:in `call'
rack (2.0.6) lib/rack/sendfile.rb:111:in `call'
railties (5.2.2) lib/rails/engine.rb:524:in `call'
puma (3.12.0) lib/puma/configuration.rb:225:in `call'
puma (3.12.0) lib/puma/server.rb:658:in `handle_request'
puma (3.12.0) lib/puma/server.rb:472:in `process_client'
puma (3.12.0) lib/puma/server.rb:332:in `block in run'
puma (3.12.0) lib/puma/thread_pool.rb:133:in `block in spawn_thread'
Started GET "/quotes" for 127.0.0.1 at 2019-01-23 19:15:31 +0300
Processing by QuotesController#index as HTML
  [1m[36mQuote Load (0.9ms)[0m  [1m[34mSELECT "quotes".* FROM "quotes"[0m
  ↳ app/controllers/quotes_controller.rb:8
Completed 200 OK in 29ms (Views: 17.4ms | ActiveRecord: 10.3ms)


Started GET "/quotes" for 127.0.0.1 at 2019-01-23 19:15:40 +0300
Error occurred while parsing request parameters.
Contents:

{
        "id": 7,
        "content": "Getting to know a problem is a bit like getting to know a person: it's a gradual process that requires patience, and there is no state of completion. You can never know the full of a problem, because there is never comprehensive information available. You have to simply draw the line somewhere and make up the rest as you go along.",
        "author": "Frank Chimero",
        "category": "Dance",
        "created_at": "2019-01-23T15:55:29.571Z",
        "updated_at": "2019-01-23T15:55:29.571Z"
    },
  
ActionDispatch::Http::Parameters::ParseError (767: unexpected token at ','):
  
actionpack (5.2.2) lib/action_dispatch/http/parameters.rb:117:in `rescue in parse_formatted_parameters'
actionpack (5.2.2) lib/action_dispatch/http/parameters.rb:111:in `parse_formatted_parameters'
actionpack (5.2.2) lib/action_dispatch/http/request.rb:381:in `block in POST'
rack (2.0.6) lib/rack/request.rb:59:in `fetch'
rack (2.0.6) lib/rack/request.rb:59:in `fetch_header'
actionpack (5.2.2) lib/action_dispatch/http/request.rb:380:in `POST'
actionpack (5.2.2) lib/action_dispatch/http/parameters.rb:55:in `parameters'
actionpack (5.2.2) lib/action_controller/metal/params_wrapper.rb:290:in `_wrapper_enabled?'
actionpack (5.2.2) lib/action_controller/metal/params_wrapper.rb:244:in `process_action'
activerecord (5.2.2) lib/active_record/railties/controller_runtime.rb:24:in `process_action'
actionpack (5.2.2) lib/abstract_controller/base.rb:134:in `process'
actionpack (5.2.2) lib/action_controller/metal.rb:191:in `dispatch'
actionpack (5.2.2) lib/action_controller/metal.rb:252:in `dispatch'
actionpack (5.2.2) lib/action_dispatch/routing/route_set.rb:52:in `dispatch'
actionpack (5.2.2) lib/action_dispatch/routing/route_set.rb:34:in `serve'
actionpack (5.2.2) lib/action_dispatch/journey/router.rb:52:in `block in serve'
actionpack (5.2.2) lib/action_dispatch/journey/router.rb:35:in `each'
actionpack (5.2.2) lib/action_dispatch/journey/router.rb:35:in `serve'
actionpack (5.2.2) lib/action_dispatch/routing/route_set.rb:840:in `call'
rack (2.0.6) lib/rack/etag.rb:25:in `call'
rack (2.0.6) lib/rack/conditional_get.rb:25:in `call'
rack (2.0.6) lib/rack/head.rb:12:in `call'
activerecord (5.2.2) lib/active_record/migration.rb:559:in `call'
actionpack (5.2.2) lib/action_dispatch/middleware/callbacks.rb:28:in `block in call'
activesupport (5.2.2) lib/active_support/callbacks.rb:98:in `run_callbacks'
actionpack (5.2.2) lib/action_dispatch/middleware/callbacks.rb:26:in `call'
actionpack (5.2.2) lib/action_dispatch/middleware/executor.rb:14:in `call'
actionpack (5.2.2) lib/action_dispatch/middleware/debug_exceptions.rb:61:in `call'
actionpack (5.2.2) lib/action_dispatch/middleware/show_exceptions.rb:33:in `call'
railties (5.2.2) lib/rails/rack/logger.rb:38:in `call_app'
railties (5.2.2) lib/rails/rack/logger.rb:26:in `block in call'
activesupport (5.2.2) lib/active_support/tagged_logging.rb:71:in `block in tagged'
activesupport (5.2.2) lib/active_support/tagged_logging.rb:28:in `tagged'
activesupport (5.2.2) lib/active_support/tagged_logging.rb:71:in `tagged'
railties (5.2.2) lib/rails/rack/logger.rb:26:in `call'
actionpack (5.2.2) lib/action_dispatch/middleware/remote_ip.rb:81:in `call'
actionpack (5.2.2) lib/action_dispatch/middleware/request_id.rb:27:in `call'
rack (2.0.6) lib/rack/runtime.rb:22:in `call'
activesupport (5.2.2) lib/active_support/cache/strategy/local_cache_middleware.rb:29:in `call'
actionpack (5.2.2) lib/action_dispatch/middleware/executor.rb:14:in `call'
actionpack (5.2.2) lib/action_dispatch/middleware/static.rb:127:in `call'
rack (2.0.6) lib/rack/sendfile.rb:111:in `call'
railties (5.2.2) lib/rails/engine.rb:524:in `call'
puma (3.12.0) lib/puma/configuration.rb:225:in `call'
puma (3.12.0) lib/puma/server.rb:658:in `handle_request'
puma (3.12.0) lib/puma/server.rb:472:in `process_client'
puma (3.12.0) lib/puma/server.rb:332:in `block in run'
puma (3.12.0) lib/puma/thread_pool.rb:133:in `block in spawn_thread'
Started GET "/quotes" for 127.0.0.1 at 2019-01-23 19:15:46 +0300
Processing by QuotesController#index as HTML
  [1m[36mQuote Load (0.7ms)[0m  [1m[34mSELECT "quotes".* FROM "quotes"[0m
  ↳ app/controllers/quotes_controller.rb:8
Completed 200 OK in 7ms (Views: 6.1ms | ActiveRecord: 0.7ms)


Started GET "/quotes/1" for 127.0.0.1 at 2019-01-23 19:15:49 +0300
Processing by QuotesController#show as HTML
  Parameters: {"id"=>"1"}
  [1m[36mQuote Load (0.5ms)[0m  [1m[34mSELECT  "quotes".* FROM "quotes" WHERE "quotes"."id" = $1 LIMIT $2[0m  [["id", 1], ["LIMIT", 1]]
  ↳ app/controllers/quotes_controller.rb:12
Completed 200 OK in 19ms (Views: 0.4ms | ActiveRecord: 0.8ms)


Started GET "/quotes" for 127.0.0.1 at 2019-01-23 19:16:04 +0300
Processing by QuotesController#index as */*
  [1m[36mQuote Load (0.7ms)[0m  [1m[34mSELECT "quotes".* FROM "quotes"[0m
  ↳ app/controllers/quotes_controller.rb:8
Completed 200 OK in 8ms (Views: 7.1ms | ActiveRecord: 0.7ms)


Started GET "/quotes/1" for 127.0.0.1 at 2019-01-23 19:16:11 +0300
Processing by QuotesController#show as */*
  Parameters: {"id"=>"1"}
  [1m[36mQuote Load (1.8ms)[0m  [1m[34mSELECT  "quotes".* FROM "quotes" WHERE "quotes"."id" = $1 LIMIT $2[0m  [["id", 1], ["LIMIT", 1]]
  ↳ app/controllers/quotes_controller.rb:12
Completed 200 OK in 4ms (Views: 0.6ms | ActiveRecord: 1.8ms)


Started DELETE "/quotes/1" for 127.0.0.1 at 2019-01-23 19:16:17 +0300
Processing by QuotesController#destroy as */*
  Parameters: {"id"=>"1"}
  [1m[36mQuote Load (0.9ms)[0m  [1m[34mSELECT  "quotes".* FROM "quotes" WHERE "quotes"."id" = $1 LIMIT $2[0m  [["id", 1], ["LIMIT", 1]]
  ↳ app/controllers/quotes_controller.rb:23
  [1m[35m (0.8ms)[0m  [1m[35mBEGIN[0m
  ↳ app/controllers/quotes_controller.rb:24
  [1m[36mQuote Destroy (1.1ms)[0m  [1m[31mDELETE FROM "quotes" WHERE "quotes"."id" = $1[0m  [["id", 1]]
  ↳ app/controllers/quotes_controller.rb:24
  [1m[35m (17.1ms)[0m  [1m[35mCOMMIT[0m
  ↳ app/controllers/quotes_controller.rb:24
Completed 200 OK in 24ms (Views: 0.2ms | ActiveRecord: 19.9ms)


Started GET "/quotes/2" for 127.0.0.1 at 2019-01-23 19:17:18 +0300
Processing by QuotesController#show as HTML
  Parameters: {"id"=>"2"}
  [1m[36mQuote Load (1.3ms)[0m  [1m[34mSELECT  "quotes".* FROM "quotes" WHERE "quotes"."id" = $1 LIMIT $2[0m  [["id", 2], ["LIMIT", 1]]
  ↳ app/controllers/quotes_controller.rb:12
Completed 200 OK in 3ms (Views: 0.5ms | ActiveRecord: 1.3ms)


