  [1m[35m (508.9ms)[0m  [1m[35mCREATE DATABASE "auotes_api_development" ENCODING = 'unicode'[0m
  ↳ /Users/mac/.rvm/rubies/ruby-2.6.0/lib/ruby/gems/2.6.0/gems/rake-12.3.2/lib/rake/task.rb:273
  [1m[35m (409.6ms)[0m  [1m[35mCREATE DATABASE "auotes_api_test" ENCODING = 'unicode'[0m
  ↳ /Users/mac/.rvm/rubies/ruby-2.6.0/lib/ruby/gems/2.6.0/gems/rake-12.3.2/lib/rake/task.rb:273
  [1m[35m (17.6ms)[0m  [1m[35mCREATE TABLE "schema_migrations" ("version" character varying NOT NULL PRIMARY KEY)[0m
  ↳ /Users/mac/.rvm/rubies/ruby-2.6.0/lib/ruby/gems/2.6.0/gems/rake-12.3.2/lib/rake/task.rb:273
  [1m[35m (6.9ms)[0m  [1m[35mCREATE TABLE "ar_internal_metadata" ("key" character varying NOT NULL PRIMARY KEY, "value" character varying, "created_at" timestamp NOT NULL, "updated_at" timestamp NOT NULL)[0m
  ↳ /Users/mac/.rvm/rubies/ruby-2.6.0/lib/ruby/gems/2.6.0/gems/rake-12.3.2/lib/rake/task.rb:273
  [1m[35m (0.8ms)[0m  [1m[34mSELECT "schema_migrations"."version" FROM "schema_migrations" ORDER BY "schema_migrations"."version" ASC[0m
  ↳ /Users/mac/.rvm/rubies/ruby-2.6.0/lib/ruby/gems/2.6.0/gems/rake-12.3.2/lib/rake/task.rb:273
  [1m[35m (1.9ms)[0m  [1m[34mSELECT pg_try_advisory_lock(5163073183368223725)[0m
  ↳ /Users/mac/.rvm/rubies/ruby-2.6.0/lib/ruby/gems/2.6.0/gems/rake-12.3.2/lib/rake/task.rb:273
  [1m[35m (0.6ms)[0m  [1m[34mSELECT "schema_migrations"."version" FROM "schema_migrations" ORDER BY "schema_migrations"."version" ASC[0m
  ↳ /Users/mac/.rvm/rubies/ruby-2.6.0/lib/ruby/gems/2.6.0/gems/rake-12.3.2/lib/rake/task.rb:273
  [1m[36mActiveRecord::InternalMetadata Load (0.6ms)[0m  [1m[34mSELECT  "ar_internal_metadata".* FROM "ar_internal_metadata" WHERE "ar_internal_metadata"."key" = $1 LIMIT $2[0m  [["key", "environment"], ["LIMIT", 1]]
  ↳ /Users/mac/.rvm/rubies/ruby-2.6.0/lib/ruby/gems/2.6.0/gems/rake-12.3.2/lib/rake/task.rb:273
  [1m[35m (0.2ms)[0m  [1m[35mBEGIN[0m
  ↳ /Users/mac/.rvm/rubies/ruby-2.6.0/lib/ruby/gems/2.6.0/gems/rake-12.3.2/lib/rake/task.rb:273
  [1m[36mActiveRecord::InternalMetadata Create (0.5ms)[0m  [1m[32mINSERT INTO "ar_internal_metadata" ("key", "value", "created_at", "updated_at") VALUES ($1, $2, $3, $4) RETURNING "key"[0m  [["key", "environment"], ["value", "development"], ["created_at", "2019-01-23 14:24:39.575368"], ["updated_at", "2019-01-23 14:24:39.575368"]]
  ↳ /Users/mac/.rvm/rubies/ruby-2.6.0/lib/ruby/gems/2.6.0/gems/rake-12.3.2/lib/rake/task.rb:273
  [1m[35m (0.5ms)[0m  [1m[35mCOMMIT[0m
  ↳ /Users/mac/.rvm/rubies/ruby-2.6.0/lib/ruby/gems/2.6.0/gems/rake-12.3.2/lib/rake/task.rb:273
  [1m[35m (0.3ms)[0m  [1m[34mSELECT pg_advisory_unlock(5163073183368223725)[0m
  ↳ /Users/mac/.rvm/rubies/ruby-2.6.0/lib/ruby/gems/2.6.0/gems/rake-12.3.2/lib/rake/task.rb:273
  [1m[35m (0.1ms)[0m  [1m[34mSELECT "schema_migrations"."version" FROM "schema_migrations" ORDER BY "schema_migrations"."version" ASC[0m
  ↳ /Users/mac/.rvm/rubies/ruby-2.6.0/lib/ruby/gems/2.6.0/gems/rake-12.3.2/lib/rake/task.rb:273
  [1m[35m (0.5ms)[0m  [1m[34mSELECT "schema_migrations"."version" FROM "schema_migrations" ORDER BY "schema_migrations"."version" ASC[0m
  ↳ /Users/mac/.rvm/rubies/ruby-2.6.0/lib/ruby/gems/2.6.0/gems/rake-12.3.2/lib/rake/task.rb:273
  [1m[35m (0.5ms)[0m  [1m[34mSELECT "schema_migrations"."version" FROM "schema_migrations" ORDER BY "schema_migrations"."version" ASC[0m
  ↳ /Users/mac/.rvm/rubies/ruby-2.6.0/lib/ruby/gems/2.6.0/gems/rake-12.3.2/lib/rake/task.rb:273
Started GET "/" for 127.0.0.1 at 2019-01-23 17:43:40 +0300
  [1m[35m (0.6ms)[0m  [1m[34mSELECT "schema_migrations"."version" FROM "schema_migrations" ORDER BY "schema_migrations"."version" ASC[0m
  ↳ /Users/mac/.rvm/gems/ruby-2.6.0/gems/activerecord-5.2.2/lib/active_record/log_subscriber.rb:98
  
ActiveRecord::PendingMigrationError (

Migrations are pending. To resolve this issue, run:

        bin/rails db:migrate RAILS_ENV=development

):
  
activerecord (5.2.2) lib/active_record/migration.rb:579:in `check_pending!'
activerecord (5.2.2) lib/active_record/migration.rb:556:in `call'
actionpack (5.2.2) lib/action_dispatch/middleware/callbacks.rb:28:in `block in call'
activesupport (5.2.2) lib/active_support/callbacks.rb:98:in `run_callbacks'
actionpack (5.2.2) lib/action_dispatch/middleware/callbacks.rb:26:in `call'
actionpack (5.2.2) lib/action_dispatch/middleware/executor.rb:14:in `call'
actionpack (5.2.2) lib/action_dispatch/middleware/debug_exceptions.rb:61:in `call'
actionpack (5.2.2) lib/action_dispatch/middleware/show_exceptions.rb:33:in `call'
railties (5.2.2) lib/rails/rack/logger.rb:38:in `call_app'
railties (5.2.2) lib/rails/rack/logger.rb:26:in `block in call'
activesupport (5.2.2) lib/active_support/tagged_logging.rb:71:in `block in tagged'
activesupport (5.2.2) lib/active_support/tagged_logging.rb:28:in `tagged'
activesupport (5.2.2) lib/active_support/tagged_logging.rb:71:in `tagged'
railties (5.2.2) lib/rails/rack/logger.rb:26:in `call'
actionpack (5.2.2) lib/action_dispatch/middleware/remote_ip.rb:81:in `call'
actionpack (5.2.2) lib/action_dispatch/middleware/request_id.rb:27:in `call'
rack (2.0.6) lib/rack/runtime.rb:22:in `call'
activesupport (5.2.2) lib/active_support/cache/strategy/local_cache_middleware.rb:29:in `call'
actionpack (5.2.2) lib/action_dispatch/middleware/executor.rb:14:in `call'
actionpack (5.2.2) lib/action_dispatch/middleware/static.rb:127:in `call'
rack (2.0.6) lib/rack/sendfile.rb:111:in `call'
railties (5.2.2) lib/rails/engine.rb:524:in `call'
puma (3.12.0) lib/puma/configuration.rb:225:in `call'
puma (3.12.0) lib/puma/server.rb:658:in `handle_request'
puma (3.12.0) lib/puma/server.rb:472:in `process_client'
puma (3.12.0) lib/puma/server.rb:332:in `block in run'
puma (3.12.0) lib/puma/thread_pool.rb:133:in `block in spawn_thread'
  [1m[35m (0.2ms)[0m  [1m[34mSELECT pg_try_advisory_lock(5163073183368223725)[0m
  ↳ /Users/mac/.rvm/rubies/ruby-2.6.0/lib/ruby/gems/2.6.0/gems/rake-12.3.2/lib/rake/task.rb:273
  [1m[35m (0.6ms)[0m  [1m[34mSELECT "schema_migrations"."version" FROM "schema_migrations" ORDER BY "schema_migrations"."version" ASC[0m
  ↳ /Users/mac/.rvm/rubies/ruby-2.6.0/lib/ruby/gems/2.6.0/gems/rake-12.3.2/lib/rake/task.rb:273
Migrating to CreateQuotes (20190123142913)
  [1m[35m (0.2ms)[0m  [1m[35mBEGIN[0m
  ↳ /Users/mac/.rvm/rubies/ruby-2.6.0/lib/ruby/gems/2.6.0/gems/rake-12.3.2/lib/rake/task.rb:273
  [1m[35m (14.5ms)[0m  [1m[35mCREATE TABLE "quotes" ("id" bigserial primary key, "content" character varying, "author" character varying, "category" character varying, "created_at" timestamp NOT NULL, "updated_at" timestamp NOT NULL)[0m
  ↳ db/migrate/20190123142913_create_quotes.rb:3
  [1m[36mActiveRecord::SchemaMigration Create (0.4ms)[0m  [1m[32mINSERT INTO "schema_migrations" ("version") VALUES ($1) RETURNING "version"[0m  [["version", "20190123142913"]]
  ↳ /Users/mac/.rvm/rubies/ruby-2.6.0/lib/ruby/gems/2.6.0/gems/rake-12.3.2/lib/rake/task.rb:273
  [1m[35m (0.5ms)[0m  [1m[35mCOMMIT[0m
  ↳ /Users/mac/.rvm/rubies/ruby-2.6.0/lib/ruby/gems/2.6.0/gems/rake-12.3.2/lib/rake/task.rb:273
Migrating to CreateQuote2s (20190123144551)
  [1m[35m (0.4ms)[0m  [1m[35mBEGIN[0m
  ↳ /Users/mac/.rvm/rubies/ruby-2.6.0/lib/ruby/gems/2.6.0/gems/rake-12.3.2/lib/rake/task.rb:273
  [1m[35m (6.1ms)[0m  [1m[35mCREATE TABLE "quote2s" ("id" bigserial primary key, "content" character varying, "author" character varying, "category" character varying, "created_at" timestamp NOT NULL, "updated_at" timestamp NOT NULL)[0m
  ↳ db/migrate/20190123144551_create_quote2s.rb:3
  [1m[36mActiveRecord::SchemaMigration Create (0.3ms)[0m  [1m[32mINSERT INTO "schema_migrations" ("version") VALUES ($1) RETURNING "version"[0m  [["version", "20190123144551"]]
  ↳ /Users/mac/.rvm/rubies/ruby-2.6.0/lib/ruby/gems/2.6.0/gems/rake-12.3.2/lib/rake/task.rb:273
  [1m[35m (0.5ms)[0m  [1m[35mCOMMIT[0m
  ↳ /Users/mac/.rvm/rubies/ruby-2.6.0/lib/ruby/gems/2.6.0/gems/rake-12.3.2/lib/rake/task.rb:273
  [1m[36mActiveRecord::InternalMetadata Load (0.3ms)[0m  [1m[34mSELECT  "ar_internal_metadata".* FROM "ar_internal_metadata" WHERE "ar_internal_metadata"."key" = $1 LIMIT $2[0m  [["key", "environment"], ["LIMIT", 1]]
  ↳ /Users/mac/.rvm/rubies/ruby-2.6.0/lib/ruby/gems/2.6.0/gems/rake-12.3.2/lib/rake/task.rb:273
  [1m[35m (0.1ms)[0m  [1m[35mBEGIN[0m
  ↳ /Users/mac/.rvm/rubies/ruby-2.6.0/lib/ruby/gems/2.6.0/gems/rake-12.3.2/lib/rake/task.rb:273
  [1m[35m (0.2ms)[0m  [1m[35mCOMMIT[0m
  ↳ /Users/mac/.rvm/rubies/ruby-2.6.0/lib/ruby/gems/2.6.0/gems/rake-12.3.2/lib/rake/task.rb:273
  [1m[35m (0.5ms)[0m  [1m[34mSELECT pg_advisory_unlock(5163073183368223725)[0m
  ↳ /Users/mac/.rvm/rubies/ruby-2.6.0/lib/ruby/gems/2.6.0/gems/rake-12.3.2/lib/rake/task.rb:273
  [1m[35m (0.3ms)[0m  [1m[34mSELECT "schema_migrations"."version" FROM "schema_migrations" ORDER BY "schema_migrations"."version" ASC[0m
  ↳ /Users/mac/.rvm/rubies/ruby-2.6.0/lib/ruby/gems/2.6.0/gems/rake-12.3.2/lib/rake/task.rb:273
  [1m[35m (0.6ms)[0m  [1m[34mSELECT "schema_migrations"."version" FROM "schema_migrations" ORDER BY "schema_migrations"."version" ASC[0m
  ↳ /Users/mac/.rvm/rubies/ruby-2.6.0/lib/ruby/gems/2.6.0/gems/rake-12.3.2/lib/rake/task.rb:273
  [1m[35m (0.1ms)[0m  [1m[35mBEGIN[0m
  ↳ db/seeds.rb:125
  [1m[36mQuote Create (1.0ms)[0m  [1m[32mINSERT INTO "quotes" ("content", "author", "category", "created_at", "updated_at") VALUES ($1, $2, $3, $4, $5) RETURNING "id"[0m  [["content", "Sometimes you win, sometimes you learn."], ["author", "Unknown"], ["category", "motivational"], ["created_at", "2019-01-23 14:46:27.280883"], ["updated_at", "2019-01-23 14:46:27.280883"]]
  ↳ db/seeds.rb:125
  [1m[35m (0.6ms)[0m  [1m[35mCOMMIT[0m
  ↳ db/seeds.rb:125
  [1m[35m (0.1ms)[0m  [1m[35mBEGIN[0m
  ↳ db/seeds.rb:125
  [1m[36mQuote Create (0.2ms)[0m  [1m[32mINSERT INTO "quotes" ("content", "author", "category", "created_at", "updated_at") VALUES ($1, $2, $3, $4, $5) RETURNING "id"[0m  [["content", "Do or do not, there is no try."], ["author", "Yoda"], ["category", "motivational"], ["created_at", "2019-01-23 14:46:27.284261"], ["updated_at", "2019-01-23 14:46:27.284261"]]
  ↳ db/seeds.rb:125
  [1m[35m (0.4ms)[0m  [1m[35mCOMMIT[0m
  ↳ db/seeds.rb:125
  [1m[35m (0.1ms)[0m  [1m[35mBEGIN[0m
  ↳ db/seeds.rb:125
  [1m[36mQuote Create (0.2ms)[0m  [1m[32mINSERT INTO "quotes" ("content", "author", "category", "created_at", "updated_at") VALUES ($1, $2, $3, $4, $5) RETURNING "id"[0m  [["content", "A simple 'Hello' could lead to a million things."], ["author", "Unknown"], ["category", "motivational"], ["created_at", "2019-01-23 14:46:27.286034"], ["updated_at", "2019-01-23 14:46:27.286034"]]
  ↳ db/seeds.rb:125
  [1m[35m (0.3ms)[0m  [1m[35mCOMMIT[0m
  ↳ db/seeds.rb:125
  [1m[35m (0.1ms)[0m  [1m[35mBEGIN[0m
  ↳ db/seeds.rb:125
  [1m[36mQuote Create (0.2ms)[0m  [1m[32mINSERT INTO "quotes" ("content", "author", "category", "created_at", "updated_at") VALUES ($1, $2, $3, $4, $5) RETURNING "id"[0m  [["content", "The expert at anything was once a beginner."], ["author", "Helen Hayes"], ["category", "education"], ["created_at", "2019-01-23 14:46:27.287552"], ["updated_at", "2019-01-23 14:46:27.287552"]]
  ↳ db/seeds.rb:125
  [1m[35m (0.6ms)[0m  [1m[35mCOMMIT[0m
  ↳ db/seeds.rb:125
  [1m[35m (0.7ms)[0m  [1m[35mBEGIN[0m
  ↳ db/seeds.rb:125
  [1m[36mQuote Create (0.2ms)[0m  [1m[32mINSERT INTO "quotes" ("content", "author", "category", "created_at", "updated_at") VALUES ($1, $2, $3, $4, $5) RETURNING "id"[0m  [["content", "You are never too old to get a new goal or dream a new dream!"], ["author", "CS Lewis"], ["category", "motivational"], ["created_at", "2019-01-23 14:46:27.289989"], ["updated_at", "2019-01-23 14:46:27.289989"]]
  ↳ db/seeds.rb:125
  [1m[35m (0.6ms)[0m  [1m[35mCOMMIT[0m
  ↳ db/seeds.rb:125
  [1m[35m (0.1ms)[0m  [1m[35mBEGIN[0m
  ↳ db/seeds.rb:125
  [1m[36mQuote Create (0.2ms)[0m  [1m[32mINSERT INTO "quotes" ("content", "author", "category", "created_at", "updated_at") VALUES ($1, $2, $3, $4, $5) RETURNING "id"[0m  [["content", "If you want something you never had, you have to do something you've never done!"], ["author", "Unknown"], ["category", "motivational"], ["created_at", "2019-01-23 14:46:27.291774"], ["updated_at", "2019-01-23 14:46:27.291774"]]
  ↳ db/seeds.rb:125
  [1m[35m (0.3ms)[0m  [1m[35mCOMMIT[0m
  ↳ db/seeds.rb:125
  [1m[35m (0.1ms)[0m  [1m[35mBEGIN[0m
  ↳ db/seeds.rb:125
  [1m[36mQuote Create (0.2ms)[0m  [1m[32mINSERT INTO "quotes" ("content", "author", "category", "created_at", "updated_at") VALUES ($1, $2, $3, $4, $5) RETURNING "id"[0m  [["content", "Getting to know a problem is a bit like getting to know a person: it's a gradual process that requires patience, and there is no state of completion. You can never know the full of a problem, because there is never comprehensive information available. You have to simply draw the line somewhere and make up the rest as you go along."], ["author", "Frank Chimero"], ["category", "design"], ["created_at", "2019-01-23 14:46:27.293403"], ["updated_at", "2019-01-23 14:46:27.293403"]]
  ↳ db/seeds.rb:125
  [1m[35m (0.6ms)[0m  [1m[35mCOMMIT[0m
  ↳ db/seeds.rb:125
  [1m[35m (0.1ms)[0m  [1m[35mBEGIN[0m
  ↳ db/seeds.rb:125
  [1m[36mQuote Create (0.2ms)[0m  [1m[32mINSERT INTO "quotes" ("content", "author", "category", "created_at", "updated_at") VALUES ($1, $2, $3, $4, $5) RETURNING "id"[0m  [["content", "Others have seen what is and asked why. I have seen what could be and asked why not?"], ["author", "Pablo Picasso"], ["category", "design"], ["created_at", "2019-01-23 14:46:27.295240"], ["updated_at", "2019-01-23 14:46:27.295240"]]
  ↳ db/seeds.rb:125
  [1m[35m (0.5ms)[0m  [1m[35mCOMMIT[0m
  ↳ db/seeds.rb:125
  [1m[35m (0.1ms)[0m  [1m[35mBEGIN[0m
  ↳ db/seeds.rb:125
  [1m[36mQuote Create (0.2ms)[0m  [1m[32mINSERT INTO "quotes" ("content", "author", "category", "created_at", "updated_at") VALUES ($1, $2, $3, $4, $5) RETURNING "id"[0m  [["content", "Who are we, who is each one of us, if not a combinatoria of experiences, information, books we have read, things imagined?"], ["author", "Italo Calvino"], ["category", "literary"], ["created_at", "2019-01-23 14:46:27.297018"], ["updated_at", "2019-01-23 14:46:27.297018"]]
  ↳ db/seeds.rb:125
  [1m[35m (0.7ms)[0m  [1m[35mCOMMIT[0m
  ↳ db/seeds.rb:125
  [1m[35m (0.1ms)[0m  [1m[35mBEGIN[0m
  ↳ db/seeds.rb:125
  [1m[36mQuote Create (0.2ms)[0m  [1m[32mINSERT INTO "quotes" ("content", "author", "category", "created_at", "updated_at") VALUES ($1, $2, $3, $4, $5) RETURNING "id"[0m  [["content", "Who are only undefeated / Because we have gone on trying"], ["author", "T.S. Eliot"], ["category", "poetry"], ["created_at", "2019-01-23 14:46:27.298787"], ["updated_at", "2019-01-23 14:46:27.298787"]]
  ↳ db/seeds.rb:125
  [1m[35m (0.3ms)[0m  [1m[35mCOMMIT[0m
  ↳ db/seeds.rb:125
  [1m[35m (0.1ms)[0m  [1m[35mBEGIN[0m
  ↳ db/seeds.rb:125
  [1m[36mQuote Create (0.2ms)[0m  [1m[32mINSERT INTO "quotes" ("content", "author", "category", "created_at", "updated_at") VALUES ($1, $2, $3, $4, $5) RETURNING "id"[0m  [["content", "In search of the difficulty rather than in its clutch. The disquiet of him who lacks an adversary."], ["author", "Samuel Beckett"], ["category", "literary"], ["created_at", "2019-01-23 14:46:27.300223"], ["updated_at", "2019-01-23 14:46:27.300223"]]
  ↳ db/seeds.rb:125
  [1m[35m (0.6ms)[0m  [1m[35mCOMMIT[0m
  ↳ db/seeds.rb:125
  [1m[35m (0.1ms)[0m  [1m[35mBEGIN[0m
  ↳ db/seeds.rb:125
  [1m[36mQuote Create (0.2ms)[0m  [1m[32mINSERT INTO "quotes" ("content", "author", "category", "created_at", "updated_at") VALUES ($1, $2, $3, $4, $5) RETURNING "id"[0m  [["content", "When the going gets weird, the weird turn pro."], ["author", "Hunter S. Thompson"], ["category", "gonzo"], ["created_at", "2019-01-23 14:46:27.301935"], ["updated_at", "2019-01-23 14:46:27.301935"]]
  ↳ db/seeds.rb:125
  [1m[35m (0.4ms)[0m  [1m[35mCOMMIT[0m
  ↳ db/seeds.rb:125
  [1m[35m (0.1ms)[0m  [1m[35mBEGIN[0m
  ↳ db/seeds.rb:125
  [1m[36mQuote Create (0.2ms)[0m  [1m[32mINSERT INTO "quotes" ("content", "author", "category", "created_at", "updated_at") VALUES ($1, $2, $3, $4, $5) RETURNING "id"[0m  [["content", "Truth suffers from too much analysis."], ["author", "Frank Herbert"], ["category", "philosophical"], ["created_at", "2019-01-23 14:46:27.303369"], ["updated_at", "2019-01-23 14:46:27.303369"]]
  ↳ db/seeds.rb:125
  [1m[35m (0.3ms)[0m  [1m[35mCOMMIT[0m
  ↳ db/seeds.rb:125
  [1m[35m (0.1ms)[0m  [1m[35mBEGIN[0m
  ↳ db/seeds.rb:125
  [1m[36mQuote Create (0.2ms)[0m  [1m[32mINSERT INTO "quotes" ("content", "author", "category", "created_at", "updated_at") VALUES ($1, $2, $3, $4, $5) RETURNING "id"[0m  [["content", "Over and over again, a thousand voices shout: No Image! No Message!"], ["author", "Max Bruinsma"], ["category", "design"], ["created_at", "2019-01-23 14:46:27.304996"], ["updated_at", "2019-01-23 14:46:27.304996"]]
  ↳ db/seeds.rb:125
  [1m[35m (0.4ms)[0m  [1m[35mCOMMIT[0m
  ↳ db/seeds.rb:125
  [1m[35m (0.1ms)[0m  [1m[35mBEGIN[0m
  ↳ db/seeds.rb:125
  [1m[36mQuote Create (0.2ms)[0m  [1m[32mINSERT INTO "quotes" ("content", "author", "category", "created_at", "updated_at") VALUES ($1, $2, $3, $4, $5) RETURNING "id"[0m  [["content", "A circle looks at a square and sees a badly made circle."], ["author", "Jeff VanderMeer"], ["category", "design"], ["created_at", "2019-01-23 14:46:27.306491"], ["updated_at", "2019-01-23 14:46:27.306491"]]
  ↳ db/seeds.rb:125
  [1m[35m (0.5ms)[0m  [1m[35mCOMMIT[0m
  ↳ db/seeds.rb:125
  [1m[35m (0.1ms)[0m  [1m[35mBEGIN[0m
  ↳ db/seeds.rb:125
  [1m[36mQuote Create (0.2ms)[0m  [1m[32mINSERT INTO "quotes" ("content", "author", "category", "created_at", "updated_at") VALUES ($1, $2, $3, $4, $5) RETURNING "id"[0m  [["content", "The aspects of things that are most important for us are hidden because of their simplicity and familiarity."], ["author", "Ludwig Wittgenstein"], ["category", "philosophical"], ["created_at", "2019-01-23 14:46:27.308121"], ["updated_at", "2019-01-23 14:46:27.308121"]]
  ↳ db/seeds.rb:125
  [1m[35m (0.5ms)[0m  [1m[35mCOMMIT[0m
  ↳ db/seeds.rb:125
  [1m[35m (0.1ms)[0m  [1m[35mBEGIN[0m
  ↳ db/seeds.rb:125
  [1m[36mQuote Create (0.2ms)[0m  [1m[32mINSERT INTO "quotes" ("content", "author", "category", "created_at", "updated_at") VALUES ($1, $2, $3, $4, $5) RETURNING "id"[0m  [["content", "All struggle is against impermanence."], ["author", "lord krunkington iii"], ["category", "philosophical"], ["created_at", "2019-01-23 14:46:27.309829"], ["updated_at", "2019-01-23 14:46:27.309829"]]
  ↳ db/seeds.rb:125
  [1m[35m (0.5ms)[0m  [1m[35mCOMMIT[0m
  ↳ db/seeds.rb:125
  [1m[35m (0.1ms)[0m  [1m[35mBEGIN[0m
  ↳ db/seeds.rb:125
  [1m[36mQuote Create (0.3ms)[0m  [1m[32mINSERT INTO "quotes" ("content", "author", "category", "created_at", "updated_at") VALUES ($1, $2, $3, $4, $5) RETURNING "id"[0m  [["content", "All language is mystification, and everything is fiction."], ["author", "Brion Gysin"], ["category", "literary"], ["created_at", "2019-01-23 14:46:27.311800"], ["updated_at", "2019-01-23 14:46:27.311800"]]
  ↳ db/seeds.rb:125
  [1m[35m (0.4ms)[0m  [1m[35mCOMMIT[0m
  ↳ db/seeds.rb:125
  [1m[35m (0.1ms)[0m  [1m[35mBEGIN[0m
  ↳ db/seeds.rb:125
  [1m[36mQuote Create (0.3ms)[0m  [1m[32mINSERT INTO "quotes" ("content", "author", "category", "created_at", "updated_at") VALUES ($1, $2, $3, $4, $5) RETURNING "id"[0m  [["content", "A place where the unknown past and the emergent future meet in a vibrating soundless hum."], ["author", "William Burroughs"], ["category", "philosophical"], ["created_at", "2019-01-23 14:46:27.313696"], ["updated_at", "2019-01-23 14:46:27.313696"]]
  ↳ db/seeds.rb:125
  [1m[35m (0.3ms)[0m  [1m[35mCOMMIT[0m
  ↳ db/seeds.rb:125
  [1m[35m (0.1ms)[0m  [1m[35mBEGIN[0m
  ↳ db/seeds.rb:125
  [1m[36mQuote Create (0.2ms)[0m  [1m[32mINSERT INTO "quotes" ("content", "author", "category", "created_at", "updated_at") VALUES ($1, $2, $3, $4, $5) RETURNING "id"[0m  [["content", "A slow-fade into the silent, imperceptible, ceaseless procession of the stars."], ["author", "Fractalontology"], ["category", "poetry"], ["created_at", "2019-01-23 14:46:27.315283"], ["updated_at", "2019-01-23 14:46:27.315283"]]
  ↳ db/seeds.rb:125
  [1m[35m (0.3ms)[0m  [1m[35mCOMMIT[0m
  ↳ db/seeds.rb:125
  [1m[35m (0.1ms)[0m  [1m[35mBEGIN[0m
  ↳ db/seeds.rb:125
  [1m[36mQuote Create (0.2ms)[0m  [1m[32mINSERT INTO "quotes" ("content", "author", "category", "created_at", "updated_at") VALUES ($1, $2, $3, $4, $5) RETURNING "id"[0m  [["content", "Nodes, clusters, trackbacks, memes... truth follows bandwidth, as sure as use follows invention."], ["author", "Richard Powers"], ["category", "technology"], ["created_at", "2019-01-23 14:46:27.316546"], ["updated_at", "2019-01-23 14:46:27.316546"]]
  ↳ db/seeds.rb:125
  [1m[35m (0.3ms)[0m  [1m[35mCOMMIT[0m
  ↳ db/seeds.rb:125
  [1m[35m (0.1ms)[0m  [1m[35mBEGIN[0m
  ↳ db/seeds.rb:125
  [1m[36mQuote Create (0.2ms)[0m  [1m[32mINSERT INTO "quotes" ("content", "author", "category", "created_at", "updated_at") VALUES ($1, $2, $3, $4, $5) RETURNING "id"[0m  [["content", "The feeling that one is on the edge of many things: that there are many worlds from which we are separated by only a film; that a flick of the wrist, a turn of the body another way will bring us to a new world."], ["author", "Theodore Roethke"], ["category", "philosophical"], ["created_at", "2019-01-23 14:46:27.317889"], ["updated_at", "2019-01-23 14:46:27.317889"]]
  ↳ db/seeds.rb:125
  [1m[35m (0.6ms)[0m  [1m[35mCOMMIT[0m
  ↳ db/seeds.rb:125
  [1m[35m (0.1ms)[0m  [1m[35mBEGIN[0m
  ↳ db/seeds.rb:125
  [1m[36mQuote Create (0.2ms)[0m  [1m[32mINSERT INTO "quotes" ("content", "author", "category", "created_at", "updated_at") VALUES ($1, $2, $3, $4, $5) RETURNING "id"[0m  [["content", "Reality is as thin as paper and betrays with all its cracks its imitative character."], ["author", "Bruno Schulz"], ["category", "philosophical"], ["created_at", "2019-01-23 14:46:27.319619"], ["updated_at", "2019-01-23 14:46:27.319619"]]
  ↳ db/seeds.rb:125
  [1m[35m (0.6ms)[0m  [1m[35mCOMMIT[0m
  ↳ db/seeds.rb:125
  [1m[35m (3.7ms)[0m  [1m[34mSELECT COUNT(*) FROM "quote2s"[0m
  [1m[35m (0.5ms)[0m  [1m[34mSELECT COUNT(*) FROM "quote2s"[0m
  [1m[35m (0.5ms)[0m  [1m[34mSELECT COUNT(*) FROM "quotes"[0m
  [1m[35m (0.4ms)[0m  [1m[34mSELECT COUNT(*) FROM "quotes"[0m
Started GET "/" for 127.0.0.1 at 2019-01-23 17:51:07 +0300
  [1m[35m (0.5ms)[0m  [1m[34mSELECT "schema_migrations"."version" FROM "schema_migrations" ORDER BY "schema_migrations"."version" ASC[0m
  ↳ /Users/mac/.rvm/gems/ruby-2.6.0/gems/activerecord-5.2.2/lib/active_record/log_subscriber.rb:98
Processing by Rails::WelcomeController#index as HTML
  Rendering /Users/mac/.rvm/gems/ruby-2.6.0/gems/railties-5.2.2/lib/rails/templates/rails/welcome/index.html.erb
  Rendered /Users/mac/.rvm/gems/ruby-2.6.0/gems/railties-5.2.2/lib/rails/templates/rails/welcome/index.html.erb (2.8ms)
Completed 200 OK in 8ms (Views: 6.5ms | ActiveRecord: 0.0ms)


Started GET "/" for 127.0.0.1 at 2019-01-23 17:52:50 +0300
  [1m[35m (0.5ms)[0m  [1m[34mSELECT "schema_migrations"."version" FROM "schema_migrations" ORDER BY "schema_migrations"."version" ASC[0m
  ↳ /Users/mac/.rvm/gems/ruby-2.6.0/gems/activerecord-5.2.2/lib/active_record/log_subscriber.rb:98
Processing by Rails::WelcomeController#index as HTML
  Rendering /Users/mac/.rvm/gems/ruby-2.6.0/gems/railties-5.2.2/lib/rails/templates/rails/welcome/index.html.erb
  Rendered /Users/mac/.rvm/gems/ruby-2.6.0/gems/railties-5.2.2/lib/rails/templates/rails/welcome/index.html.erb (3.3ms)
Completed 200 OK in 10ms (Views: 7.3ms | ActiveRecord: 0.0ms)


Started GET "/quote" for 127.0.0.1 at 2019-01-23 17:52:54 +0300
Processing by QuoteController#index as HTML
  [1m[36mQuote Load (0.5ms)[0m  [1m[34mSELECT "quotes".* FROM "quotes"[0m
  ↳ app/controllers/quote_controller.rb:6
Completed 200 OK in 24ms (Views: 13.0ms | ActiveRecord: 7.6ms)


Started GET "/quote/2" for 127.0.0.1 at 2019-01-23 17:52:56 +0300
Processing by QuoteController#show as HTML
  Parameters: {"id"=>"2"}
Completed 200 OK in 1ms (Views: 0.5ms | ActiveRecord: 0.0ms)


Started GET "/quote" for 127.0.0.1 at 2019-01-23 17:52:59 +0300
Processing by QuoteController#index as HTML
  [1m[36mQuote Load (1.2ms)[0m  [1m[34mSELECT "quotes".* FROM "quotes"[0m
  ↳ app/controllers/quote_controller.rb:6
Completed 200 OK in 6ms (Views: 4.5ms | ActiveRecord: 1.2ms)


Started GET "/quote/5" for 127.0.0.1 at 2019-01-23 17:53:04 +0300
Processing by QuoteController#show as HTML
  Parameters: {"id"=>"5"}
Completed 200 OK in 1ms (Views: 0.2ms | ActiveRecord: 0.0ms)


Started GET "/quote/5" for 127.0.0.1 at 2019-01-23 17:54:12 +0300
  [1m[35m (0.7ms)[0m  [1m[34mSELECT "schema_migrations"."version" FROM "schema_migrations" ORDER BY "schema_migrations"."version" ASC[0m
  ↳ /Users/mac/.rvm/gems/ruby-2.6.0/gems/activerecord-5.2.2/lib/active_record/log_subscriber.rb:98
Processing by QuoteController#show as HTML
  Parameters: {"id"=>"5"}
Completed 200 OK in 0ms (Views: 0.2ms | ActiveRecord: 0.0ms)


Started GET "/quotes" for 127.0.0.1 at 2019-01-23 17:55:22 +0300
  [1m[35m (1.0ms)[0m  [1m[34mSELECT "schema_migrations"."version" FROM "schema_migrations" ORDER BY "schema_migrations"."version" ASC[0m
  ↳ /Users/mac/.rvm/gems/ruby-2.6.0/gems/activerecord-5.2.2/lib/active_record/log_subscriber.rb:98
  
ActionController::RoutingError (No route matches [GET] "/quotes"):
  
actionpack (5.2.2) lib/action_dispatch/middleware/debug_exceptions.rb:65:in `call'
actionpack (5.2.2) lib/action_dispatch/middleware/show_exceptions.rb:33:in `call'
railties (5.2.2) lib/rails/rack/logger.rb:38:in `call_app'
railties (5.2.2) lib/rails/rack/logger.rb:26:in `block in call'
activesupport (5.2.2) lib/active_support/tagged_logging.rb:71:in `block in tagged'
activesupport (5.2.2) lib/active_support/tagged_logging.rb:28:in `tagged'
activesupport (5.2.2) lib/active_support/tagged_logging.rb:71:in `tagged'
railties (5.2.2) lib/rails/rack/logger.rb:26:in `call'
actionpack (5.2.2) lib/action_dispatch/middleware/remote_ip.rb:81:in `call'
actionpack (5.2.2) lib/action_dispatch/middleware/request_id.rb:27:in `call'
rack (2.0.6) lib/rack/runtime.rb:22:in `call'
activesupport (5.2.2) lib/active_support/cache/strategy/local_cache_middleware.rb:29:in `call'
actionpack (5.2.2) lib/action_dispatch/middleware/executor.rb:14:in `call'
actionpack (5.2.2) lib/action_dispatch/middleware/static.rb:127:in `call'
rack (2.0.6) lib/rack/sendfile.rb:111:in `call'
railties (5.2.2) lib/rails/engine.rb:524:in `call'
puma (3.12.0) lib/puma/configuration.rb:225:in `call'
puma (3.12.0) lib/puma/server.rb:658:in `handle_request'
puma (3.12.0) lib/puma/server.rb:472:in `process_client'
puma (3.12.0) lib/puma/server.rb:332:in `block in run'
puma (3.12.0) lib/puma/thread_pool.rb:133:in `block in spawn_thread'
Started GET "/quote" for 127.0.0.1 at 2019-01-23 17:55:24 +0300
Processing by QuoteController#index as HTML
  [1m[36mQuote Load (1.7ms)[0m  [1m[34mSELECT "quotes".* FROM "quotes"[0m
  ↳ app/controllers/quote_controller.rb:6
Completed 200 OK in 25ms (Views: 16.6ms | ActiveRecord: 5.0ms)


Started DELETE "/" for 127.0.0.1 at 2019-01-23 17:55:39 +0300
  
ActionController::RoutingError (No route matches [DELETE] "/"):
  
actionpack (5.2.2) lib/action_dispatch/middleware/debug_exceptions.rb:65:in `call'
actionpack (5.2.2) lib/action_dispatch/middleware/show_exceptions.rb:33:in `call'
railties (5.2.2) lib/rails/rack/logger.rb:38:in `call_app'
railties (5.2.2) lib/rails/rack/logger.rb:26:in `block in call'
activesupport (5.2.2) lib/active_support/tagged_logging.rb:71:in `block in tagged'
activesupport (5.2.2) lib/active_support/tagged_logging.rb:28:in `tagged'
activesupport (5.2.2) lib/active_support/tagged_logging.rb:71:in `tagged'
railties (5.2.2) lib/rails/rack/logger.rb:26:in `call'
actionpack (5.2.2) lib/action_dispatch/middleware/remote_ip.rb:81:in `call'
actionpack (5.2.2) lib/action_dispatch/middleware/request_id.rb:27:in `call'
rack (2.0.6) lib/rack/runtime.rb:22:in `call'
activesupport (5.2.2) lib/active_support/cache/strategy/local_cache_middleware.rb:29:in `call'
actionpack (5.2.2) lib/action_dispatch/middleware/executor.rb:14:in `call'
actionpack (5.2.2) lib/action_dispatch/middleware/static.rb:127:in `call'
rack (2.0.6) lib/rack/sendfile.rb:111:in `call'
railties (5.2.2) lib/rails/engine.rb:524:in `call'
puma (3.12.0) lib/puma/configuration.rb:225:in `call'
puma (3.12.0) lib/puma/server.rb:658:in `handle_request'
puma (3.12.0) lib/puma/server.rb:472:in `process_client'
puma (3.12.0) lib/puma/server.rb:332:in `block in run'
puma (3.12.0) lib/puma/thread_pool.rb:133:in `block in spawn_thread'
Started GET "/" for 127.0.0.1 at 2019-01-23 17:55:49 +0300
Processing by Rails::WelcomeController#index as */*
  Parameters: {"id"=>151, "name"=>"Bulbasaur updated", "type1"=>"Grass", "type2"=>"Poison", "hitpoints"=>45, "attack"=>49, "defense"=>49, "speed"=>45, "legendary"=>false, "img"=>"https://static.giantbomb.com/uploads/scale_small/13/135472/1891758-001bulbasaur.png", "created_at"=>"2019-01-23T12:49:32.357Z", "updated_at"=>"2019-01-23T12:49:32.357Z", "welcome"=>{"id"=>151, "name"=>"Bulbasaur updated", "type1"=>"Grass", "type2"=>"Poison", "hitpoints"=>45, "attack"=>49, "defense"=>49, "speed"=>45, "legendary"=>false, "img"=>"https://static.giantbomb.com/uploads/scale_small/13/135472/1891758-001bulbasaur.png", "created_at"=>"2019-01-23T12:49:32.357Z", "updated_at"=>"2019-01-23T12:49:32.357Z"}}
  Rendering /Users/mac/.rvm/gems/ruby-2.6.0/gems/railties-5.2.2/lib/rails/templates/rails/welcome/index.html.erb
  Rendered /Users/mac/.rvm/gems/ruby-2.6.0/gems/railties-5.2.2/lib/rails/templates/rails/welcome/index.html.erb (3.1ms)
Completed 200 OK in 16ms (Views: 7.1ms | ActiveRecord: 0.0ms)


Started GET "/quote" for 127.0.0.1 at 2019-01-23 17:56:05 +0300
Processing by QuoteController#index as HTML
  [1m[36mQuote Load (0.3ms)[0m  [1m[34mSELECT "quotes".* FROM "quotes"[0m
  ↳ app/controllers/quote_controller.rb:6
Completed 200 OK in 5ms (Views: 4.3ms | ActiveRecord: 0.3ms)


Started GET "/quote/5" for 127.0.0.1 at 2019-01-23 17:56:09 +0300
Processing by QuoteController#show as HTML
  Parameters: {"id"=>"5"}
Completed 200 OK in 0ms (Views: 0.2ms | ActiveRecord: 0.0ms)


Started GET "/" for 127.0.0.1 at 2019-01-23 17:57:07 +0300
Processing by Rails::WelcomeController#index as */*
  Parameters: {"id"=>151, "name"=>"Bulbasaur updated", "type1"=>"Grass", "type2"=>"Poison", "hitpoints"=>45, "attack"=>49, "defense"=>49, "speed"=>45, "legendary"=>false, "img"=>"https://static.giantbomb.com/uploads/scale_small/13/135472/1891758-001bulbasaur.png", "created_at"=>"2019-01-23T12:49:32.357Z", "updated_at"=>"2019-01-23T12:49:32.357Z", "welcome"=>{"id"=>151, "name"=>"Bulbasaur updated", "type1"=>"Grass", "type2"=>"Poison", "hitpoints"=>45, "attack"=>49, "defense"=>49, "speed"=>45, "legendary"=>false, "img"=>"https://static.giantbomb.com/uploads/scale_small/13/135472/1891758-001bulbasaur.png", "created_at"=>"2019-01-23T12:49:32.357Z", "updated_at"=>"2019-01-23T12:49:32.357Z"}}
  Rendering /Users/mac/.rvm/gems/ruby-2.6.0/gems/railties-5.2.2/lib/rails/templates/rails/welcome/index.html.erb
  Rendered /Users/mac/.rvm/gems/ruby-2.6.0/gems/railties-5.2.2/lib/rails/templates/rails/welcome/index.html.erb (3.2ms)
Completed 200 OK in 12ms (Views: 7.4ms | ActiveRecord: 0.0ms)


Started GET "/quote" for 127.0.0.1 at 2019-01-23 17:57:43 +0300
Processing by QuoteController#index as */*
  Parameters: {"id"=>151, "name"=>"Bulbasaur updated", "type1"=>"Grass", "type2"=>"Poison", "hitpoints"=>45, "attack"=>49, "defense"=>49, "speed"=>45, "legendary"=>false, "img"=>"https://static.giantbomb.com/uploads/scale_small/13/135472/1891758-001bulbasaur.png", "created_at"=>"2019-01-23T12:49:32.357Z", "updated_at"=>"2019-01-23T12:49:32.357Z", "quote"=>{"id"=>151, "created_at"=>"2019-01-23T12:49:32.357Z", "updated_at"=>"2019-01-23T12:49:32.357Z"}}
  [1m[36mQuote Load (1.3ms)[0m  [1m[34mSELECT "quotes".* FROM "quotes"[0m
  ↳ app/controllers/quote_controller.rb:6
Completed 200 OK in 6ms (Views: 4.8ms | ActiveRecord: 1.3ms)


Started GET "/quote/2" for 127.0.0.1 at 2019-01-23 17:57:46 +0300
Processing by QuoteController#show as */*
  Parameters: {"id"=>"2", "name"=>"Bulbasaur updated", "type1"=>"Grass", "type2"=>"Poison", "hitpoints"=>45, "attack"=>49, "defense"=>49, "speed"=>45, "legendary"=>false, "img"=>"https://static.giantbomb.com/uploads/scale_small/13/135472/1891758-001bulbasaur.png", "created_at"=>"2019-01-23T12:49:32.357Z", "updated_at"=>"2019-01-23T12:49:32.357Z", "quote"=>{"id"=>"2", "created_at"=>"2019-01-23T12:49:32.357Z", "updated_at"=>"2019-01-23T12:49:32.357Z"}}
Completed 200 OK in 0ms (Views: 0.2ms | ActiveRecord: 0.0ms)


Started GET "/quote" for 127.0.0.1 at 2019-01-23 17:58:01 +0300
Processing by QuoteController#index as */*
  Parameters: {"id"=>151, "name"=>"Bulbasaur updated", "type1"=>"Grass", "type2"=>"Poison", "hitpoints"=>45, "attack"=>49, "defense"=>49, "speed"=>45, "legendary"=>false, "img"=>"https://static.giantbomb.com/uploads/scale_small/13/135472/1891758-001bulbasaur.png", "created_at"=>"2019-01-23T12:49:32.357Z", "updated_at"=>"2019-01-23T12:49:32.357Z", "quote"=>{"id"=>151, "created_at"=>"2019-01-23T12:49:32.357Z", "updated_at"=>"2019-01-23T12:49:32.357Z"}}
  [1m[36mQuote Load (0.5ms)[0m  [1m[34mSELECT "quotes".* FROM "quotes"[0m
  ↳ app/controllers/quote_controller.rb:6
Completed 200 OK in 34ms (Views: 33.6ms | ActiveRecord: 0.5ms)


Started GET "/quote/4" for 127.0.0.1 at 2019-01-23 17:58:12 +0300
Processing by QuoteController#show as */*
  Parameters: {"id"=>"4", "name"=>"Bulbasaur updated", "type1"=>"Grass", "type2"=>"Poison", "hitpoints"=>45, "attack"=>49, "defense"=>49, "speed"=>45, "legendary"=>false, "img"=>"https://static.giantbomb.com/uploads/scale_small/13/135472/1891758-001bulbasaur.png", "created_at"=>"2019-01-23T12:49:32.357Z", "updated_at"=>"2019-01-23T12:49:32.357Z", "quote"=>{"id"=>"4", "created_at"=>"2019-01-23T12:49:32.357Z", "updated_at"=>"2019-01-23T12:49:32.357Z"}}
Completed 200 OK in 0ms (Views: 0.1ms | ActiveRecord: 0.0ms)


  [1m[36mQuote Load (0.4ms)[0m  [1m[34mSELECT  "quotes".* FROM "quotes" WHERE "quotes"."id" = $1 LIMIT $2[0m  [["id", 4], ["LIMIT", 1]]
Started GET "/quote/4" for 127.0.0.1 at 2019-01-23 18:00:59 +0300
Processing by QuoteController#show as */*
  Parameters: {"id"=>"4", "name"=>"Bulbasaur updated", "type1"=>"Grass", "type2"=>"Poison", "hitpoints"=>45, "attack"=>49, "defense"=>49, "speed"=>45, "legendary"=>false, "img"=>"https://static.giantbomb.com/uploads/scale_small/13/135472/1891758-001bulbasaur.png", "created_at"=>"2019-01-23T12:49:32.357Z", "updated_at"=>"2019-01-23T12:49:32.357Z", "quote"=>{"id"=>"4", "created_at"=>"2019-01-23T12:49:32.357Z", "updated_at"=>"2019-01-23T12:49:32.357Z"}}
  [1m[36mQuote Load (0.2ms)[0m  [1m[34mSELECT  "quotes".* FROM "quotes" WHERE "quotes"."id" = $1 LIMIT $2[0m  [["id", 4], ["LIMIT", 1]]
  ↳ app/controllers/quote_controller.rb:10
Completed 200 OK in 8ms (Views: 0.3ms | ActiveRecord: 5.1ms)


Started PUT "/quote/4" for 127.0.0.1 at 2019-01-23 18:01:38 +0300
Processing by QuoteController#update as */*
  Parameters: {"id"=>"4", "content"=>"The expert at anything was once a beginner1111.", "author"=>"Helen Hayes", "category"=>"education", "created_at"=>"2019-01-23T14:46:27.287Z", "updated_at"=>"2019-01-23T14:46:27.287Z", "quote"=>{"id"=>"4", "content"=>"The expert at anything was once a beginner1111.", "author"=>"Helen Hayes", "category"=>"education", "created_at"=>"2019-01-23T14:46:27.287Z", "updated_at"=>"2019-01-23T14:46:27.287Z"}}
  [1m[36mQuote Load (0.5ms)[0m  [1m[34mSELECT  "quotes".* FROM "quotes" WHERE "quotes"."id" = $1 LIMIT $2[0m  [["id", 4], ["LIMIT", 1]]
  ↳ app/controllers/quote_controller.rb:40
  [1m[36mCACHE Quote Load (0.0ms)[0m  [1m[34mSELECT  "quotes".* FROM "quotes" WHERE "quotes"."id" = $1 LIMIT $2[0m  [["id", 4], ["LIMIT", 1]]
  ↳ app/controllers/quote_controller.rb:29
Unpermitted parameters: :id, :created_at, :updated_at
  [1m[35m (0.2ms)[0m  [1m[35mBEGIN[0m
  ↳ app/controllers/quote_controller.rb:30
  [1m[36mQuote Update (0.6ms)[0m  [1m[33mUPDATE "quotes" SET "content" = $1, "updated_at" = $2 WHERE "quotes"."id" = $3[0m  [["content", "The expert at anything was once a beginner1111."], ["updated_at", "2019-01-23 15:01:38.250781"], ["id", 4]]
  ↳ app/controllers/quote_controller.rb:30
  [1m[35m (1.6ms)[0m  [1m[35mCOMMIT[0m
  ↳ app/controllers/quote_controller.rb:30
Completed 200 OK in 7ms (Views: 0.3ms | ActiveRecord: 2.9ms)


Started DELETE "/quote/4" for 127.0.0.1 at 2019-01-23 18:01:45 +0300
Processing by QuoteController#destroy as */*
  Parameters: {"id"=>"4", "content"=>"The expert at anything was once a beginner1111.", "author"=>"Helen Hayes", "category"=>"education", "created_at"=>"2019-01-23T14:46:27.287Z", "updated_at"=>"2019-01-23T14:46:27.287Z", "quote"=>{"id"=>"4", "content"=>"The expert at anything was once a beginner1111.", "author"=>"Helen Hayes", "category"=>"education", "created_at"=>"2019-01-23T14:46:27.287Z", "updated_at"=>"2019-01-23T14:46:27.287Z"}}
  [1m[36mQuote Load (0.5ms)[0m  [1m[34mSELECT  "quotes".* FROM "quotes" WHERE "quotes"."id" = $1 LIMIT $2[0m  [["id", 4], ["LIMIT", 1]]
  ↳ app/controllers/quote_controller.rb:40
  [1m[36mCACHE Quote Load (0.0ms)[0m  [1m[34mSELECT  "quotes".* FROM "quotes" WHERE "quotes"."id" = $1 LIMIT $2[0m  [["id", 4], ["LIMIT", 1]]
  ↳ app/controllers/quote_controller.rb:21
  [1m[35m (0.5ms)[0m  [1m[35mBEGIN[0m
  ↳ app/controllers/quote_controller.rb:22
  [1m[36mQuote Destroy (0.5ms)[0m  [1m[31mDELETE FROM "quotes" WHERE "quotes"."id" = $1[0m  [["id", 4]]
  ↳ app/controllers/quote_controller.rb:22
  [1m[35m (9.9ms)[0m  [1m[35mCOMMIT[0m
  ↳ app/controllers/quote_controller.rb:22
Completed 200 OK in 15ms (Views: 0.2ms | ActiveRecord: 11.5ms)


