  [1m[35m (0.8ms)[0m  [1m[35mCREATE DATABASE "Quotes_api_development" ENCODING = 'unicode'[0m
  ↳ /Users/hamadalshehri/.rvm/rubies/ruby-2.6.0/lib/ruby/gems/2.6.0/gems/rake-12.3.2/lib/rake/task.rb:273
  [1m[35m (0.5ms)[0m  [1m[35mCREATE DATABASE "Quotes_api_test" ENCODING = 'unicode'[0m
  ↳ /Users/hamadalshehri/.rvm/rubies/ruby-2.6.0/lib/ruby/gems/2.6.0/gems/rake-12.3.2/lib/rake/task.rb:273
  [1m[35m (0.1ms)[0m  [1m[34mSELECT pg_try_advisory_lock(6225654062889375975)[0m
  ↳ /Users/hamadalshehri/.rvm/rubies/ruby-2.6.0/lib/ruby/gems/2.6.0/gems/rake-12.3.2/lib/rake/task.rb:273
  [1m[35m (0.4ms)[0m  [1m[34mSELECT "schema_migrations"."version" FROM "schema_migrations" ORDER BY "schema_migrations"."version" ASC[0m
  ↳ /Users/hamadalshehri/.rvm/rubies/ruby-2.6.0/lib/ruby/gems/2.6.0/gems/rake-12.3.2/lib/rake/task.rb:273
Migrating to CreateQuotes (20190123152657)
  [1m[35m (0.1ms)[0m  [1m[35mBEGIN[0m
  ↳ /Users/hamadalshehri/.rvm/rubies/ruby-2.6.0/lib/ruby/gems/2.6.0/gems/rake-12.3.2/lib/rake/task.rb:273
  [1m[35m (8.4ms)[0m  [1m[35mCREATE TABLE "quotes" ("id" bigserial primary key, "content" character varying, "author" character varying, "category" character varying, "created_at" timestamp NOT NULL, "updated_at" timestamp NOT NULL)[0m
  ↳ db/migrate/20190123152657_create_quotes.rb:3
  [1m[36mActiveRecord::SchemaMigration Create (0.5ms)[0m  [1m[32mINSERT INTO "schema_migrations" ("version") VALUES ($1) RETURNING "version"[0m  [["version", "20190123152657"]]
  ↳ /Users/hamadalshehri/.rvm/rubies/ruby-2.6.0/lib/ruby/gems/2.6.0/gems/rake-12.3.2/lib/rake/task.rb:273
  [1m[35m (0.5ms)[0m  [1m[35mCOMMIT[0m
  ↳ /Users/hamadalshehri/.rvm/rubies/ruby-2.6.0/lib/ruby/gems/2.6.0/gems/rake-12.3.2/lib/rake/task.rb:273
  [1m[36mActiveRecord::InternalMetadata Load (0.9ms)[0m  [1m[34mSELECT  "ar_internal_metadata".* FROM "ar_internal_metadata" WHERE "ar_internal_metadata"."key" = $1 LIMIT $2[0m  [["key", "environment"], ["LIMIT", 1]]
  ↳ /Users/hamadalshehri/.rvm/rubies/ruby-2.6.0/lib/ruby/gems/2.6.0/gems/rake-12.3.2/lib/rake/task.rb:273
  [1m[35m (0.2ms)[0m  [1m[35mBEGIN[0m
  ↳ /Users/hamadalshehri/.rvm/rubies/ruby-2.6.0/lib/ruby/gems/2.6.0/gems/rake-12.3.2/lib/rake/task.rb:273
  [1m[36mActiveRecord::InternalMetadata Create (0.4ms)[0m  [1m[32mINSERT INTO "ar_internal_metadata" ("key", "value", "created_at", "updated_at") VALUES ($1, $2, $3, $4) RETURNING "key"[0m  [["key", "environment"], ["value", "development"], ["created_at", "2019-01-23 15:33:15.905622"], ["updated_at", "2019-01-23 15:33:15.905622"]]
  ↳ /Users/hamadalshehri/.rvm/rubies/ruby-2.6.0/lib/ruby/gems/2.6.0/gems/rake-12.3.2/lib/rake/task.rb:273
  [1m[35m (0.3ms)[0m  [1m[35mCOMMIT[0m
  ↳ /Users/hamadalshehri/.rvm/rubies/ruby-2.6.0/lib/ruby/gems/2.6.0/gems/rake-12.3.2/lib/rake/task.rb:273
  [1m[35m (0.2ms)[0m  [1m[34mSELECT pg_advisory_unlock(6225654062889375975)[0m
  ↳ /Users/hamadalshehri/.rvm/rubies/ruby-2.6.0/lib/ruby/gems/2.6.0/gems/rake-12.3.2/lib/rake/task.rb:273
  [1m[35m (0.2ms)[0m  [1m[34mSELECT "schema_migrations"."version" FROM "schema_migrations" ORDER BY "schema_migrations"."version" ASC[0m
  ↳ /Users/hamadalshehri/.rvm/rubies/ruby-2.6.0/lib/ruby/gems/2.6.0/gems/rake-12.3.2/lib/rake/task.rb:273
  [1m[35m (0.4ms)[0m  [1m[34mSELECT "schema_migrations"."version" FROM "schema_migrations" ORDER BY "schema_migrations"."version" ASC[0m
  ↳ /Users/hamadalshehri/.rvm/rubies/ruby-2.6.0/lib/ruby/gems/2.6.0/gems/rake-12.3.2/lib/rake/task.rb:273
  [1m[35m (0.1ms)[0m  [1m[35mBEGIN[0m
  ↳ db/seeds.rb:127
  [1m[36mQuote Create (0.7ms)[0m  [1m[32mINSERT INTO "quotes" ("content", "author", "category", "created_at", "updated_at") VALUES ($1, $2, $3, $4, $5) RETURNING "id"[0m  [["content", "Sometimes you win, sometimes you learn."], ["author", "Unknown"], ["category", "motivational"], ["created_at", "2019-01-23 15:33:40.709389"], ["updated_at", "2019-01-23 15:33:40.709389"]]
  ↳ db/seeds.rb:127
  [1m[35m (0.4ms)[0m  [1m[35mCOMMIT[0m
  ↳ db/seeds.rb:127
  [1m[35m (0.1ms)[0m  [1m[35mBEGIN[0m
  ↳ db/seeds.rb:127
  [1m[36mQuote Create (0.2ms)[0m  [1m[32mINSERT INTO "quotes" ("content", "author", "category", "created_at", "updated_at") VALUES ($1, $2, $3, $4, $5) RETURNING "id"[0m  [["content", "Do or do not, there is no try."], ["author", "Yoda"], ["category", "motivational"], ["created_at", "2019-01-23 15:33:40.711965"], ["updated_at", "2019-01-23 15:33:40.711965"]]
  ↳ db/seeds.rb:127
  [1m[35m (0.3ms)[0m  [1m[35mCOMMIT[0m
  ↳ db/seeds.rb:127
  [1m[35m (0.1ms)[0m  [1m[35mBEGIN[0m
  ↳ db/seeds.rb:127
  [1m[36mQuote Create (0.2ms)[0m  [1m[32mINSERT INTO "quotes" ("content", "author", "category", "created_at", "updated_at") VALUES ($1, $2, $3, $4, $5) RETURNING "id"[0m  [["content", "A simple 'Hello' could lead to a million things."], ["author", "Unknown"], ["category", "motivational"], ["created_at", "2019-01-23 15:33:40.713391"], ["updated_at", "2019-01-23 15:33:40.713391"]]
  ↳ db/seeds.rb:127
  [1m[35m (0.3ms)[0m  [1m[35mCOMMIT[0m
  ↳ db/seeds.rb:127
  [1m[35m (0.1ms)[0m  [1m[35mBEGIN[0m
  ↳ db/seeds.rb:127
  [1m[36mQuote Create (0.2ms)[0m  [1m[32mINSERT INTO "quotes" ("content", "author", "category", "created_at", "updated_at") VALUES ($1, $2, $3, $4, $5) RETURNING "id"[0m  [["content", "The expert at anything was once a beginner."], ["author", "Helen Hayes"], ["category", "education"], ["created_at", "2019-01-23 15:33:40.714874"], ["updated_at", "2019-01-23 15:33:40.714874"]]
  ↳ db/seeds.rb:127
  [1m[35m (0.3ms)[0m  [1m[35mCOMMIT[0m
  ↳ db/seeds.rb:127
  [1m[35m (0.1ms)[0m  [1m[35mBEGIN[0m
  ↳ db/seeds.rb:127
  [1m[36mQuote Create (0.2ms)[0m  [1m[32mINSERT INTO "quotes" ("content", "author", "category", "created_at", "updated_at") VALUES ($1, $2, $3, $4, $5) RETURNING "id"[0m  [["content", "You are never too old to get a new goal or dream a new dream!"], ["author", "CS Lewis"], ["category", "motivational"], ["created_at", "2019-01-23 15:33:40.716196"], ["updated_at", "2019-01-23 15:33:40.716196"]]
  ↳ db/seeds.rb:127
  [1m[35m (0.3ms)[0m  [1m[35mCOMMIT[0m
  ↳ db/seeds.rb:127
  [1m[35m (0.1ms)[0m  [1m[35mBEGIN[0m
  ↳ db/seeds.rb:127
  [1m[36mQuote Create (0.2ms)[0m  [1m[32mINSERT INTO "quotes" ("content", "author", "category", "created_at", "updated_at") VALUES ($1, $2, $3, $4, $5) RETURNING "id"[0m  [["content", "If you want something you never had, you have to do something you've never done!"], ["author", "Unknown"], ["category", "motivational"], ["created_at", "2019-01-23 15:33:40.717610"], ["updated_at", "2019-01-23 15:33:40.717610"]]
  ↳ db/seeds.rb:127
  [1m[35m (0.3ms)[0m  [1m[35mCOMMIT[0m
  ↳ db/seeds.rb:127
  [1m[35m (0.1ms)[0m  [1m[35mBEGIN[0m
  ↳ db/seeds.rb:127
  [1m[36mQuote Create (0.2ms)[0m  [1m[32mINSERT INTO "quotes" ("content", "author", "category", "created_at", "updated_at") VALUES ($1, $2, $3, $4, $5) RETURNING "id"[0m  [["content", "Getting to know a problem is a bit like getting to know a person: it's a gradual process that requires patience, and there is no state of completion. You can never know the full of a problem, because there is never comprehensive information available. You have to simply draw the line somewhere and make up the rest as you go along."], ["author", "Frank Chimero"], ["category", "design"], ["created_at", "2019-01-23 15:33:40.719086"], ["updated_at", "2019-01-23 15:33:40.719086"]]
  ↳ db/seeds.rb:127
  [1m[35m (0.3ms)[0m  [1m[35mCOMMIT[0m
  ↳ db/seeds.rb:127
  [1m[35m (0.1ms)[0m  [1m[35mBEGIN[0m
  ↳ db/seeds.rb:127
  [1m[36mQuote Create (0.2ms)[0m  [1m[32mINSERT INTO "quotes" ("content", "author", "category", "created_at", "updated_at") VALUES ($1, $2, $3, $4, $5) RETURNING "id"[0m  [["content", "Others have seen what is and asked why. I have seen what could be and asked why not?"], ["author", "Pablo Picasso"], ["category", "design"], ["created_at", "2019-01-23 15:33:40.720442"], ["updated_at", "2019-01-23 15:33:40.720442"]]
  ↳ db/seeds.rb:127
  [1m[35m (0.3ms)[0m  [1m[35mCOMMIT[0m
  ↳ db/seeds.rb:127
  [1m[35m (0.1ms)[0m  [1m[35mBEGIN[0m
  ↳ db/seeds.rb:127
  [1m[36mQuote Create (0.2ms)[0m  [1m[32mINSERT INTO "quotes" ("content", "author", "category", "created_at", "updated_at") VALUES ($1, $2, $3, $4, $5) RETURNING "id"[0m  [["content", "Who are we, who is each one of us, if not a combinatoria of experiences, information, books we have read, things imagined?"], ["author", "Italo Calvino"], ["category", "literary"], ["created_at", "2019-01-23 15:33:40.721893"], ["updated_at", "2019-01-23 15:33:40.721893"]]
  ↳ db/seeds.rb:127
  [1m[35m (0.3ms)[0m  [1m[35mCOMMIT[0m
  ↳ db/seeds.rb:127
  [1m[35m (0.1ms)[0m  [1m[35mBEGIN[0m
  ↳ db/seeds.rb:127
  [1m[36mQuote Create (0.2ms)[0m  [1m[32mINSERT INTO "quotes" ("content", "author", "category", "created_at", "updated_at") VALUES ($1, $2, $3, $4, $5) RETURNING "id"[0m  [["content", "Who are only undefeated / Because we have gone on trying"], ["author", "T.S. Eliot"], ["category", "poetry"], ["created_at", "2019-01-23 15:33:40.723314"], ["updated_at", "2019-01-23 15:33:40.723314"]]
  ↳ db/seeds.rb:127
  [1m[35m (0.3ms)[0m  [1m[35mCOMMIT[0m
  ↳ db/seeds.rb:127
  [1m[35m (0.1ms)[0m  [1m[35mBEGIN[0m
  ↳ db/seeds.rb:127
  [1m[36mQuote Create (0.2ms)[0m  [1m[32mINSERT INTO "quotes" ("content", "author", "category", "created_at", "updated_at") VALUES ($1, $2, $3, $4, $5) RETURNING "id"[0m  [["content", "In search of the difficulty rather than in its clutch. The disquiet of him who lacks an adversary."], ["author", "Samuel Beckett"], ["category", "literary"], ["created_at", "2019-01-23 15:33:40.724789"], ["updated_at", "2019-01-23 15:33:40.724789"]]
  ↳ db/seeds.rb:127
  [1m[35m (0.3ms)[0m  [1m[35mCOMMIT[0m
  ↳ db/seeds.rb:127
  [1m[35m (0.1ms)[0m  [1m[35mBEGIN[0m
  ↳ db/seeds.rb:127
  [1m[36mQuote Create (0.2ms)[0m  [1m[32mINSERT INTO "quotes" ("content", "author", "category", "created_at", "updated_at") VALUES ($1, $2, $3, $4, $5) RETURNING "id"[0m  [["content", "When the going gets weird, the weird turn pro."], ["author", "Hunter S. Thompson"], ["category", "gonzo"], ["created_at", "2019-01-23 15:33:40.726224"], ["updated_at", "2019-01-23 15:33:40.726224"]]
  ↳ db/seeds.rb:127
  [1m[35m (0.2ms)[0m  [1m[35mCOMMIT[0m
  ↳ db/seeds.rb:127
  [1m[35m (0.1ms)[0m  [1m[35mBEGIN[0m
  ↳ db/seeds.rb:127
  [1m[36mQuote Create (0.2ms)[0m  [1m[32mINSERT INTO "quotes" ("content", "author", "category", "created_at", "updated_at") VALUES ($1, $2, $3, $4, $5) RETURNING "id"[0m  [["content", "Truth suffers from too much analysis."], ["author", "Frank Herbert"], ["category", "philosophical"], ["created_at", "2019-01-23 15:33:40.727484"], ["updated_at", "2019-01-23 15:33:40.727484"]]
  ↳ db/seeds.rb:127
  [1m[35m (0.3ms)[0m  [1m[35mCOMMIT[0m
  ↳ db/seeds.rb:127
  [1m[35m (0.1ms)[0m  [1m[35mBEGIN[0m
  ↳ db/seeds.rb:127
  [1m[36mQuote Create (0.2ms)[0m  [1m[32mINSERT INTO "quotes" ("content", "author", "category", "created_at", "updated_at") VALUES ($1, $2, $3, $4, $5) RETURNING "id"[0m  [["content", "Over and over again, a thousand voices shout: No Image! No Message!"], ["author", "Max Bruinsma"], ["category", "design"], ["created_at", "2019-01-23 15:33:40.728828"], ["updated_at", "2019-01-23 15:33:40.728828"]]
  ↳ db/seeds.rb:127
  [1m[35m (0.3ms)[0m  [1m[35mCOMMIT[0m
  ↳ db/seeds.rb:127
  [1m[35m (0.1ms)[0m  [1m[35mBEGIN[0m
  ↳ db/seeds.rb:127
  [1m[36mQuote Create (0.2ms)[0m  [1m[32mINSERT INTO "quotes" ("content", "author", "category", "created_at", "updated_at") VALUES ($1, $2, $3, $4, $5) RETURNING "id"[0m  [["content", "A circle looks at a square and sees a badly made circle."], ["author", "Jeff VanderMeer"], ["category", "design"], ["created_at", "2019-01-23 15:33:40.730158"], ["updated_at", "2019-01-23 15:33:40.730158"]]
  ↳ db/seeds.rb:127
  [1m[35m (0.3ms)[0m  [1m[35mCOMMIT[0m
  ↳ db/seeds.rb:127
  [1m[35m (0.1ms)[0m  [1m[35mBEGIN[0m
  ↳ db/seeds.rb:127
  [1m[36mQuote Create (0.2ms)[0m  [1m[32mINSERT INTO "quotes" ("content", "author", "category", "created_at", "updated_at") VALUES ($1, $2, $3, $4, $5) RETURNING "id"[0m  [["content", "The aspects of things that are most important for us are hidden because of their simplicity and familiarity."], ["author", "Ludwig Wittgenstein"], ["category", "philosophical"], ["created_at", "2019-01-23 15:33:40.731479"], ["updated_at", "2019-01-23 15:33:40.731479"]]
  ↳ db/seeds.rb:127
  [1m[35m (0.2ms)[0m  [1m[35mCOMMIT[0m
  ↳ db/seeds.rb:127
  [1m[35m (0.1ms)[0m  [1m[35mBEGIN[0m
  ↳ db/seeds.rb:127
  [1m[36mQuote Create (0.2ms)[0m  [1m[32mINSERT INTO "quotes" ("content", "author", "category", "created_at", "updated_at") VALUES ($1, $2, $3, $4, $5) RETURNING "id"[0m  [["content", "All struggle is against impermanence."], ["author", "lord krunkington iii"], ["category", "philosophical"], ["created_at", "2019-01-23 15:33:40.732731"], ["updated_at", "2019-01-23 15:33:40.732731"]]
  ↳ db/seeds.rb:127
  [1m[35m (0.3ms)[0m  [1m[35mCOMMIT[0m
  ↳ db/seeds.rb:127
  [1m[35m (0.1ms)[0m  [1m[35mBEGIN[0m
  ↳ db/seeds.rb:127
  [1m[36mQuote Create (0.2ms)[0m  [1m[32mINSERT INTO "quotes" ("content", "author", "category", "created_at", "updated_at") VALUES ($1, $2, $3, $4, $5) RETURNING "id"[0m  [["content", "All language is mystification, and everything is fiction."], ["author", "Brion Gysin"], ["category", "literary"], ["created_at", "2019-01-23 15:33:40.734100"], ["updated_at", "2019-01-23 15:33:40.734100"]]
  ↳ db/seeds.rb:127
  [1m[35m (0.3ms)[0m  [1m[35mCOMMIT[0m
  ↳ db/seeds.rb:127
  [1m[35m (0.1ms)[0m  [1m[35mBEGIN[0m
  ↳ db/seeds.rb:127
  [1m[36mQuote Create (0.2ms)[0m  [1m[32mINSERT INTO "quotes" ("content", "author", "category", "created_at", "updated_at") VALUES ($1, $2, $3, $4, $5) RETURNING "id"[0m  [["content", "A place where the unknown past and the emergent future meet in a vibrating soundless hum."], ["author", "William Burroughs"], ["category", "philosophical"], ["created_at", "2019-01-23 15:33:40.735431"], ["updated_at", "2019-01-23 15:33:40.735431"]]
  ↳ db/seeds.rb:127
  [1m[35m (0.3ms)[0m  [1m[35mCOMMIT[0m
  ↳ db/seeds.rb:127
  [1m[35m (0.2ms)[0m  [1m[35mBEGIN[0m
  ↳ db/seeds.rb:127
  [1m[36mQuote Create (0.2ms)[0m  [1m[32mINSERT INTO "quotes" ("content", "author", "category", "created_at", "updated_at") VALUES ($1, $2, $3, $4, $5) RETURNING "id"[0m  [["content", "A slow-fade into the silent, imperceptible, ceaseless procession of the stars."], ["author", "Fractalontology"], ["category", "poetry"], ["created_at", "2019-01-23 15:33:40.736845"], ["updated_at", "2019-01-23 15:33:40.736845"]]
  ↳ db/seeds.rb:127
  [1m[35m (0.2ms)[0m  [1m[35mCOMMIT[0m
  ↳ db/seeds.rb:127
  [1m[35m (0.1ms)[0m  [1m[35mBEGIN[0m
  ↳ db/seeds.rb:127
  [1m[36mQuote Create (0.2ms)[0m  [1m[32mINSERT INTO "quotes" ("content", "author", "category", "created_at", "updated_at") VALUES ($1, $2, $3, $4, $5) RETURNING "id"[0m  [["content", "Nodes, clusters, trackbacks, memes... truth follows bandwidth, as sure as use follows invention."], ["author", "Richard Powers"], ["category", "technology"], ["created_at", "2019-01-23 15:33:40.738135"], ["updated_at", "2019-01-23 15:33:40.738135"]]
  ↳ db/seeds.rb:127
  [1m[35m (0.3ms)[0m  [1m[35mCOMMIT[0m
  ↳ db/seeds.rb:127
  [1m[35m (0.1ms)[0m  [1m[35mBEGIN[0m
  ↳ db/seeds.rb:127
  [1m[36mQuote Create (0.3ms)[0m  [1m[32mINSERT INTO "quotes" ("content", "author", "category", "created_at", "updated_at") VALUES ($1, $2, $3, $4, $5) RETURNING "id"[0m  [["content", "The feeling that one is on the edge of many things: that there are many worlds from which we are separated by only a film; that a flick of the wrist, a turn of the body another way will bring us to a new world."], ["author", "Theodore Roethke"], ["category", "philosophical"], ["created_at", "2019-01-23 15:33:40.739478"], ["updated_at", "2019-01-23 15:33:40.739478"]]
  ↳ db/seeds.rb:127
  [1m[35m (0.3ms)[0m  [1m[35mCOMMIT[0m
  ↳ db/seeds.rb:127
  [1m[35m (0.1ms)[0m  [1m[35mBEGIN[0m
  ↳ db/seeds.rb:127
  [1m[36mQuote Create (0.2ms)[0m  [1m[32mINSERT INTO "quotes" ("content", "author", "category", "created_at", "updated_at") VALUES ($1, $2, $3, $4, $5) RETURNING "id"[0m  [["content", "Reality is as thin as paper and betrays with all its cracks its imitative character."], ["author", "Bruno Schulz"], ["category", "philosophical"], ["created_at", "2019-01-23 15:33:40.741324"], ["updated_at", "2019-01-23 15:33:40.741324"]]
  ↳ db/seeds.rb:127
  [1m[35m (0.2ms)[0m  [1m[35mCOMMIT[0m
  ↳ db/seeds.rb:127
Started GET "/" for 127.0.0.1 at 2019-01-23 18:34:04 +0300
  [1m[35m (0.4ms)[0m  [1m[34mSELECT "schema_migrations"."version" FROM "schema_migrations" ORDER BY "schema_migrations"."version" ASC[0m
  ↳ /Users/hamadalshehri/.rvm/gems/ruby-2.6.0/gems/activerecord-5.2.2/lib/active_record/log_subscriber.rb:98
Processing by Rails::WelcomeController#index as HTML
  Rendering /Users/hamadalshehri/.rvm/gems/ruby-2.6.0/gems/railties-5.2.2/lib/rails/templates/rails/welcome/index.html.erb
  Rendered /Users/hamadalshehri/.rvm/gems/ruby-2.6.0/gems/railties-5.2.2/lib/rails/templates/rails/welcome/index.html.erb (2.6ms)
Completed 200 OK in 7ms (Views: 6.1ms | ActiveRecord: 0.0ms)


Started GET "/quotes" for 127.0.0.1 at 2019-01-23 18:34:22 +0300
Processing by QuotesController#index as HTML
  [1m[36mQuote Load (0.6ms)[0m  [1m[34mSELECT "quotes".* FROM "quotes"[0m
  ↳ app/controllers/quotes_controller.rb:6
Completed 200 OK in 19ms (Views: 11.7ms | ActiveRecord: 5.1ms)


Started GET "/quotes/2" for 127.0.0.1 at 2019-01-23 18:34:48 +0300
Processing by QuotesController#show as */*
  Parameters: {"name"=>"hamad", "type1"=>"human", "type2"=>"tiger", "id"=>"2"}
  [1m[36mQuote Load (0.2ms)[0m  [1m[34mSELECT  "quotes".* FROM "quotes" WHERE "quotes"."id" = $1 LIMIT $2[0m  [["id", 2], ["LIMIT", 1]]
  ↳ app/controllers/quotes_controller.rb:39
Completed 200 OK in 3ms (Views: 0.3ms | ActiveRecord: 0.4ms)


Started GET "/quotes/9" for 127.0.0.1 at 2019-01-23 18:35:00 +0300
Processing by QuotesController#show as */*
  Parameters: {"name"=>"hamad", "type1"=>"human", "type2"=>"tiger", "id"=>"9"}
  [1m[36mQuote Load (0.3ms)[0m  [1m[34mSELECT  "quotes".* FROM "quotes" WHERE "quotes"."id" = $1 LIMIT $2[0m  [["id", 9], ["LIMIT", 1]]
  ↳ app/controllers/quotes_controller.rb:39
Completed 200 OK in 1ms (Views: 0.3ms | ActiveRecord: 0.3ms)


