  [1m[35m (376.7ms)[0m  [1m[35mCREATE DATABASE "quotes_api_development" ENCODING = 'unicode'[0m
  ↳ /Users/maymo7a/.rvm/rubies/ruby-2.6.0/lib/ruby/gems/2.6.0/gems/rake-12.3.2/lib/rake/task.rb:273
  [1m[35m (261.5ms)[0m  [1m[35mCREATE DATABASE "quotes_api_test" ENCODING = 'unicode'[0m
  ↳ /Users/maymo7a/.rvm/rubies/ruby-2.6.0/lib/ruby/gems/2.6.0/gems/rake-12.3.2/lib/rake/task.rb:273
  [1m[35m (32.1ms)[0m  [1m[35mCREATE TABLE "schema_migrations" ("version" character varying NOT NULL PRIMARY KEY)[0m
  ↳ /Users/maymo7a/.rvm/rubies/ruby-2.6.0/lib/ruby/gems/2.6.0/gems/rake-12.3.2/lib/rake/task.rb:273
  [1m[35m (19.5ms)[0m  [1m[35mCREATE TABLE "ar_internal_metadata" ("key" character varying NOT NULL PRIMARY KEY, "value" character varying, "created_at" timestamp NOT NULL, "updated_at" timestamp NOT NULL)[0m
  ↳ /Users/maymo7a/.rvm/rubies/ruby-2.6.0/lib/ruby/gems/2.6.0/gems/rake-12.3.2/lib/rake/task.rb:273
  [1m[35m (0.5ms)[0m  [1m[34mSELECT "schema_migrations"."version" FROM "schema_migrations" ORDER BY "schema_migrations"."version" ASC[0m
  ↳ /Users/maymo7a/.rvm/rubies/ruby-2.6.0/lib/ruby/gems/2.6.0/gems/rake-12.3.2/lib/rake/task.rb:273
  [1m[35m (1.5ms)[0m  [1m[34mSELECT pg_try_advisory_lock(2072838696152715120)[0m
  ↳ /Users/maymo7a/.rvm/rubies/ruby-2.6.0/lib/ruby/gems/2.6.0/gems/rake-12.3.2/lib/rake/task.rb:273
  [1m[35m (0.5ms)[0m  [1m[34mSELECT "schema_migrations"."version" FROM "schema_migrations" ORDER BY "schema_migrations"."version" ASC[0m
  ↳ /Users/maymo7a/.rvm/rubies/ruby-2.6.0/lib/ruby/gems/2.6.0/gems/rake-12.3.2/lib/rake/task.rb:273
Migrating to CreateQuotes (20190123174120)
  [1m[35m (0.2ms)[0m  [1m[35mBEGIN[0m
  ↳ /Users/maymo7a/.rvm/rubies/ruby-2.6.0/lib/ruby/gems/2.6.0/gems/rake-12.3.2/lib/rake/task.rb:273
  [1m[35m (27.3ms)[0m  [1m[35mCREATE TABLE "quotes" ("id" bigserial primary key, "content" character varying, "author" character varying, "category" character varying, "created_at" timestamp NOT NULL, "updated_at" timestamp NOT NULL)[0m
  ↳ db/migrate/20190123174120_create_quotes.rb:3
  [1m[36mActiveRecord::SchemaMigration Create (0.9ms)[0m  [1m[32mINSERT INTO "schema_migrations" ("version") VALUES ($1) RETURNING "version"[0m  [["version", "20190123174120"]]
  ↳ /Users/maymo7a/.rvm/rubies/ruby-2.6.0/lib/ruby/gems/2.6.0/gems/rake-12.3.2/lib/rake/task.rb:273
  [1m[35m (1.1ms)[0m  [1m[35mCOMMIT[0m
  ↳ /Users/maymo7a/.rvm/rubies/ruby-2.6.0/lib/ruby/gems/2.6.0/gems/rake-12.3.2/lib/rake/task.rb:273
  [1m[36mActiveRecord::InternalMetadata Load (0.4ms)[0m  [1m[34mSELECT  "ar_internal_metadata".* FROM "ar_internal_metadata" WHERE "ar_internal_metadata"."key" = $1 LIMIT $2[0m  [["key", "environment"], ["LIMIT", 1]]
  ↳ /Users/maymo7a/.rvm/rubies/ruby-2.6.0/lib/ruby/gems/2.6.0/gems/rake-12.3.2/lib/rake/task.rb:273
  [1m[35m (0.2ms)[0m  [1m[35mBEGIN[0m
  ↳ /Users/maymo7a/.rvm/rubies/ruby-2.6.0/lib/ruby/gems/2.6.0/gems/rake-12.3.2/lib/rake/task.rb:273
  [1m[36mActiveRecord::InternalMetadata Create (6.3ms)[0m  [1m[32mINSERT INTO "ar_internal_metadata" ("key", "value", "created_at", "updated_at") VALUES ($1, $2, $3, $4) RETURNING "key"[0m  [["key", "environment"], ["value", "development"], ["created_at", "2019-01-23 17:53:58.273471"], ["updated_at", "2019-01-23 17:53:58.273471"]]
  ↳ /Users/maymo7a/.rvm/rubies/ruby-2.6.0/lib/ruby/gems/2.6.0/gems/rake-12.3.2/lib/rake/task.rb:273
  [1m[35m (6.0ms)[0m  [1m[35mCOMMIT[0m
  ↳ /Users/maymo7a/.rvm/rubies/ruby-2.6.0/lib/ruby/gems/2.6.0/gems/rake-12.3.2/lib/rake/task.rb:273
  [1m[35m (0.2ms)[0m  [1m[34mSELECT pg_advisory_unlock(2072838696152715120)[0m
  ↳ /Users/maymo7a/.rvm/rubies/ruby-2.6.0/lib/ruby/gems/2.6.0/gems/rake-12.3.2/lib/rake/task.rb:273
  [1m[35m (0.4ms)[0m  [1m[34mSELECT "schema_migrations"."version" FROM "schema_migrations" ORDER BY "schema_migrations"."version" ASC[0m
  ↳ /Users/maymo7a/.rvm/rubies/ruby-2.6.0/lib/ruby/gems/2.6.0/gems/rake-12.3.2/lib/rake/task.rb:273
  [1m[35m (0.5ms)[0m  [1m[34mSELECT "schema_migrations"."version" FROM "schema_migrations" ORDER BY "schema_migrations"."version" ASC[0m
  ↳ /Users/maymo7a/.rvm/rubies/ruby-2.6.0/lib/ruby/gems/2.6.0/gems/rake-12.3.2/lib/rake/task.rb:273
  [1m[36mQuote Load (0.4ms)[0m  [1m[34mSELECT "quotes".* FROM "quotes"[0m
  ↳ db/seeds.rb:9
  [1m[35m (0.1ms)[0m  [1m[35mBEGIN[0m
  ↳ db/seeds.rb:129
  [1m[36mQuote Create (0.6ms)[0m  [1m[32mINSERT INTO "quotes" ("content", "author", "category", "created_at", "updated_at") VALUES ($1, $2, $3, $4, $5) RETURNING "id"[0m  [["content", "Sometimes you win, sometimes you learn."], ["author", "Unknown"], ["category", "motivational"], ["created_at", "2019-01-23 17:54:01.750937"], ["updated_at", "2019-01-23 17:54:01.750937"]]
  ↳ db/seeds.rb:129
  [1m[35m (5.9ms)[0m  [1m[35mCOMMIT[0m
  ↳ db/seeds.rb:129
  [1m[35m (0.2ms)[0m  [1m[35mBEGIN[0m
  ↳ db/seeds.rb:129
  [1m[36mQuote Create (0.2ms)[0m  [1m[32mINSERT INTO "quotes" ("content", "author", "category", "created_at", "updated_at") VALUES ($1, $2, $3, $4, $5) RETURNING "id"[0m  [["content", "Do or do not, there is no try."], ["author", "Yoda"], ["category", "motivational"], ["created_at", "2019-01-23 17:54:01.759376"], ["updated_at", "2019-01-23 17:54:01.759376"]]
  ↳ db/seeds.rb:129
  [1m[35m (5.1ms)[0m  [1m[35mCOMMIT[0m
  ↳ db/seeds.rb:129
  [1m[35m (0.1ms)[0m  [1m[35mBEGIN[0m
  ↳ db/seeds.rb:129
  [1m[36mQuote Create (0.2ms)[0m  [1m[32mINSERT INTO "quotes" ("content", "author", "category", "created_at", "updated_at") VALUES ($1, $2, $3, $4, $5) RETURNING "id"[0m  [["content", "A simple 'Hello' could lead to a million things."], ["author", "Unknown"], ["category", "motivational"], ["created_at", "2019-01-23 17:54:01.766029"], ["updated_at", "2019-01-23 17:54:01.766029"]]
  ↳ db/seeds.rb:129
  [1m[35m (0.3ms)[0m  [1m[35mCOMMIT[0m
  ↳ db/seeds.rb:129
  [1m[35m (0.1ms)[0m  [1m[35mBEGIN[0m
  ↳ db/seeds.rb:129
  [1m[36mQuote Create (0.2ms)[0m  [1m[32mINSERT INTO "quotes" ("content", "author", "category", "created_at", "updated_at") VALUES ($1, $2, $3, $4, $5) RETURNING "id"[0m  [["content", "The expert at anything was once a beginner."], ["author", "Helen Hayes"], ["category", "education"], ["created_at", "2019-01-23 17:54:01.767683"], ["updated_at", "2019-01-23 17:54:01.767683"]]
  ↳ db/seeds.rb:129
  [1m[35m (0.3ms)[0m  [1m[35mCOMMIT[0m
  ↳ db/seeds.rb:129
  [1m[35m (0.1ms)[0m  [1m[35mBEGIN[0m
  ↳ db/seeds.rb:129
  [1m[36mQuote Create (0.3ms)[0m  [1m[32mINSERT INTO "quotes" ("content", "author", "category", "created_at", "updated_at") VALUES ($1, $2, $3, $4, $5) RETURNING "id"[0m  [["content", "You are never too old to get a new goal or dream a new dream!"], ["author", "CS Lewis"], ["category", "motivational"], ["created_at", "2019-01-23 17:54:01.769426"], ["updated_at", "2019-01-23 17:54:01.769426"]]
  ↳ db/seeds.rb:129
  [1m[35m (0.3ms)[0m  [1m[35mCOMMIT[0m
  ↳ db/seeds.rb:129
  [1m[35m (0.1ms)[0m  [1m[35mBEGIN[0m
  ↳ db/seeds.rb:129
  [1m[36mQuote Create (0.2ms)[0m  [1m[32mINSERT INTO "quotes" ("content", "author", "category", "created_at", "updated_at") VALUES ($1, $2, $3, $4, $5) RETURNING "id"[0m  [["content", "If you want something you never had, you have to do something you've never done!"], ["author", "Unknown"], ["category", "motivational"], ["created_at", "2019-01-23 17:54:01.771117"], ["updated_at", "2019-01-23 17:54:01.771117"]]
  ↳ db/seeds.rb:129
  [1m[35m (0.3ms)[0m  [1m[35mCOMMIT[0m
  ↳ db/seeds.rb:129
  [1m[35m (0.1ms)[0m  [1m[35mBEGIN[0m
  ↳ db/seeds.rb:129
  [1m[36mQuote Create (0.3ms)[0m  [1m[32mINSERT INTO "quotes" ("content", "author", "category", "created_at", "updated_at") VALUES ($1, $2, $3, $4, $5) RETURNING "id"[0m  [["content", "Getting to know a problem is a bit like getting to know a person: it's a gradual process that requires patience, and there is no state of completion. You can never know the full of a problem, because there is never comprehensive information available. You have to simply draw the line somewhere and make up the rest as you go along."], ["author", "Frank Chimero"], ["category", "design"], ["created_at", "2019-01-23 17:54:01.772816"], ["updated_at", "2019-01-23 17:54:01.772816"]]
  ↳ db/seeds.rb:129
  [1m[35m (0.3ms)[0m  [1m[35mCOMMIT[0m
  ↳ db/seeds.rb:129
  [1m[35m (0.1ms)[0m  [1m[35mBEGIN[0m
  ↳ db/seeds.rb:129
  [1m[36mQuote Create (0.2ms)[0m  [1m[32mINSERT INTO "quotes" ("content", "author", "category", "created_at", "updated_at") VALUES ($1, $2, $3, $4, $5) RETURNING "id"[0m  [["content", "Others have seen what is and asked why. I have seen what could be and asked why not?"], ["author", "Pablo Picasso"], ["category", "design"], ["created_at", "2019-01-23 17:54:01.774626"], ["updated_at", "2019-01-23 17:54:01.774626"]]
  ↳ db/seeds.rb:129
  [1m[35m (0.3ms)[0m  [1m[35mCOMMIT[0m
  ↳ db/seeds.rb:129
  [1m[35m (0.1ms)[0m  [1m[35mBEGIN[0m
  ↳ db/seeds.rb:129
  [1m[36mQuote Create (0.2ms)[0m  [1m[32mINSERT INTO "quotes" ("content", "author", "category", "created_at", "updated_at") VALUES ($1, $2, $3, $4, $5) RETURNING "id"[0m  [["content", "Who are we, who is each one of us, if not a combinatoria of experiences, information, books we have read, things imagined?"], ["author", "Italo Calvino"], ["category", "literary"], ["created_at", "2019-01-23 17:54:01.776233"], ["updated_at", "2019-01-23 17:54:01.776233"]]
  ↳ db/seeds.rb:129
  [1m[35m (0.3ms)[0m  [1m[35mCOMMIT[0m
  ↳ db/seeds.rb:129
  [1m[35m (0.1ms)[0m  [1m[35mBEGIN[0m
  ↳ db/seeds.rb:129
  [1m[36mQuote Create (0.3ms)[0m  [1m[32mINSERT INTO "quotes" ("content", "author", "category", "created_at", "updated_at") VALUES ($1, $2, $3, $4, $5) RETURNING "id"[0m  [["content", "Who are only undefeated / Because we have gone on trying"], ["author", "T.S. Eliot"], ["category", "poetry"], ["created_at", "2019-01-23 17:54:01.777873"], ["updated_at", "2019-01-23 17:54:01.777873"]]
  ↳ db/seeds.rb:129
  [1m[35m (0.3ms)[0m  [1m[35mCOMMIT[0m
  ↳ db/seeds.rb:129
  [1m[35m (0.1ms)[0m  [1m[35mBEGIN[0m
  ↳ db/seeds.rb:129
  [1m[36mQuote Create (0.2ms)[0m  [1m[32mINSERT INTO "quotes" ("content", "author", "category", "created_at", "updated_at") VALUES ($1, $2, $3, $4, $5) RETURNING "id"[0m  [["content", "In search of the difficulty rather than in its clutch. The disquiet of him who lacks an adversary."], ["author", "Samuel Beckett"], ["category", "literary"], ["created_at", "2019-01-23 17:54:01.779703"], ["updated_at", "2019-01-23 17:54:01.779703"]]
  ↳ db/seeds.rb:129
  [1m[35m (0.3ms)[0m  [1m[35mCOMMIT[0m
  ↳ db/seeds.rb:129
  [1m[35m (0.1ms)[0m  [1m[35mBEGIN[0m
  ↳ db/seeds.rb:129
  [1m[36mQuote Create (0.2ms)[0m  [1m[32mINSERT INTO "quotes" ("content", "author", "category", "created_at", "updated_at") VALUES ($1, $2, $3, $4, $5) RETURNING "id"[0m  [["content", "When the going gets weird, the weird turn pro."], ["author", "Hunter S. Thompson"], ["category", "gonzo"], ["created_at", "2019-01-23 17:54:01.781308"], ["updated_at", "2019-01-23 17:54:01.781308"]]
  ↳ db/seeds.rb:129
  [1m[35m (0.3ms)[0m  [1m[35mCOMMIT[0m
  ↳ db/seeds.rb:129
  [1m[35m (0.1ms)[0m  [1m[35mBEGIN[0m
  ↳ db/seeds.rb:129
  [1m[36mQuote Create (0.2ms)[0m  [1m[32mINSERT INTO "quotes" ("content", "author", "category", "created_at", "updated_at") VALUES ($1, $2, $3, $4, $5) RETURNING "id"[0m  [["content", "Truth suffers from too much analysis."], ["author", "Frank Herbert"], ["category", "philosophical"], ["created_at", "2019-01-23 17:54:01.782897"], ["updated_at", "2019-01-23 17:54:01.782897"]]
  ↳ db/seeds.rb:129
  [1m[35m (0.3ms)[0m  [1m[35mCOMMIT[0m
  ↳ db/seeds.rb:129
  [1m[35m (0.1ms)[0m  [1m[35mBEGIN[0m
  ↳ db/seeds.rb:129
  [1m[36mQuote Create (0.2ms)[0m  [1m[32mINSERT INTO "quotes" ("content", "author", "category", "created_at", "updated_at") VALUES ($1, $2, $3, $4, $5) RETURNING "id"[0m  [["content", "Over and over again, a thousand voices shout: No Image! No Message!"], ["author", "Max Bruinsma"], ["category", "design"], ["created_at", "2019-01-23 17:54:01.784631"], ["updated_at", "2019-01-23 17:54:01.784631"]]
  ↳ db/seeds.rb:129
  [1m[35m (0.3ms)[0m  [1m[35mCOMMIT[0m
  ↳ db/seeds.rb:129
  [1m[35m (0.1ms)[0m  [1m[35mBEGIN[0m
  ↳ db/seeds.rb:129
  [1m[36mQuote Create (0.3ms)[0m  [1m[32mINSERT INTO "quotes" ("content", "author", "category", "created_at", "updated_at") VALUES ($1, $2, $3, $4, $5) RETURNING "id"[0m  [["content", "A circle looks at a square and sees a badly made circle."], ["author", "Jeff VanderMeer"], ["category", "design"], ["created_at", "2019-01-23 17:54:01.786186"], ["updated_at", "2019-01-23 17:54:01.786186"]]
  ↳ db/seeds.rb:129
  [1m[35m (0.2ms)[0m  [1m[35mCOMMIT[0m
  ↳ db/seeds.rb:129
  [1m[35m (0.1ms)[0m  [1m[35mBEGIN[0m
  ↳ db/seeds.rb:129
  [1m[36mQuote Create (0.2ms)[0m  [1m[32mINSERT INTO "quotes" ("content", "author", "category", "created_at", "updated_at") VALUES ($1, $2, $3, $4, $5) RETURNING "id"[0m  [["content", "The aspects of things that are most important for us are hidden because of their simplicity and familiarity."], ["author", "Ludwig Wittgenstein"], ["category", "philosophical"], ["created_at", "2019-01-23 17:54:01.787811"], ["updated_at", "2019-01-23 17:54:01.787811"]]
  ↳ db/seeds.rb:129
  [1m[35m (0.3ms)[0m  [1m[35mCOMMIT[0m
  ↳ db/seeds.rb:129
  [1m[35m (0.1ms)[0m  [1m[35mBEGIN[0m
  ↳ db/seeds.rb:129
  [1m[36mQuote Create (0.2ms)[0m  [1m[32mINSERT INTO "quotes" ("content", "author", "category", "created_at", "updated_at") VALUES ($1, $2, $3, $4, $5) RETURNING "id"[0m  [["content", "All struggle is against impermanence."], ["author", "lord krunkington iii"], ["category", "philosophical"], ["created_at", "2019-01-23 17:54:01.789504"], ["updated_at", "2019-01-23 17:54:01.789504"]]
  ↳ db/seeds.rb:129
  [1m[35m (0.3ms)[0m  [1m[35mCOMMIT[0m
  ↳ db/seeds.rb:129
  [1m[35m (0.1ms)[0m  [1m[35mBEGIN[0m
  ↳ db/seeds.rb:129
  [1m[36mQuote Create (0.2ms)[0m  [1m[32mINSERT INTO "quotes" ("content", "author", "category", "created_at", "updated_at") VALUES ($1, $2, $3, $4, $5) RETURNING "id"[0m  [["content", "All language is mystification, and everything is fiction."], ["author", "Brion Gysin"], ["category", "literary"], ["created_at", "2019-01-23 17:54:01.791086"], ["updated_at", "2019-01-23 17:54:01.791086"]]
  ↳ db/seeds.rb:129
  [1m[35m (0.3ms)[0m  [1m[35mCOMMIT[0m
  ↳ db/seeds.rb:129
  [1m[35m (0.1ms)[0m  [1m[35mBEGIN[0m
  ↳ db/seeds.rb:129
  [1m[36mQuote Create (0.2ms)[0m  [1m[32mINSERT INTO "quotes" ("content", "author", "category", "created_at", "updated_at") VALUES ($1, $2, $3, $4, $5) RETURNING "id"[0m  [["content", "A place where the unknown past and the emergent future meet in a vibrating soundless hum."], ["author", "William Burroughs"], ["category", "philosophical"], ["created_at", "2019-01-23 17:54:01.792609"], ["updated_at", "2019-01-23 17:54:01.792609"]]
  ↳ db/seeds.rb:129
  [1m[35m (0.3ms)[0m  [1m[35mCOMMIT[0m
  ↳ db/seeds.rb:129
  [1m[35m (0.1ms)[0m  [1m[35mBEGIN[0m
  ↳ db/seeds.rb:129
  [1m[36mQuote Create (0.2ms)[0m  [1m[32mINSERT INTO "quotes" ("content", "author", "category", "created_at", "updated_at") VALUES ($1, $2, $3, $4, $5) RETURNING "id"[0m  [["content", "A slow-fade into the silent, imperceptible, ceaseless procession of the stars."], ["author", "Fractalontology"], ["category", "poetry"], ["created_at", "2019-01-23 17:54:01.794261"], ["updated_at", "2019-01-23 17:54:01.794261"]]
  ↳ db/seeds.rb:129
  [1m[35m (0.3ms)[0m  [1m[35mCOMMIT[0m
  ↳ db/seeds.rb:129
  [1m[35m (0.1ms)[0m  [1m[35mBEGIN[0m
  ↳ db/seeds.rb:129
  [1m[36mQuote Create (0.3ms)[0m  [1m[32mINSERT INTO "quotes" ("content", "author", "category", "created_at", "updated_at") VALUES ($1, $2, $3, $4, $5) RETURNING "id"[0m  [["content", "Nodes, clusters, trackbacks, memes... truth follows bandwidth, as sure as use follows invention."], ["author", "Richard Powers"], ["category", "technology"], ["created_at", "2019-01-23 17:54:01.795914"], ["updated_at", "2019-01-23 17:54:01.795914"]]
  ↳ db/seeds.rb:129
  [1m[35m (0.3ms)[0m  [1m[35mCOMMIT[0m
  ↳ db/seeds.rb:129
  [1m[35m (0.1ms)[0m  [1m[35mBEGIN[0m
  ↳ db/seeds.rb:129
  [1m[36mQuote Create (0.2ms)[0m  [1m[32mINSERT INTO "quotes" ("content", "author", "category", "created_at", "updated_at") VALUES ($1, $2, $3, $4, $5) RETURNING "id"[0m  [["content", "The feeling that one is on the edge of many things: that there are many worlds from which we are separated by only a film; that a flick of the wrist, a turn of the body another way will bring us to a new world."], ["author", "Theodore Roethke"], ["category", "philosophical"], ["created_at", "2019-01-23 17:54:01.797544"], ["updated_at", "2019-01-23 17:54:01.797544"]]
  ↳ db/seeds.rb:129
  [1m[35m (0.3ms)[0m  [1m[35mCOMMIT[0m
  ↳ db/seeds.rb:129
  [1m[35m (0.1ms)[0m  [1m[35mBEGIN[0m
  ↳ db/seeds.rb:129
  [1m[36mQuote Create (0.3ms)[0m  [1m[32mINSERT INTO "quotes" ("content", "author", "category", "created_at", "updated_at") VALUES ($1, $2, $3, $4, $5) RETURNING "id"[0m  [["content", "Reality is as thin as paper and betrays with all its cracks its imitative character."], ["author", "Bruno Schulz"], ["category", "philosophical"], ["created_at", "2019-01-23 17:54:01.799207"], ["updated_at", "2019-01-23 17:54:01.799207"]]
  ↳ db/seeds.rb:129
  [1m[35m (0.3ms)[0m  [1m[35mCOMMIT[0m
  ↳ db/seeds.rb:129
Started DELETE "/quote" for 127.0.0.1 at 2019-01-23 21:07:55 +0300
  [1m[35m (0.5ms)[0m  [1m[34mSELECT "schema_migrations"."version" FROM "schema_migrations" ORDER BY "schema_migrations"."version" ASC[0m
  ↳ /Users/maymo7a/.rvm/gems/ruby-2.6.0/gems/activerecord-5.2.2/lib/active_record/log_subscriber.rb:98
  
ActionController::RoutingError (No route matches [DELETE] "/quote"):
  
actionpack (5.2.2) lib/action_dispatch/middleware/debug_exceptions.rb:65:in `call'
actionpack (5.2.2) lib/action_dispatch/middleware/show_exceptions.rb:33:in `call'
railties (5.2.2) lib/rails/rack/logger.rb:38:in `call_app'
railties (5.2.2) lib/rails/rack/logger.rb:26:in `block in call'
activesupport (5.2.2) lib/active_support/tagged_logging.rb:71:in `block in tagged'
activesupport (5.2.2) lib/active_support/tagged_logging.rb:28:in `tagged'
activesupport (5.2.2) lib/active_support/tagged_logging.rb:71:in `tagged'
railties (5.2.2) lib/rails/rack/logger.rb:26:in `call'
actionpack (5.2.2) lib/action_dispatch/middleware/remote_ip.rb:81:in `call'
actionpack (5.2.2) lib/action_dispatch/middleware/request_id.rb:27:in `call'
rack (2.0.6) lib/rack/runtime.rb:22:in `call'
activesupport (5.2.2) lib/active_support/cache/strategy/local_cache_middleware.rb:29:in `call'
actionpack (5.2.2) lib/action_dispatch/middleware/executor.rb:14:in `call'
actionpack (5.2.2) lib/action_dispatch/middleware/static.rb:127:in `call'
rack (2.0.6) lib/rack/sendfile.rb:111:in `call'
railties (5.2.2) lib/rails/engine.rb:524:in `call'
puma (3.12.0) lib/puma/configuration.rb:225:in `call'
puma (3.12.0) lib/puma/server.rb:658:in `handle_request'
puma (3.12.0) lib/puma/server.rb:472:in `process_client'
puma (3.12.0) lib/puma/server.rb:332:in `block in run'
puma (3.12.0) lib/puma/thread_pool.rb:133:in `block in spawn_thread'
Started DELETE "/quotes" for 127.0.0.1 at 2019-01-23 21:09:50 +0300
  
ActionController::RoutingError (No route matches [DELETE] "/quotes"):
  
actionpack (5.2.2) lib/action_dispatch/middleware/debug_exceptions.rb:65:in `call'
actionpack (5.2.2) lib/action_dispatch/middleware/show_exceptions.rb:33:in `call'
railties (5.2.2) lib/rails/rack/logger.rb:38:in `call_app'
railties (5.2.2) lib/rails/rack/logger.rb:26:in `block in call'
activesupport (5.2.2) lib/active_support/tagged_logging.rb:71:in `block in tagged'
activesupport (5.2.2) lib/active_support/tagged_logging.rb:28:in `tagged'
activesupport (5.2.2) lib/active_support/tagged_logging.rb:71:in `tagged'
railties (5.2.2) lib/rails/rack/logger.rb:26:in `call'
actionpack (5.2.2) lib/action_dispatch/middleware/remote_ip.rb:81:in `call'
actionpack (5.2.2) lib/action_dispatch/middleware/request_id.rb:27:in `call'
rack (2.0.6) lib/rack/runtime.rb:22:in `call'
activesupport (5.2.2) lib/active_support/cache/strategy/local_cache_middleware.rb:29:in `call'
actionpack (5.2.2) lib/action_dispatch/middleware/executor.rb:14:in `call'
actionpack (5.2.2) lib/action_dispatch/middleware/static.rb:127:in `call'
rack (2.0.6) lib/rack/sendfile.rb:111:in `call'
railties (5.2.2) lib/rails/engine.rb:524:in `call'
puma (3.12.0) lib/puma/configuration.rb:225:in `call'
puma (3.12.0) lib/puma/server.rb:658:in `handle_request'
puma (3.12.0) lib/puma/server.rb:472:in `process_client'
puma (3.12.0) lib/puma/server.rb:332:in `block in run'
puma (3.12.0) lib/puma/thread_pool.rb:133:in `block in spawn_thread'
Started DELETE "/quote" for 127.0.0.1 at 2019-01-23 21:09:53 +0300
  
ActionController::RoutingError (No route matches [DELETE] "/quote"):
  
actionpack (5.2.2) lib/action_dispatch/middleware/debug_exceptions.rb:65:in `call'
actionpack (5.2.2) lib/action_dispatch/middleware/show_exceptions.rb:33:in `call'
railties (5.2.2) lib/rails/rack/logger.rb:38:in `call_app'
railties (5.2.2) lib/rails/rack/logger.rb:26:in `block in call'
activesupport (5.2.2) lib/active_support/tagged_logging.rb:71:in `block in tagged'
activesupport (5.2.2) lib/active_support/tagged_logging.rb:28:in `tagged'
activesupport (5.2.2) lib/active_support/tagged_logging.rb:71:in `tagged'
railties (5.2.2) lib/rails/rack/logger.rb:26:in `call'
actionpack (5.2.2) lib/action_dispatch/middleware/remote_ip.rb:81:in `call'
actionpack (5.2.2) lib/action_dispatch/middleware/request_id.rb:27:in `call'
rack (2.0.6) lib/rack/runtime.rb:22:in `call'
activesupport (5.2.2) lib/active_support/cache/strategy/local_cache_middleware.rb:29:in `call'
actionpack (5.2.2) lib/action_dispatch/middleware/executor.rb:14:in `call'
actionpack (5.2.2) lib/action_dispatch/middleware/static.rb:127:in `call'
rack (2.0.6) lib/rack/sendfile.rb:111:in `call'
railties (5.2.2) lib/rails/engine.rb:524:in `call'
puma (3.12.0) lib/puma/configuration.rb:225:in `call'
puma (3.12.0) lib/puma/server.rb:658:in `handle_request'
puma (3.12.0) lib/puma/server.rb:472:in `process_client'
puma (3.12.0) lib/puma/server.rb:332:in `block in run'
puma (3.12.0) lib/puma/thread_pool.rb:133:in `block in spawn_thread'
