  [1m[35m (63.6ms)[0m  [1m[35mDROP DATABASE IF EXISTS "quote_api_development"[0m
  ↳ /usr/share/rvm/rubies/ruby-2.6.0/lib/ruby/gems/2.6.0/gems/rake-12.3.2/lib/rake/task.rb:273
  [1m[35m (0.2ms)[0m  [1m[35mDROP DATABASE IF EXISTS "quote_api_test"[0m
  ↳ /usr/share/rvm/rubies/ruby-2.6.0/lib/ruby/gems/2.6.0/gems/rake-12.3.2/lib/rake/task.rb:273
  [1m[35m (11955.8ms)[0m  [1m[35mCREATE DATABASE "quote_api_development" ENCODING = 'unicode'[0m
  ↳ /usr/share/rvm/rubies/ruby-2.6.0/lib/ruby/gems/2.6.0/gems/rake-12.3.2/lib/rake/task.rb:273
  [1m[35m (8462.8ms)[0m  [1m[35mCREATE DATABASE "quote_api_test" ENCODING = 'unicode'[0m
  ↳ /usr/share/rvm/rubies/ruby-2.6.0/lib/ruby/gems/2.6.0/gems/rake-12.3.2/lib/rake/task.rb:273
  [1m[35m (208.2ms)[0m  [1m[35mCREATE TABLE "schema_migrations" ("version" character varying NOT NULL PRIMARY KEY)[0m
  ↳ /usr/share/rvm/rubies/ruby-2.6.0/lib/ruby/gems/2.6.0/gems/rake-12.3.2/lib/rake/task.rb:273
  [1m[35m (101.1ms)[0m  [1m[35mCREATE TABLE "ar_internal_metadata" ("key" character varying NOT NULL PRIMARY KEY, "value" character varying, "created_at" timestamp NOT NULL, "updated_at" timestamp NOT NULL)[0m
  ↳ /usr/share/rvm/rubies/ruby-2.6.0/lib/ruby/gems/2.6.0/gems/rake-12.3.2/lib/rake/task.rb:273
  [1m[35m (0.2ms)[0m  [1m[34mSELECT pg_try_advisory_lock(2342999832998036100)[0m
  ↳ /usr/share/rvm/rubies/ruby-2.6.0/lib/ruby/gems/2.6.0/gems/rake-12.3.2/lib/rake/task.rb:273
  [1m[35m (0.6ms)[0m  [1m[34mSELECT "schema_migrations"."version" FROM "schema_migrations" ORDER BY "schema_migrations"."version" ASC[0m
  ↳ /usr/share/rvm/rubies/ruby-2.6.0/lib/ruby/gems/2.6.0/gems/rake-12.3.2/lib/rake/task.rb:273
Migrating to CreateQuotes (20190123141528)
  [1m[35m (0.2ms)[0m  [1m[35mBEGIN[0m
  ↳ /usr/share/rvm/rubies/ruby-2.6.0/lib/ruby/gems/2.6.0/gems/rake-12.3.2/lib/rake/task.rb:273
  [1m[35m (102.6ms)[0m  [1m[35mCREATE TABLE "quotes" ("id" bigserial primary key, "content" character varying, "author" character varying, "category" character varying, "created_at" timestamp NOT NULL, "updated_at" timestamp NOT NULL)[0m
  ↳ db/migrate/20190123141528_create_quotes.rb:3
  [1m[36mActiveRecord::SchemaMigration Create (0.6ms)[0m  [1m[32mINSERT INTO "schema_migrations" ("version") VALUES ($1) RETURNING "version"[0m  [["version", "20190123141528"]]
  ↳ /usr/share/rvm/rubies/ruby-2.6.0/lib/ruby/gems/2.6.0/gems/rake-12.3.2/lib/rake/task.rb:273
  [1m[35m (54.3ms)[0m  [1m[35mCOMMIT[0m
  ↳ /usr/share/rvm/rubies/ruby-2.6.0/lib/ruby/gems/2.6.0/gems/rake-12.3.2/lib/rake/task.rb:273
  [1m[36mActiveRecord::InternalMetadata Load (0.5ms)[0m  [1m[34mSELECT  "ar_internal_metadata".* FROM "ar_internal_metadata" WHERE "ar_internal_metadata"."key" = $1 LIMIT $2[0m  [["key", "environment"], ["LIMIT", 1]]
  ↳ /usr/share/rvm/rubies/ruby-2.6.0/lib/ruby/gems/2.6.0/gems/rake-12.3.2/lib/rake/task.rb:273
  [1m[35m (0.2ms)[0m  [1m[35mBEGIN[0m
  ↳ /usr/share/rvm/rubies/ruby-2.6.0/lib/ruby/gems/2.6.0/gems/rake-12.3.2/lib/rake/task.rb:273
  [1m[36mActiveRecord::InternalMetadata Create (0.7ms)[0m  [1m[32mINSERT INTO "ar_internal_metadata" ("key", "value", "created_at", "updated_at") VALUES ($1, $2, $3, $4) RETURNING "key"[0m  [["key", "environment"], ["value", "development"], ["created_at", "2019-01-23 14:18:56.400488"], ["updated_at", "2019-01-23 14:18:56.400488"]]
  ↳ /usr/share/rvm/rubies/ruby-2.6.0/lib/ruby/gems/2.6.0/gems/rake-12.3.2/lib/rake/task.rb:273
  [1m[35m (69.1ms)[0m  [1m[35mCOMMIT[0m
  ↳ /usr/share/rvm/rubies/ruby-2.6.0/lib/ruby/gems/2.6.0/gems/rake-12.3.2/lib/rake/task.rb:273
  [1m[35m (0.3ms)[0m  [1m[34mSELECT pg_advisory_unlock(2342999832998036100)[0m
  ↳ /usr/share/rvm/rubies/ruby-2.6.0/lib/ruby/gems/2.6.0/gems/rake-12.3.2/lib/rake/task.rb:273
  [1m[35m (0.3ms)[0m  [1m[34mSELECT "schema_migrations"."version" FROM "schema_migrations" ORDER BY "schema_migrations"."version" ASC[0m
  ↳ /usr/share/rvm/rubies/ruby-2.6.0/lib/ruby/gems/2.6.0/gems/rake-12.3.2/lib/rake/task.rb:273
  [1m[35m (0.7ms)[0m  [1m[34mSELECT "schema_migrations"."version" FROM "schema_migrations" ORDER BY "schema_migrations"."version" ASC[0m
  ↳ /usr/share/rvm/rubies/ruby-2.6.0/lib/ruby/gems/2.6.0/gems/rake-12.3.2/lib/rake/task.rb:273
  [1m[36mQuote Load (25.6ms)[0m  [1m[34mSELECT "quotes".* FROM "quotes"[0m
  ↳ db/seeds.rb:9
Started GET "/quotes" for 127.0.0.1 at 2019-01-23 17:24:27 +0300
  [1m[35m (0.7ms)[0m  [1m[34mSELECT "schema_migrations"."version" FROM "schema_migrations" ORDER BY "schema_migrations"."version" ASC[0m
  ↳ /home/sultan_bs/.rvm/gems/ruby-2.6.0/gems/activerecord-5.2.2/lib/active_record/log_subscriber.rb:98
  
ActionController::RoutingError (uninitialized constant QuotesController):
  
bootsnap (1.3.2) lib/bootsnap/load_path_cache/core_ext/active_support.rb:74:in `block in load_missing_constant'
bootsnap (1.3.2) lib/bootsnap/load_path_cache/core_ext/active_support.rb:8:in `without_bootsnap_cache'
bootsnap (1.3.2) lib/bootsnap/load_path_cache/core_ext/active_support.rb:74:in `rescue in load_missing_constant'
bootsnap (1.3.2) lib/bootsnap/load_path_cache/core_ext/active_support.rb:56:in `load_missing_constant'
activesupport (5.2.2) lib/active_support/inflector/methods.rb:283:in `const_get'
activesupport (5.2.2) lib/active_support/inflector/methods.rb:283:in `block in constantize'
activesupport (5.2.2) lib/active_support/inflector/methods.rb:281:in `each'
activesupport (5.2.2) lib/active_support/inflector/methods.rb:281:in `inject'
activesupport (5.2.2) lib/active_support/inflector/methods.rb:281:in `constantize'
actionpack (5.2.2) lib/action_dispatch/http/request.rb:88:in `controller_class_for'
actionpack (5.2.2) lib/action_dispatch/http/request.rb:81:in `controller_class'
actionpack (5.2.2) lib/action_dispatch/routing/route_set.rb:46:in `controller'
actionpack (5.2.2) lib/action_dispatch/routing/route_set.rb:32:in `serve'
actionpack (5.2.2) lib/action_dispatch/journey/router.rb:52:in `block in serve'
actionpack (5.2.2) lib/action_dispatch/journey/router.rb:35:in `each'
actionpack (5.2.2) lib/action_dispatch/journey/router.rb:35:in `serve'
actionpack (5.2.2) lib/action_dispatch/routing/route_set.rb:840:in `call'
rack (2.0.6) lib/rack/etag.rb:25:in `call'
rack (2.0.6) lib/rack/conditional_get.rb:25:in `call'
rack (2.0.6) lib/rack/head.rb:12:in `call'
activerecord (5.2.2) lib/active_record/migration.rb:559:in `call'
actionpack (5.2.2) lib/action_dispatch/middleware/callbacks.rb:28:in `block in call'
activesupport (5.2.2) lib/active_support/callbacks.rb:98:in `run_callbacks'
actionpack (5.2.2) lib/action_dispatch/middleware/callbacks.rb:26:in `call'
actionpack (5.2.2) lib/action_dispatch/middleware/executor.rb:14:in `call'
actionpack (5.2.2) lib/action_dispatch/middleware/debug_exceptions.rb:61:in `call'
actionpack (5.2.2) lib/action_dispatch/middleware/show_exceptions.rb:33:in `call'
railties (5.2.2) lib/rails/rack/logger.rb:38:in `call_app'
railties (5.2.2) lib/rails/rack/logger.rb:26:in `block in call'
activesupport (5.2.2) lib/active_support/tagged_logging.rb:71:in `block in tagged'
activesupport (5.2.2) lib/active_support/tagged_logging.rb:28:in `tagged'
activesupport (5.2.2) lib/active_support/tagged_logging.rb:71:in `tagged'
railties (5.2.2) lib/rails/rack/logger.rb:26:in `call'
actionpack (5.2.2) lib/action_dispatch/middleware/remote_ip.rb:81:in `call'
actionpack (5.2.2) lib/action_dispatch/middleware/request_id.rb:27:in `call'
rack (2.0.6) lib/rack/runtime.rb:22:in `call'
activesupport (5.2.2) lib/active_support/cache/strategy/local_cache_middleware.rb:29:in `call'
actionpack (5.2.2) lib/action_dispatch/middleware/executor.rb:14:in `call'
actionpack (5.2.2) lib/action_dispatch/middleware/static.rb:127:in `call'
rack (2.0.6) lib/rack/sendfile.rb:111:in `call'
railties (5.2.2) lib/rails/engine.rb:524:in `call'
puma (3.12.0) lib/puma/configuration.rb:225:in `call'
puma (3.12.0) lib/puma/server.rb:658:in `handle_request'
puma (3.12.0) lib/puma/server.rb:472:in `process_client'
puma (3.12.0) lib/puma/server.rb:332:in `block in run'
puma (3.12.0) lib/puma/thread_pool.rb:133:in `block in spawn_thread'
Started GET "/quotes" for 127.0.0.1 at 2019-01-23 17:24:55 +0300
  
ActionController::RoutingError (uninitialized constant QuotesController):
  
bootsnap (1.3.2) lib/bootsnap/load_path_cache/core_ext/active_support.rb:74:in `block in load_missing_constant'
bootsnap (1.3.2) lib/bootsnap/load_path_cache/core_ext/active_support.rb:8:in `without_bootsnap_cache'
bootsnap (1.3.2) lib/bootsnap/load_path_cache/core_ext/active_support.rb:74:in `rescue in load_missing_constant'
bootsnap (1.3.2) lib/bootsnap/load_path_cache/core_ext/active_support.rb:56:in `load_missing_constant'
activesupport (5.2.2) lib/active_support/inflector/methods.rb:283:in `const_get'
activesupport (5.2.2) lib/active_support/inflector/methods.rb:283:in `block in constantize'
activesupport (5.2.2) lib/active_support/inflector/methods.rb:281:in `each'
activesupport (5.2.2) lib/active_support/inflector/methods.rb:281:in `inject'
activesupport (5.2.2) lib/active_support/inflector/methods.rb:281:in `constantize'
actionpack (5.2.2) lib/action_dispatch/http/request.rb:88:in `controller_class_for'
actionpack (5.2.2) lib/action_dispatch/http/request.rb:81:in `controller_class'
actionpack (5.2.2) lib/action_dispatch/routing/route_set.rb:46:in `controller'
actionpack (5.2.2) lib/action_dispatch/routing/route_set.rb:32:in `serve'
actionpack (5.2.2) lib/action_dispatch/journey/router.rb:52:in `block in serve'
actionpack (5.2.2) lib/action_dispatch/journey/router.rb:35:in `each'
actionpack (5.2.2) lib/action_dispatch/journey/router.rb:35:in `serve'
actionpack (5.2.2) lib/action_dispatch/routing/route_set.rb:840:in `call'
rack (2.0.6) lib/rack/etag.rb:25:in `call'
rack (2.0.6) lib/rack/conditional_get.rb:25:in `call'
rack (2.0.6) lib/rack/head.rb:12:in `call'
activerecord (5.2.2) lib/active_record/migration.rb:559:in `call'
actionpack (5.2.2) lib/action_dispatch/middleware/callbacks.rb:28:in `block in call'
activesupport (5.2.2) lib/active_support/callbacks.rb:98:in `run_callbacks'
actionpack (5.2.2) lib/action_dispatch/middleware/callbacks.rb:26:in `call'
actionpack (5.2.2) lib/action_dispatch/middleware/executor.rb:14:in `call'
actionpack (5.2.2) lib/action_dispatch/middleware/debug_exceptions.rb:61:in `call'
actionpack (5.2.2) lib/action_dispatch/middleware/show_exceptions.rb:33:in `call'
railties (5.2.2) lib/rails/rack/logger.rb:38:in `call_app'
railties (5.2.2) lib/rails/rack/logger.rb:26:in `block in call'
activesupport (5.2.2) lib/active_support/tagged_logging.rb:71:in `block in tagged'
activesupport (5.2.2) lib/active_support/tagged_logging.rb:28:in `tagged'
activesupport (5.2.2) lib/active_support/tagged_logging.rb:71:in `tagged'
railties (5.2.2) lib/rails/rack/logger.rb:26:in `call'
actionpack (5.2.2) lib/action_dispatch/middleware/remote_ip.rb:81:in `call'
actionpack (5.2.2) lib/action_dispatch/middleware/request_id.rb:27:in `call'
rack (2.0.6) lib/rack/runtime.rb:22:in `call'
activesupport (5.2.2) lib/active_support/cache/strategy/local_cache_middleware.rb:29:in `call'
actionpack (5.2.2) lib/action_dispatch/middleware/executor.rb:14:in `call'
actionpack (5.2.2) lib/action_dispatch/middleware/static.rb:127:in `call'
rack (2.0.6) lib/rack/sendfile.rb:111:in `call'
railties (5.2.2) lib/rails/engine.rb:524:in `call'
puma (3.12.0) lib/puma/configuration.rb:225:in `call'
puma (3.12.0) lib/puma/server.rb:658:in `handle_request'
puma (3.12.0) lib/puma/server.rb:472:in `process_client'
puma (3.12.0) lib/puma/server.rb:332:in `block in run'
puma (3.12.0) lib/puma/thread_pool.rb:133:in `block in spawn_thread'
Started GET "/quote" for 127.0.0.1 at 2019-01-23 17:25:09 +0300
  
ActionController::RoutingError (uninitialized constant QuoteController):
  
bootsnap (1.3.2) lib/bootsnap/load_path_cache/core_ext/active_support.rb:74:in `block in load_missing_constant'
bootsnap (1.3.2) lib/bootsnap/load_path_cache/core_ext/active_support.rb:8:in `without_bootsnap_cache'
bootsnap (1.3.2) lib/bootsnap/load_path_cache/core_ext/active_support.rb:74:in `rescue in load_missing_constant'
bootsnap (1.3.2) lib/bootsnap/load_path_cache/core_ext/active_support.rb:56:in `load_missing_constant'
activesupport (5.2.2) lib/active_support/inflector/methods.rb:283:in `const_get'
activesupport (5.2.2) lib/active_support/inflector/methods.rb:283:in `block in constantize'
activesupport (5.2.2) lib/active_support/inflector/methods.rb:281:in `each'
activesupport (5.2.2) lib/active_support/inflector/methods.rb:281:in `inject'
activesupport (5.2.2) lib/active_support/inflector/methods.rb:281:in `constantize'
actionpack (5.2.2) lib/action_dispatch/http/request.rb:88:in `controller_class_for'
actionpack (5.2.2) lib/action_dispatch/http/request.rb:81:in `controller_class'
actionpack (5.2.2) lib/action_dispatch/routing/route_set.rb:46:in `controller'
actionpack (5.2.2) lib/action_dispatch/routing/route_set.rb:32:in `serve'
actionpack (5.2.2) lib/action_dispatch/journey/router.rb:52:in `block in serve'
actionpack (5.2.2) lib/action_dispatch/journey/router.rb:35:in `each'
actionpack (5.2.2) lib/action_dispatch/journey/router.rb:35:in `serve'
actionpack (5.2.2) lib/action_dispatch/routing/route_set.rb:840:in `call'
rack (2.0.6) lib/rack/etag.rb:25:in `call'
rack (2.0.6) lib/rack/conditional_get.rb:25:in `call'
rack (2.0.6) lib/rack/head.rb:12:in `call'
activerecord (5.2.2) lib/active_record/migration.rb:559:in `call'
actionpack (5.2.2) lib/action_dispatch/middleware/callbacks.rb:28:in `block in call'
activesupport (5.2.2) lib/active_support/callbacks.rb:98:in `run_callbacks'
actionpack (5.2.2) lib/action_dispatch/middleware/callbacks.rb:26:in `call'
actionpack (5.2.2) lib/action_dispatch/middleware/executor.rb:14:in `call'
actionpack (5.2.2) lib/action_dispatch/middleware/debug_exceptions.rb:61:in `call'
actionpack (5.2.2) lib/action_dispatch/middleware/show_exceptions.rb:33:in `call'
railties (5.2.2) lib/rails/rack/logger.rb:38:in `call_app'
railties (5.2.2) lib/rails/rack/logger.rb:26:in `block in call'
activesupport (5.2.2) lib/active_support/tagged_logging.rb:71:in `block in tagged'
activesupport (5.2.2) lib/active_support/tagged_logging.rb:28:in `tagged'
activesupport (5.2.2) lib/active_support/tagged_logging.rb:71:in `tagged'
railties (5.2.2) lib/rails/rack/logger.rb:26:in `call'
actionpack (5.2.2) lib/action_dispatch/middleware/remote_ip.rb:81:in `call'
actionpack (5.2.2) lib/action_dispatch/middleware/request_id.rb:27:in `call'
rack (2.0.6) lib/rack/runtime.rb:22:in `call'
activesupport (5.2.2) lib/active_support/cache/strategy/local_cache_middleware.rb:29:in `call'
actionpack (5.2.2) lib/action_dispatch/middleware/executor.rb:14:in `call'
actionpack (5.2.2) lib/action_dispatch/middleware/static.rb:127:in `call'
rack (2.0.6) lib/rack/sendfile.rb:111:in `call'
railties (5.2.2) lib/rails/engine.rb:524:in `call'
puma (3.12.0) lib/puma/configuration.rb:225:in `call'
puma (3.12.0) lib/puma/server.rb:658:in `handle_request'
puma (3.12.0) lib/puma/server.rb:472:in `process_client'
puma (3.12.0) lib/puma/server.rb:332:in `block in run'
puma (3.12.0) lib/puma/thread_pool.rb:133:in `block in spawn_thread'
Started GET "/quote" for 127.0.0.1 at 2019-01-23 17:26:37 +0300
  
ActionController::RoutingError (uninitialized constant QuoteController):
  
bootsnap (1.3.2) lib/bootsnap/load_path_cache/core_ext/active_support.rb:74:in `block in load_missing_constant'
bootsnap (1.3.2) lib/bootsnap/load_path_cache/core_ext/active_support.rb:8:in `without_bootsnap_cache'
bootsnap (1.3.2) lib/bootsnap/load_path_cache/core_ext/active_support.rb:74:in `rescue in load_missing_constant'
bootsnap (1.3.2) lib/bootsnap/load_path_cache/core_ext/active_support.rb:56:in `load_missing_constant'
activesupport (5.2.2) lib/active_support/inflector/methods.rb:283:in `const_get'
activesupport (5.2.2) lib/active_support/inflector/methods.rb:283:in `block in constantize'
activesupport (5.2.2) lib/active_support/inflector/methods.rb:281:in `each'
activesupport (5.2.2) lib/active_support/inflector/methods.rb:281:in `inject'
activesupport (5.2.2) lib/active_support/inflector/methods.rb:281:in `constantize'
actionpack (5.2.2) lib/action_dispatch/http/request.rb:88:in `controller_class_for'
actionpack (5.2.2) lib/action_dispatch/http/request.rb:81:in `controller_class'
actionpack (5.2.2) lib/action_dispatch/routing/route_set.rb:46:in `controller'
actionpack (5.2.2) lib/action_dispatch/routing/route_set.rb:32:in `serve'
actionpack (5.2.2) lib/action_dispatch/journey/router.rb:52:in `block in serve'
actionpack (5.2.2) lib/action_dispatch/journey/router.rb:35:in `each'
actionpack (5.2.2) lib/action_dispatch/journey/router.rb:35:in `serve'
actionpack (5.2.2) lib/action_dispatch/routing/route_set.rb:840:in `call'
rack (2.0.6) lib/rack/etag.rb:25:in `call'
rack (2.0.6) lib/rack/conditional_get.rb:25:in `call'
rack (2.0.6) lib/rack/head.rb:12:in `call'
activerecord (5.2.2) lib/active_record/migration.rb:559:in `call'
actionpack (5.2.2) lib/action_dispatch/middleware/callbacks.rb:28:in `block in call'
activesupport (5.2.2) lib/active_support/callbacks.rb:98:in `run_callbacks'
actionpack (5.2.2) lib/action_dispatch/middleware/callbacks.rb:26:in `call'
actionpack (5.2.2) lib/action_dispatch/middleware/executor.rb:14:in `call'
actionpack (5.2.2) lib/action_dispatch/middleware/debug_exceptions.rb:61:in `call'
actionpack (5.2.2) lib/action_dispatch/middleware/show_exceptions.rb:33:in `call'
railties (5.2.2) lib/rails/rack/logger.rb:38:in `call_app'
railties (5.2.2) lib/rails/rack/logger.rb:26:in `block in call'
activesupport (5.2.2) lib/active_support/tagged_logging.rb:71:in `block in tagged'
activesupport (5.2.2) lib/active_support/tagged_logging.rb:28:in `tagged'
activesupport (5.2.2) lib/active_support/tagged_logging.rb:71:in `tagged'
railties (5.2.2) lib/rails/rack/logger.rb:26:in `call'
actionpack (5.2.2) lib/action_dispatch/middleware/remote_ip.rb:81:in `call'
actionpack (5.2.2) lib/action_dispatch/middleware/request_id.rb:27:in `call'
rack (2.0.6) lib/rack/runtime.rb:22:in `call'
activesupport (5.2.2) lib/active_support/cache/strategy/local_cache_middleware.rb:29:in `call'
actionpack (5.2.2) lib/action_dispatch/middleware/executor.rb:14:in `call'
actionpack (5.2.2) lib/action_dispatch/middleware/static.rb:127:in `call'
rack (2.0.6) lib/rack/sendfile.rb:111:in `call'
railties (5.2.2) lib/rails/engine.rb:524:in `call'
puma (3.12.0) lib/puma/configuration.rb:225:in `call'
puma (3.12.0) lib/puma/server.rb:658:in `handle_request'
puma (3.12.0) lib/puma/server.rb:472:in `process_client'
puma (3.12.0) lib/puma/server.rb:332:in `block in run'
puma (3.12.0) lib/puma/thread_pool.rb:133:in `block in spawn_thread'
Started GET "/quotes" for 127.0.0.1 at 2019-01-23 17:28:45 +0300
  [1m[35m (0.7ms)[0m  [1m[34mSELECT "schema_migrations"."version" FROM "schema_migrations" ORDER BY "schema_migrations"."version" ASC[0m
  ↳ /home/sultan_bs/.rvm/gems/ruby-2.6.0/gems/activerecord-5.2.2/lib/active_record/log_subscriber.rb:98
Processing by QuotesController#index as */*
  Parameters: {"quote"=>{}}
Unpermitted parameter: :quote
  [1m[36mQuote Load (0.6ms)[0m  [1m[34mSELECT "quotes".* FROM "quotes"[0m
  ↳ app/controllers/quotes_controller.rb:6
Completed 200 OK in 3ms (Views: 1.6ms | ActiveRecord: 2.7ms)


  [1m[35m (0.7ms)[0m  [1m[34mSELECT "schema_migrations"."version" FROM "schema_migrations" ORDER BY "schema_migrations"."version" ASC[0m
  ↳ /usr/share/rvm/rubies/ruby-2.6.0/lib/ruby/gems/2.6.0/gems/rake-12.3.2/lib/rake/task.rb:273
  [1m[36mQuote Load (0.6ms)[0m  [1m[34mSELECT "quotes".* FROM "quotes"[0m
  ↳ db/seeds.rb:9
Started GET "/quotes" for 127.0.0.1 at 2019-01-23 17:29:41 +0300
  [1m[35m (0.6ms)[0m  [1m[34mSELECT "schema_migrations"."version" FROM "schema_migrations" ORDER BY "schema_migrations"."version" ASC[0m
  ↳ /home/sultan_bs/.rvm/gems/ruby-2.6.0/gems/activerecord-5.2.2/lib/active_record/log_subscriber.rb:98
Processing by QuotesController#index as */*
  Parameters: {"quote"=>{}}
Unpermitted parameter: :quote
  [1m[36mQuote Load (0.6ms)[0m  [1m[34mSELECT "quotes".* FROM "quotes"[0m
  ↳ app/controllers/quotes_controller.rb:6
Completed 200 OK in 4ms (Views: 1.5ms | ActiveRecord: 3.0ms)


Started GET "/quotes" for 127.0.0.1 at 2019-01-23 17:30:33 +0300
Processing by QuotesController#index as */*
  Parameters: {"quote"=>{}}
Unpermitted parameter: :quote
  [1m[36mQuote Load (0.3ms)[0m  [1m[34mSELECT "quotes".* FROM "quotes"[0m
  ↳ app/controllers/quotes_controller.rb:6
Completed 200 OK in 3ms (Views: 1.5ms | ActiveRecord: 2.4ms)


Started GET "/quotes" for 127.0.0.1 at 2019-01-23 17:31:08 +0300
Processing by QuotesController#index as */*
  Parameters: {"quote"=>{}}
Unpermitted parameter: :quote
  [1m[36mQuote Load (0.4ms)[0m  [1m[34mSELECT "quotes".* FROM "quotes"[0m
  ↳ app/controllers/quotes_controller.rb:6
Completed 200 OK in 3ms (Views: 1.4ms | ActiveRecord: 0.4ms)


  [1m[35m (0.7ms)[0m  [1m[34mSELECT "schema_migrations"."version" FROM "schema_migrations" ORDER BY "schema_migrations"."version" ASC[0m
  ↳ /usr/share/rvm/rubies/ruby-2.6.0/lib/ruby/gems/2.6.0/gems/rake-12.3.2/lib/rake/task.rb:273
  [1m[35m (10.4ms)[0m  [1m[34mSELECT "ar_internal_metadata"."value" FROM "ar_internal_metadata" WHERE "ar_internal_metadata"."key" = $1[0m  [["key", "environment"]]
  ↳ /usr/share/rvm/rubies/ruby-2.6.0/lib/ruby/gems/2.6.0/gems/rake-12.3.2/lib/rake/task.rb:273
  [1m[35m (0.2ms)[0m  [1m[34mSELECT "schema_migrations"."version" FROM "schema_migrations" ORDER BY "schema_migrations"."version" ASC[0m
  ↳ /usr/share/rvm/rubies/ruby-2.6.0/lib/ruby/gems/2.6.0/gems/rake-12.3.2/lib/rake/task.rb:273
  [1m[35m (0.2ms)[0m  [1m[34mSELECT "ar_internal_metadata"."value" FROM "ar_internal_metadata" WHERE "ar_internal_metadata"."key" = $1[0m  [["key", "environment"]]
  ↳ /usr/share/rvm/rubies/ruby-2.6.0/lib/ruby/gems/2.6.0/gems/rake-12.3.2/lib/rake/task.rb:273
  [1m[35m (0.2ms)[0m  [1m[34mSELECT "schema_migrations"."version" FROM "schema_migrations" ORDER BY "schema_migrations"."version" ASC[0m
  ↳ /usr/share/rvm/rubies/ruby-2.6.0/lib/ruby/gems/2.6.0/gems/rake-12.3.2/lib/rake/task.rb:273
  [1m[35m (0.2ms)[0m  [1m[34mSELECT "ar_internal_metadata"."value" FROM "ar_internal_metadata" WHERE "ar_internal_metadata"."key" = $1[0m  [["key", "environment"]]
  ↳ /usr/share/rvm/rubies/ruby-2.6.0/lib/ruby/gems/2.6.0/gems/rake-12.3.2/lib/rake/task.rb:273
  [1m[35m (756.5ms)[0m  [1m[35mDROP DATABASE IF EXISTS "quote_api_development"[0m
  ↳ /usr/share/rvm/rubies/ruby-2.6.0/lib/ruby/gems/2.6.0/gems/rake-12.3.2/lib/rake/task.rb:273
  [1m[35m (660.2ms)[0m  [1m[35mDROP DATABASE IF EXISTS "quote_api_test"[0m
  ↳ /usr/share/rvm/rubies/ruby-2.6.0/lib/ruby/gems/2.6.0/gems/rake-12.3.2/lib/rake/task.rb:273
  [1m[35m (11003.8ms)[0m  [1m[35mCREATE DATABASE "quote_api_development" ENCODING = 'unicode'[0m
  ↳ /usr/share/rvm/rubies/ruby-2.6.0/lib/ruby/gems/2.6.0/gems/rake-12.3.2/lib/rake/task.rb:273
  [1m[35m (9126.9ms)[0m  [1m[35mCREATE DATABASE "quote_api_test" ENCODING = 'unicode'[0m
  ↳ /usr/share/rvm/rubies/ruby-2.6.0/lib/ruby/gems/2.6.0/gems/rake-12.3.2/lib/rake/task.rb:273
  [1m[35m (95.1ms)[0m  [1m[35mCREATE TABLE "schema_migrations" ("version" character varying NOT NULL PRIMARY KEY)[0m
  ↳ /usr/share/rvm/rubies/ruby-2.6.0/lib/ruby/gems/2.6.0/gems/rake-12.3.2/lib/rake/task.rb:273
  [1m[35m (199.5ms)[0m  [1m[35mCREATE TABLE "ar_internal_metadata" ("key" character varying NOT NULL PRIMARY KEY, "value" character varying, "created_at" timestamp NOT NULL, "updated_at" timestamp NOT NULL)[0m
  ↳ /usr/share/rvm/rubies/ruby-2.6.0/lib/ruby/gems/2.6.0/gems/rake-12.3.2/lib/rake/task.rb:273
  [1m[35m (0.2ms)[0m  [1m[34mSELECT pg_try_advisory_lock(2342999832998036100)[0m
  ↳ /usr/share/rvm/rubies/ruby-2.6.0/lib/ruby/gems/2.6.0/gems/rake-12.3.2/lib/rake/task.rb:273
  [1m[35m (0.6ms)[0m  [1m[34mSELECT "schema_migrations"."version" FROM "schema_migrations" ORDER BY "schema_migrations"."version" ASC[0m
  ↳ /usr/share/rvm/rubies/ruby-2.6.0/lib/ruby/gems/2.6.0/gems/rake-12.3.2/lib/rake/task.rb:273
Migrating to CreateQuotes (20190123141528)
  [1m[35m (0.2ms)[0m  [1m[35mBEGIN[0m
  ↳ /usr/share/rvm/rubies/ruby-2.6.0/lib/ruby/gems/2.6.0/gems/rake-12.3.2/lib/rake/task.rb:273
  [1m[35m (133.0ms)[0m  [1m[35mCREATE TABLE "quotes" ("id" bigserial primary key, "content" character varying, "author" character varying, "category" character varying, "created_at" timestamp NOT NULL, "updated_at" timestamp NOT NULL)[0m
  ↳ db/migrate/20190123141528_create_quotes.rb:3
  [1m[36mActiveRecord::SchemaMigration Create (0.6ms)[0m  [1m[32mINSERT INTO "schema_migrations" ("version") VALUES ($1) RETURNING "version"[0m  [["version", "20190123141528"]]
  ↳ /usr/share/rvm/rubies/ruby-2.6.0/lib/ruby/gems/2.6.0/gems/rake-12.3.2/lib/rake/task.rb:273
  [1m[35m (53.1ms)[0m  [1m[35mCOMMIT[0m
  ↳ /usr/share/rvm/rubies/ruby-2.6.0/lib/ruby/gems/2.6.0/gems/rake-12.3.2/lib/rake/task.rb:273
  [1m[36mActiveRecord::InternalMetadata Load (0.5ms)[0m  [1m[34mSELECT  "ar_internal_metadata".* FROM "ar_internal_metadata" WHERE "ar_internal_metadata"."key" = $1 LIMIT $2[0m  [["key", "environment"], ["LIMIT", 1]]
  ↳ /usr/share/rvm/rubies/ruby-2.6.0/lib/ruby/gems/2.6.0/gems/rake-12.3.2/lib/rake/task.rb:273
  [1m[35m (0.1ms)[0m  [1m[35mBEGIN[0m
  ↳ /usr/share/rvm/rubies/ruby-2.6.0/lib/ruby/gems/2.6.0/gems/rake-12.3.2/lib/rake/task.rb:273
  [1m[36mActiveRecord::InternalMetadata Create (0.5ms)[0m  [1m[32mINSERT INTO "ar_internal_metadata" ("key", "value", "created_at", "updated_at") VALUES ($1, $2, $3, $4) RETURNING "key"[0m  [["key", "environment"], ["value", "development"], ["created_at", "2019-01-23 14:32:00.786413"], ["updated_at", "2019-01-23 14:32:00.786413"]]
  ↳ /usr/share/rvm/rubies/ruby-2.6.0/lib/ruby/gems/2.6.0/gems/rake-12.3.2/lib/rake/task.rb:273
  [1m[35m (52.6ms)[0m  [1m[35mCOMMIT[0m
  ↳ /usr/share/rvm/rubies/ruby-2.6.0/lib/ruby/gems/2.6.0/gems/rake-12.3.2/lib/rake/task.rb:273
  [1m[35m (0.3ms)[0m  [1m[34mSELECT pg_advisory_unlock(2342999832998036100)[0m
  ↳ /usr/share/rvm/rubies/ruby-2.6.0/lib/ruby/gems/2.6.0/gems/rake-12.3.2/lib/rake/task.rb:273
  [1m[35m (0.3ms)[0m  [1m[34mSELECT "schema_migrations"."version" FROM "schema_migrations" ORDER BY "schema_migrations"."version" ASC[0m
  ↳ /usr/share/rvm/rubies/ruby-2.6.0/lib/ruby/gems/2.6.0/gems/rake-12.3.2/lib/rake/task.rb:273
  [1m[35m (0.7ms)[0m  [1m[34mSELECT "schema_migrations"."version" FROM "schema_migrations" ORDER BY "schema_migrations"."version" ASC[0m
  ↳ /usr/share/rvm/rubies/ruby-2.6.0/lib/ruby/gems/2.6.0/gems/rake-12.3.2/lib/rake/task.rb:273
  [1m[36mQuote Load (0.7ms)[0m  [1m[34mSELECT "quotes".* FROM "quotes"[0m
  ↳ db/seeds.rb:9
Started GET "/quotes" for 127.0.0.1 at 2019-01-23 17:32:24 +0300
  [1m[35m (0.7ms)[0m  [1m[34mSELECT "schema_migrations"."version" FROM "schema_migrations" ORDER BY "schema_migrations"."version" ASC[0m
  ↳ /home/sultan_bs/.rvm/gems/ruby-2.6.0/gems/activerecord-5.2.2/lib/active_record/log_subscriber.rb:98
Processing by QuotesController#index as */*
  Parameters: {"quote"=>{}}
Unpermitted parameter: :quote
  [1m[36mQuote Load (0.6ms)[0m  [1m[34mSELECT "quotes".* FROM "quotes"[0m
  ↳ app/controllers/quotes_controller.rb:6
Completed 200 OK in 4ms (Views: 1.5ms | ActiveRecord: 2.7ms)


Started GET "/quotes" for 127.0.0.1 at 2019-01-23 17:33:23 +0300
Processing by QuotesController#index as */*
  Parameters: {"quote"=>{}}
Unpermitted parameter: :quote
  [1m[36mQuote Load (0.3ms)[0m  [1m[34mSELECT "quotes".* FROM "quotes"[0m
  ↳ app/controllers/quotes_controller.rb:6
Completed 200 OK in 3ms (Views: 1.5ms | ActiveRecord: 0.3ms)


Started GET "/quotes" for 127.0.0.1 at 2019-01-23 17:33:45 +0300
Processing by QuotesController#index as */*
  Parameters: {"quote"=>{}}
Unpermitted parameter: :quote
  [1m[36mQuote Load (0.3ms)[0m  [1m[34mSELECT "quotes".* FROM "quotes"[0m
  ↳ app/controllers/quotes_controller.rb:6
Completed 200 OK in 2ms (Views: 1.3ms | ActiveRecord: 0.3ms)


Started GET "/quotes" for 127.0.0.1 at 2019-01-23 17:34:53 +0300
Processing by QuotesController#index as */*
  Parameters: {"quote"=>{}}
Unpermitted parameter: :quote
  [1m[36mQuote Load (0.3ms)[0m  [1m[34mSELECT "quotes".* FROM "quotes"[0m
  ↳ app/controllers/quotes_controller.rb:6
Completed 200 OK in 3ms (Views: 1.5ms | ActiveRecord: 0.3ms)


Started GET "/quotes" for 127.0.0.1 at 2019-01-23 17:37:39 +0300
Processing by QuotesController#index as */*
  Parameters: {"quote"=>{}}
Unpermitted parameter: :quote
  [1m[36mQuote Load (0.4ms)[0m  [1m[34mSELECT "quotes".* FROM "quotes"[0m
  ↳ app/controllers/quotes_controller.rb:5
Completed 200 OK in 3ms (Views: 1.6ms | ActiveRecord: 2.5ms)


Started GET "/quotes" for 127.0.0.1 at 2019-01-23 17:37:56 +0300
  [1m[35m (0.7ms)[0m  [1m[34mSELECT "schema_migrations"."version" FROM "schema_migrations" ORDER BY "schema_migrations"."version" ASC[0m
  ↳ /home/sultan_bs/.rvm/gems/ruby-2.6.0/gems/activerecord-5.2.2/lib/active_record/log_subscriber.rb:98
Processing by QuotesController#index as */*
  Parameters: {"quote"=>{}}
Unpermitted parameter: :quote
  [1m[36mQuote Load (0.7ms)[0m  [1m[34mSELECT "quotes".* FROM "quotes"[0m
  ↳ app/controllers/quotes_controller.rb:5
Completed 200 OK in 4ms (Views: 1.5ms | ActiveRecord: 3.4ms)


Started GET "/quotes" for 127.0.0.1 at 2019-01-23 17:39:20 +0300
Processing by QuotesController#index as */*
  Parameters: {"quote"=>{}}
Unpermitted parameter: :quote
  [1m[36mQuote Load (0.5ms)[0m  [1m[34mSELECT "quotes".* FROM "quotes"[0m
  ↳ app/controllers/quotes_controller.rb:5
Completed 200 OK in 5ms (Views: 1.6ms | ActiveRecord: 2.6ms)


Started GET "/quotes" for 127.0.0.1 at 2019-01-23 17:40:32 +0300
Processing by QuotesController#index as */*
  Parameters: {"quote"=>{}}
Unpermitted parameter: :quote
  [1m[36mQuote Load (0.3ms)[0m  [1m[34mSELECT "quotes".* FROM "quotes"[0m
  ↳ app/controllers/quotes_controller.rb:5
Completed 200 OK in 3ms (Views: 1.3ms | ActiveRecord: 2.4ms)


Started GET "/quotes" for 127.0.0.1 at 2019-01-23 17:40:43 +0300
Processing by QuotesController#index as */*
  Parameters: {"quote"=>{}}
Unpermitted parameter: :quote
  [1m[36mQuote Load (0.4ms)[0m  [1m[34mSELECT "quotes".* FROM "quotes"[0m
  ↳ app/controllers/quotes_controller.rb:5
Completed 200 OK in 7ms (Views: 4.2ms | ActiveRecord: 5.4ms)


Started GET "/quotes" for 127.0.0.1 at 2019-01-23 17:43:14 +0300
Processing by QuotesController#index as */*
  Parameters: {"quote"=>{}}
Unpermitted parameter: :quote
  [1m[36mQuote Load (0.4ms)[0m  [1m[34mSELECT "quotes".* FROM "quotes"[0m
  ↳ app/controllers/quotes_controller.rb:5
Completed 200 OK in 4ms (Views: 2.9ms | ActiveRecord: 0.4ms)


  [1m[35m (0.7ms)[0m  [1m[34mSELECT "schema_migrations"."version" FROM "schema_migrations" ORDER BY "schema_migrations"."version" ASC[0m
  ↳ /usr/share/rvm/rubies/ruby-2.6.0/lib/ruby/gems/2.6.0/gems/rake-12.3.2/lib/rake/task.rb:273
  [1m[36mQuote Load (0.7ms)[0m  [1m[34mSELECT "quotes".* FROM "quotes"[0m
  ↳ db/seeds.rb:9
Started GET "/quotes" for 127.0.0.1 at 2019-01-23 17:43:56 +0300
  [1m[35m (0.7ms)[0m  [1m[34mSELECT "schema_migrations"."version" FROM "schema_migrations" ORDER BY "schema_migrations"."version" ASC[0m
  ↳ /home/sultan_bs/.rvm/gems/ruby-2.6.0/gems/activerecord-5.2.2/lib/active_record/log_subscriber.rb:98
Processing by QuotesController#index as */*
  Parameters: {"quote"=>{}}
Unpermitted parameter: :quote
  [1m[36mQuote Load (0.6ms)[0m  [1m[34mSELECT "quotes".* FROM "quotes"[0m
  ↳ app/controllers/quotes_controller.rb:5
Completed 200 OK in 3ms (Views: 1.6ms | ActiveRecord: 2.7ms)


Started GET "/quotes" for 127.0.0.1 at 2019-01-23 17:47:39 +0300
Processing by QuotesController#index as */*
  Parameters: {"quote"=>{}}
Unpermitted parameter: :quote
  [1m[36mQuote Load (0.4ms)[0m  [1m[34mSELECT "quotes".* FROM "quotes"[0m
  ↳ app/controllers/quotes_controller.rb:5
Completed 200 OK in 3ms (Views: 1.4ms | ActiveRecord: 0.4ms)


  [1m[35m (0.7ms)[0m  [1m[34mSELECT "schema_migrations"."version" FROM "schema_migrations" ORDER BY "schema_migrations"."version" ASC[0m
  ↳ /usr/share/rvm/rubies/ruby-2.6.0/lib/ruby/gems/2.6.0/gems/rake-12.3.2/lib/rake/task.rb:273
  [1m[35m (0.2ms)[0m  [1m[35mBEGIN[0m
  ↳ db/seeds.rb:130
  [1m[36mQuote Create (12.2ms)[0m  [1m[32mINSERT INTO "quotes" ("content", "author", "category", "created_at", "updated_at") VALUES ($1, $2, $3, $4, $5) RETURNING "id"[0m  [["content", "Sometimes you win, sometimes you learn."], ["author", "Unknown"], ["category", "motivational"], ["created_at", "2019-01-23 14:47:45.011211"], ["updated_at", "2019-01-23 14:47:45.011211"]]
  ↳ db/seeds.rb:130
  [1m[35m (109.7ms)[0m  [1m[35mCOMMIT[0m
  ↳ db/seeds.rb:130
  [1m[35m (0.2ms)[0m  [1m[35mBEGIN[0m
  ↳ db/seeds.rb:130
  [1m[36mQuote Create (0.3ms)[0m  [1m[32mINSERT INTO "quotes" ("content", "author", "category", "created_at", "updated_at") VALUES ($1, $2, $3, $4, $5) RETURNING "id"[0m  [["content", "Do or do not, there is no try."], ["author", "Yoda"], ["category", "motivational"], ["created_at", "2019-01-23 14:47:45.135121"], ["updated_at", "2019-01-23 14:47:45.135121"]]
  ↳ db/seeds.rb:130
  [1m[35m (31.9ms)[0m  [1m[35mCOMMIT[0m
  ↳ db/seeds.rb:130
  [1m[35m (0.2ms)[0m  [1m[35mBEGIN[0m
  ↳ db/seeds.rb:130
  [1m[36mQuote Create (0.3ms)[0m  [1m[32mINSERT INTO "quotes" ("content", "author", "category", "created_at", "updated_at") VALUES ($1, $2, $3, $4, $5) RETURNING "id"[0m  [["content", "A simple 'Hello' could lead to a million things."], ["author", "Unknown"], ["category", "motivational"], ["created_at", "2019-01-23 14:47:45.168733"], ["updated_at", "2019-01-23 14:47:45.168733"]]
  ↳ db/seeds.rb:130
  [1m[35m (31.1ms)[0m  [1m[35mCOMMIT[0m
  ↳ db/seeds.rb:130
  [1m[35m (0.1ms)[0m  [1m[35mBEGIN[0m
  ↳ db/seeds.rb:130
  [1m[36mQuote Create (0.3ms)[0m  [1m[32mINSERT INTO "quotes" ("content", "author", "category", "created_at", "updated_at") VALUES ($1, $2, $3, $4, $5) RETURNING "id"[0m  [["content", "The expert at anything was once a beginner."], ["author", "Helen Hayes"], ["category", "education"], ["created_at", "2019-01-23 14:47:45.201507"], ["updated_at", "2019-01-23 14:47:45.201507"]]
  ↳ db/seeds.rb:130
  [1m[35m (31.5ms)[0m  [1m[35mCOMMIT[0m
  ↳ db/seeds.rb:130
  [1m[35m (0.2ms)[0m  [1m[35mBEGIN[0m
  ↳ db/seeds.rb:130
  [1m[36mQuote Create (0.3ms)[0m  [1m[32mINSERT INTO "quotes" ("content", "author", "category", "created_at", "updated_at") VALUES ($1, $2, $3, $4, $5) RETURNING "id"[0m  [["content", "You are never too old to get a new goal or dream a new dream!"], ["author", "CS Lewis"], ["category", "motivational"], ["created_at", "2019-01-23 14:47:45.234999"], ["updated_at", "2019-01-23 14:47:45.234999"]]
  ↳ db/seeds.rb:130
  [1m[35m (75.7ms)[0m  [1m[35mCOMMIT[0m
  ↳ db/seeds.rb:130
  [1m[35m (0.2ms)[0m  [1m[35mBEGIN[0m
  ↳ db/seeds.rb:130
  [1m[36mQuote Create (0.3ms)[0m  [1m[32mINSERT INTO "quotes" ("content", "author", "category", "created_at", "updated_at") VALUES ($1, $2, $3, $4, $5) RETURNING "id"[0m  [["content", "If you want something you never had, you have to do something you've never done!"], ["author", "Unknown"], ["category", "motivational"], ["created_at", "2019-01-23 14:47:45.312362"], ["updated_at", "2019-01-23 14:47:45.312362"]]
  ↳ db/seeds.rb:130
  [1m[35m (54.2ms)[0m  [1m[35mCOMMIT[0m
  ↳ db/seeds.rb:130
  [1m[35m (0.2ms)[0m  [1m[35mBEGIN[0m
  ↳ db/seeds.rb:130
  [1m[36mQuote Create (0.3ms)[0m  [1m[32mINSERT INTO "quotes" ("content", "author", "category", "created_at", "updated_at") VALUES ($1, $2, $3, $4, $5) RETURNING "id"[0m  [["content", "Getting to know a problem is a bit like getting to know a person: it's a gradual process that requires patience, and there is no state of completion. You can never know the full of a problem, because there is never comprehensive information available. You have to simply draw the line somewhere and make up the rest as you go along."], ["author", "Frank Chimero"], ["category", "design"], ["created_at", "2019-01-23 14:47:45.368213"], ["updated_at", "2019-01-23 14:47:45.368213"]]
  ↳ db/seeds.rb:130
  [1m[35m (30.9ms)[0m  [1m[35mCOMMIT[0m
  ↳ db/seeds.rb:130
  [1m[35m (0.2ms)[0m  [1m[35mBEGIN[0m
  ↳ db/seeds.rb:130
  [1m[36mQuote Create (0.3ms)[0m  [1m[32mINSERT INTO "quotes" ("content", "author", "category", "created_at", "updated_at") VALUES ($1, $2, $3, $4, $5) RETURNING "id"[0m  [["content", "Others have seen what is and asked why. I have seen what could be and asked why not?"], ["author", "Pablo Picasso"], ["category", "design"], ["created_at", "2019-01-23 14:47:45.400755"], ["updated_at", "2019-01-23 14:47:45.400755"]]
  ↳ db/seeds.rb:130
  [1m[35m (54.4ms)[0m  [1m[35mCOMMIT[0m
  ↳ db/seeds.rb:130
  [1m[35m (0.1ms)[0m  [1m[35mBEGIN[0m
  ↳ db/seeds.rb:130
  [1m[36mQuote Create (0.3ms)[0m  [1m[32mINSERT INTO "quotes" ("content", "author", "category", "created_at", "updated_at") VALUES ($1, $2, $3, $4, $5) RETURNING "id"[0m  [["content", "Who are we, who is each one of us, if not a combinatoria of experiences, information, books we have read, things imagined?"], ["author", "Italo Calvino"], ["category", "literary"], ["created_at", "2019-01-23 14:47:45.456865"], ["updated_at", "2019-01-23 14:47:45.456865"]]
  ↳ db/seeds.rb:130
  [1m[35m (31.2ms)[0m  [1m[35mCOMMIT[0m
  ↳ db/seeds.rb:130
  [1m[35m (0.2ms)[0m  [1m[35mBEGIN[0m
  ↳ db/seeds.rb:130
  [1m[36mQuote Create (0.3ms)[0m  [1m[32mINSERT INTO "quotes" ("content", "author", "category", "created_at", "updated_at") VALUES ($1, $2, $3, $4, $5) RETURNING "id"[0m  [["content", "Who are only undefeated / Because we have gone on trying"], ["author", "T.S. Eliot"], ["category", "poetry"], ["created_at", "2019-01-23 14:47:45.489697"], ["updated_at", "2019-01-23 14:47:45.489697"]]
  ↳ db/seeds.rb:130
  [1m[35m (31.7ms)[0m  [1m[35mCOMMIT[0m
  ↳ db/seeds.rb:130
  [1m[35m (0.2ms)[0m  [1m[35mBEGIN[0m
  ↳ db/seeds.rb:130
  [1m[36mQuote Create (0.3ms)[0m  [1m[32mINSERT INTO "quotes" ("content", "author", "category", "created_at", "updated_at") VALUES ($1, $2, $3, $4, $5) RETURNING "id"[0m  [["content", "In search of the difficulty rather than in its clutch. The disquiet of him who lacks an adversary."], ["author", "Samuel Beckett"], ["category", "literary"], ["created_at", "2019-01-23 14:47:45.523162"], ["updated_at", "2019-01-23 14:47:45.523162"]]
  ↳ db/seeds.rb:130
  [1m[35m (31.0ms)[0m  [1m[35mCOMMIT[0m
  ↳ db/seeds.rb:130
  [1m[35m (0.2ms)[0m  [1m[35mBEGIN[0m
  ↳ db/seeds.rb:130
  [1m[36mQuote Create (0.3ms)[0m  [1m[32mINSERT INTO "quotes" ("content", "author", "category", "created_at", "updated_at") VALUES ($1, $2, $3, $4, $5) RETURNING "id"[0m  [["content", "When the going gets weird, the weird turn pro."], ["author", "Hunter S. Thompson"], ["category", "gonzo"], ["created_at", "2019-01-23 14:47:45.555857"], ["updated_at", "2019-01-23 14:47:45.555857"]]
  ↳ db/seeds.rb:130
  [1m[35m (32.1ms)[0m  [1m[35mCOMMIT[0m
  ↳ db/seeds.rb:130
  [1m[35m (0.2ms)[0m  [1m[35mBEGIN[0m
  ↳ db/seeds.rb:130
  [1m[36mQuote Create (0.3ms)[0m  [1m[32mINSERT INTO "quotes" ("content", "author", "category", "created_at", "updated_at") VALUES ($1, $2, $3, $4, $5) RETURNING "id"[0m  [["content", "Truth suffers from too much analysis."], ["author", "Frank Herbert"], ["category", "philosophical"], ["created_at", "2019-01-23 14:47:45.589703"], ["updated_at", "2019-01-23 14:47:45.589703"]]
  ↳ db/seeds.rb:130
  [1m[35m (30.9ms)[0m  [1m[35mCOMMIT[0m
  ↳ db/seeds.rb:130
  [1m[35m (0.2ms)[0m  [1m[35mBEGIN[0m
  ↳ db/seeds.rb:130
  [1m[36mQuote Create (0.3ms)[0m  [1m[32mINSERT INTO "quotes" ("content", "author", "category", "created_at", "updated_at") VALUES ($1, $2, $3, $4, $5) RETURNING "id"[0m  [["content", "Over and over again, a thousand voices shout: No Image! No Message!"], ["author", "Max Bruinsma"], ["category", "design"], ["created_at", "2019-01-23 14:47:45.622274"], ["updated_at", "2019-01-23 14:47:45.622274"]]
  ↳ db/seeds.rb:130
  [1m[35m (32.0ms)[0m  [1m[35mCOMMIT[0m
  ↳ db/seeds.rb:130
  [1m[35m (0.2ms)[0m  [1m[35mBEGIN[0m
  ↳ db/seeds.rb:130
  [1m[36mQuote Create (0.3ms)[0m  [1m[32mINSERT INTO "quotes" ("content", "author", "category", "created_at", "updated_at") VALUES ($1, $2, $3, $4, $5) RETURNING "id"[0m  [["content", "A circle looks at a square and sees a badly made circle."], ["author", "Jeff VanderMeer"], ["category", "design"], ["created_at", "2019-01-23 14:47:45.655937"], ["updated_at", "2019-01-23 14:47:45.655937"]]
  ↳ db/seeds.rb:130
  [1m[35m (53.4ms)[0m  [1m[35mCOMMIT[0m
  ↳ db/seeds.rb:130
  [1m[35m (0.2ms)[0m  [1m[35mBEGIN[0m
  ↳ db/seeds.rb:130
  [1m[36mQuote Create (0.3ms)[0m  [1m[32mINSERT INTO "quotes" ("content", "author", "category", "created_at", "updated_at") VALUES ($1, $2, $3, $4, $5) RETURNING "id"[0m  [["content", "The aspects of things that are most important for us are hidden because of their simplicity and familiarity."], ["author", "Ludwig Wittgenstein"], ["category", "philosophical"], ["created_at", "2019-01-23 14:47:45.711063"], ["updated_at", "2019-01-23 14:47:45.711063"]]
  ↳ db/seeds.rb:130
  [1m[35m (31.9ms)[0m  [1m[35mCOMMIT[0m
  ↳ db/seeds.rb:130
  [1m[35m (0.2ms)[0m  [1m[35mBEGIN[0m
  ↳ db/seeds.rb:130
  [1m[36mQuote Create (0.3ms)[0m  [1m[32mINSERT INTO "quotes" ("content", "author", "category", "created_at", "updated_at") VALUES ($1, $2, $3, $4, $5) RETURNING "id"[0m  [["content", "All struggle is against impermanence."], ["author", "lord krunkington iii"], ["category", "philosophical"], ["created_at", "2019-01-23 14:47:45.744658"], ["updated_at", "2019-01-23 14:47:45.744658"]]
  ↳ db/seeds.rb:130
  [1m[35m (31.0ms)[0m  [1m[35mCOMMIT[0m
  ↳ db/seeds.rb:130
  [1m[35m (0.2ms)[0m  [1m[35mBEGIN[0m
  ↳ db/seeds.rb:130
  [1m[36mQuote Create (0.3ms)[0m  [1m[32mINSERT INTO "quotes" ("content", "author", "category", "created_at", "updated_at") VALUES ($1, $2, $3, $4, $5) RETURNING "id"[0m  [["content", "All language is mystification, and everything is fiction."], ["author", "Brion Gysin"], ["category", "literary"], ["created_at", "2019-01-23 14:47:45.777367"], ["updated_at", "2019-01-23 14:47:45.777367"]]
  ↳ db/seeds.rb:130
  [1m[35m (32.2ms)[0m  [1m[35mCOMMIT[0m
  ↳ db/seeds.rb:130
  [1m[35m (0.2ms)[0m  [1m[35mBEGIN[0m
  ↳ db/seeds.rb:130
  [1m[36mQuote Create (0.3ms)[0m  [1m[32mINSERT INTO "quotes" ("content", "author", "category", "created_at", "updated_at") VALUES ($1, $2, $3, $4, $5) RETURNING "id"[0m  [["content", "A place where the unknown past and the emergent future meet in a vibrating soundless hum."], ["author", "William Burroughs"], ["category", "philosophical"], ["created_at", "2019-01-23 14:47:45.811222"], ["updated_at", "2019-01-23 14:47:45.811222"]]
  ↳ db/seeds.rb:130
  [1m[35m (31.1ms)[0m  [1m[35mCOMMIT[0m
  ↳ db/seeds.rb:130
  [1m[35m (0.2ms)[0m  [1m[35mBEGIN[0m
  ↳ db/seeds.rb:130
  [1m[36mQuote Create (0.3ms)[0m  [1m[32mINSERT INTO "quotes" ("content", "author", "category", "created_at", "updated_at") VALUES ($1, $2, $3, $4, $5) RETURNING "id"[0m  [["content", "A slow-fade into the silent, imperceptible, ceaseless procession of the stars."], ["author", "Fractalontology"], ["category", "poetry"], ["created_at", "2019-01-23 14:47:45.844005"], ["updated_at", "2019-01-23 14:47:45.844005"]]
  ↳ db/seeds.rb:130
  [1m[35m (32.0ms)[0m  [1m[35mCOMMIT[0m
  ↳ db/seeds.rb:130
  [1m[35m (0.2ms)[0m  [1m[35mBEGIN[0m
  ↳ db/seeds.rb:130
  [1m[36mQuote Create (0.3ms)[0m  [1m[32mINSERT INTO "quotes" ("content", "author", "category", "created_at", "updated_at") VALUES ($1, $2, $3, $4, $5) RETURNING "id"[0m  [["content", "Nodes, clusters, trackbacks, memes... truth follows bandwidth, as sure as use follows invention."], ["author", "Richard Powers"], ["category", "technology"], ["created_at", "2019-01-23 14:47:45.877805"], ["updated_at", "2019-01-23 14:47:45.877805"]]
  ↳ db/seeds.rb:130
  [1m[35m (31.0ms)[0m  [1m[35mCOMMIT[0m
  ↳ db/seeds.rb:130
  [1m[35m (0.2ms)[0m  [1m[35mBEGIN[0m
  ↳ db/seeds.rb:130
  [1m[36mQuote Create (0.3ms)[0m  [1m[32mINSERT INTO "quotes" ("content", "author", "category", "created_at", "updated_at") VALUES ($1, $2, $3, $4, $5) RETURNING "id"[0m  [["content", "The feeling that one is on the edge of many things: that there are many worlds from which we are separated by only a film; that a flick of the wrist, a turn of the body another way will bring us to a new world."], ["author", "Theodore Roethke"], ["category", "philosophical"], ["created_at", "2019-01-23 14:47:45.910647"], ["updated_at", "2019-01-23 14:47:45.910647"]]
  ↳ db/seeds.rb:130
  [1m[35m (76.5ms)[0m  [1m[35mCOMMIT[0m
  ↳ db/seeds.rb:130
  [1m[35m (0.2ms)[0m  [1m[35mBEGIN[0m
  ↳ db/seeds.rb:130
  [1m[36mQuote Create (0.3ms)[0m  [1m[32mINSERT INTO "quotes" ("content", "author", "category", "created_at", "updated_at") VALUES ($1, $2, $3, $4, $5) RETURNING "id"[0m  [["content", "Reality is as thin as paper and betrays with all its cracks its imitative character."], ["author", "Bruno Schulz"], ["category", "philosophical"], ["created_at", "2019-01-23 14:47:45.988846"], ["updated_at", "2019-01-23 14:47:45.988846"]]
  ↳ db/seeds.rb:130
  [1m[35m (31.1ms)[0m  [1m[35mCOMMIT[0m
  ↳ db/seeds.rb:130
Started GET "/quotes" for 127.0.0.1 at 2019-01-23 17:47:58 +0300
  [1m[35m (0.7ms)[0m  [1m[34mSELECT "schema_migrations"."version" FROM "schema_migrations" ORDER BY "schema_migrations"."version" ASC[0m
  ↳ /home/sultan_bs/.rvm/gems/ruby-2.6.0/gems/activerecord-5.2.2/lib/active_record/log_subscriber.rb:98
Processing by QuotesController#index as */*
  Parameters: {"quote"=>{}}
Unpermitted parameter: :quote
  [1m[36mQuote Load (0.7ms)[0m  [1m[34mSELECT "quotes".* FROM "quotes"[0m
  ↳ app/controllers/quotes_controller.rb:5
Completed 200 OK in 24ms (Views: 19.6ms | ActiveRecord: 5.6ms)


Started GET "/quotes?category=motivational" for 127.0.0.1 at 2019-01-23 17:48:24 +0300
Processing by QuotesController#index as */*
  Parameters: {"category"=>"motivational", "quote"=>{}}
Unpermitted parameter: :quote
  [1m[36mQuote Load (0.6ms)[0m  [1m[34mSELECT "quotes".* FROM "quotes" WHERE "quotes"."category" = $1[0m  [["category", "motivational"]]
  ↳ app/controllers/quotes_controller.rb:5
Completed 200 OK in 13ms (Views: 11.1ms | ActiveRecord: 0.6ms)


